[INFO ] 2020-05-20 16:00:58.119 [main] DriverFactory - Test execution starting
[INFO ] 2020-05-20 16:01:02.129 [main] DriverFactory - Driver is initialized
[INFO ] 2020-05-20 16:01:02.129 [main] DriverFactory - Launching Chrome browser
[INFO ] 2020-05-20 16:01:05.084 [main] DriverFactory - Extracting the details from the excel and entering in the required field
[INFO ] 2020-05-20 16:01:09.316 [main] DriverFactory - Entered the details from the excel
[INFO ] 2020-05-20 16:01:15.036 [main] DriverFactory - Closing browser
[INFO ] 2020-05-20 16:01:18.181 [main] DriverFactory - Driver is initialized
[INFO ] 2020-05-20 16:01:18.182 [main] DriverFactory - Launching Chrome browser
[INFO ] 2020-05-20 16:01:24.633 [main] DriverFactory - Entered Date Of Birth
[INFO ] 2020-05-20 16:01:25.368 [main] DriverFactory - Closing browser
[INFO ] 2020-05-20 16:01:28.489 [main] DriverFactory - Driver is initialized
[INFO ] 2020-05-20 16:01:28.489 [main] DriverFactory - Launching Chrome browser
[INFO ] 2020-05-20 16:01:34.333 [main] DriverFactory - Drag and Dropped the item
[INFO ] 2020-05-20 16:01:34.357 [main] DriverFactory - Verified the text
[INFO ] 2020-05-20 16:01:35.032 [main] DriverFactory - Closing browser
[INFO ] 2020-05-20 16:01:38.143 [main] DriverFactory - Driver is initialized
[INFO ] 2020-05-20 16:01:38.144 [main] DriverFactory - Launching Chrome browser
[INFO ] 2020-05-20 16:01:40.291 [main] DriverFactory - Test failed for htmlContactFormNavigation
[INFO ] 2020-05-20 16:01:40.700 [main] DriverFactory - Screenshot available in 'reports' folder
[INFO ] 2020-05-20 16:01:41.417 [main] DriverFactory - Closing browser
[INFO ] 2020-05-20 16:01:44.556 [main] DriverFactory - Driver is initialized
[INFO ] 2020-05-20 16:01:44.557 [main] DriverFactory - Launching Chrome browser
[INFO ] 2020-05-20 16:01:46.790 [main] DriverFactory - Extracting the details from the excel and entering in the required field
[INFO ] 2020-05-20 16:01:51.285 [main] DriverFactory - Entered the details from the excel
[INFO ] 2020-05-20 16:01:51.936 [main] DriverFactory - Closing browser
[INFO ] 2020-05-20 16:01:55.070 [main] DriverFactory - Driver is initialized
[INFO ] 2020-05-20 16:01:55.070 [main] DriverFactory - Launching Chrome browser
[INFO ] 2020-05-20 16:02:00.459 [main] DriverFactory - Item 1
[INFO ] 2020-05-20 16:02:00.563 [main] DriverFactory - Item 2
[INFO ] 2020-05-20 16:02:00.683 [main] DriverFactory - Item 3
[INFO ] 2020-05-20 16:02:00.801 [main] DriverFactory - Item 4
[INFO ] 2020-05-20 16:02:00.921 [main] DriverFactory - Item 5
[INFO ] 2020-05-20 16:02:01.052 [main] DriverFactory - Item 6
[INFO ] 2020-05-20 16:02:01.154 [main] DriverFactory - Item 7
[INFO ] 2020-05-20 16:02:01.834 [main] DriverFactory - Closing browser
[INFO ] 2020-05-20 16:05:12.767 [main] DriverFactory - Test execution starting
[INFO ] 2020-05-20 16:05:16.745 [main] DriverFactory - Driver is initialized
[INFO ] 2020-05-20 16:05:16.746 [main] DriverFactory - Launching Chrome browser
[INFO ] 2020-05-20 16:05:18.942 [main] DriverFactory - Test failed for RentalCar
[INFO ] 2020-05-20 16:05:19.557 [main] DriverFactory - Screenshot available in 'reports' folder
[INFO ] 2020-05-20 16:05:20.193 [main] DriverFactory - Closing browser
[INFO ] 2020-05-20 16:05:23.333 [main] DriverFactory - Driver is initialized
[INFO ] 2020-05-20 16:05:23.333 [main] DriverFactory - Launching Chrome browser
[INFO ] 2020-05-20 16:05:29.543 [main] DriverFactory - Entered Date Of Birth
[INFO ] 2020-05-20 16:05:30.290 [main] DriverFactory - Closing browser
[INFO ] 2020-05-20 16:05:33.405 [main] DriverFactory - Driver is initialized
[INFO ] 2020-05-20 16:05:33.406 [main] DriverFactory - Launching Chrome browser
[INFO ] 2020-05-20 16:05:39.168 [main] DriverFactory - Drag and Dropped the item
[INFO ] 2020-05-20 16:05:39.184 [main] DriverFactory - Verified the text
[INFO ] 2020-05-20 16:05:40.305 [main] DriverFactory - Closing browser
[INFO ] 2020-05-20 16:05:43.434 [main] DriverFactory - Driver is initialized
[INFO ] 2020-05-20 16:05:43.435 [main] DriverFactory - Launching Chrome browser
[INFO ] 2020-05-20 16:05:46.269 [main] DriverFactory - Extracting the details from the excel and entering in the required field
[INFO ] 2020-05-20 16:05:48.611 [main] DriverFactory - Entered the values from the excel
[INFO ] 2020-05-20 16:05:48.736 [main] DriverFactory - Opened google link in the new tab
[INFO ] 2020-05-20 16:05:48.850 [main] DriverFactory - Opened google link is here in the new tab
[INFO ] 2020-05-20 16:05:49.021 [main] DriverFactory - Clicked on submit button
[INFO ] 2020-05-20 16:05:49.706 [main] DriverFactory - Closing browser
[INFO ] 2020-05-20 16:05:52.844 [main] DriverFactory - Driver is initialized
[INFO ] 2020-05-20 16:05:52.844 [main] DriverFactory - Launching Chrome browser
[INFO ] 2020-05-20 16:05:55.015 [main] DriverFactory - Test failed for selectMenu
[INFO ] 2020-05-20 16:05:55.418 [main] DriverFactory - Screenshot available in 'reports' folder
[INFO ] 2020-05-20 16:05:56.051 [main] DriverFactory - Closing browser
[INFO ] 2020-05-20 16:05:59.196 [main] DriverFactory - Driver is initialized
[INFO ] 2020-05-20 16:05:59.197 [main] DriverFactory - Launching Chrome browser
[INFO ] 2020-05-20 16:06:05.875 [main] DriverFactory - Item 1
[INFO ] 2020-05-20 16:06:05.987 [main] DriverFactory - Item 2
[INFO ] 2020-05-20 16:06:06.090 [main] DriverFactory - Item 3
[INFO ] 2020-05-20 16:06:06.199 [main] DriverFactory - Item 4
[INFO ] 2020-05-20 16:06:06.295 [main] DriverFactory - Item 5
[INFO ] 2020-05-20 16:06:06.395 [main] DriverFactory - Item 6
[INFO ] 2020-05-20 16:06:06.493 [main] DriverFactory - Item 7
[INFO ] 2020-05-20 16:06:07.139 [main] DriverFactory - Closing browser
[INFO ] 2020-05-20 16:07:24.225 [main] DriverFactory - Test execution starting
[INFO ] 2020-05-20 16:07:28.220 [main] DriverFactory - Driver is initialized
[INFO ] 2020-05-20 16:07:28.221 [main] DriverFactory - Launching Chrome browser
[INFO ] 2020-05-20 16:07:31.312 [main] DriverFactory - Extracting the details from the excel and entering in the required field
[INFO ] 2020-05-20 16:07:35.629 [main] DriverFactory - Entered the details from the excel
[INFO ] 2020-05-20 16:07:41.325 [main] DriverFactory - Closing browser
[INFO ] 2020-05-20 16:07:44.455 [main] DriverFactory - Driver is initialized
[INFO ] 2020-05-20 16:07:44.455 [main] DriverFactory - Launching Chrome browser
[INFO ] 2020-05-20 16:07:50.866 [main] DriverFactory - Entered Date Of Birth
[INFO ] 2020-05-20 16:07:52.378 [main] DriverFactory - Closing browser
[INFO ] 2020-05-20 16:07:55.537 [main] DriverFactory - Driver is initialized
[INFO ] 2020-05-20 16:07:55.538 [main] DriverFactory - Launching Chrome browser
[INFO ] 2020-05-20 16:08:03.238 [main] DriverFactory - Drag and Dropped the item
[INFO ] 2020-05-20 16:08:03.254 [main] DriverFactory - Verified the text
[INFO ] 2020-05-20 16:08:03.932 [main] DriverFactory - Closing browser
[INFO ] 2020-05-20 16:08:07.067 [main] DriverFactory - Driver is initialized
[INFO ] 2020-05-20 16:08:07.068 [main] DriverFactory - Launching Chrome browser
[INFO ] 2020-05-20 16:08:09.307 [main] DriverFactory - Extracting the details from the excel and entering in the required field
[INFO ] 2020-05-20 16:08:12.481 [main] DriverFactory - Entered the values from the excel
[INFO ] 2020-05-20 16:08:12.609 [main] DriverFactory - Opened google link in the new tab
[INFO ] 2020-05-20 16:08:12.728 [main] DriverFactory - Opened google link is here in the new tab
[INFO ] 2020-05-20 16:08:12.899 [main] DriverFactory - Clicked on submit button
[INFO ] 2020-05-20 16:08:13.598 [main] DriverFactory - Closing browser
[INFO ] 2020-05-20 16:08:16.765 [main] DriverFactory - Driver is initialized
[INFO ] 2020-05-20 16:08:16.765 [main] DriverFactory - Launching Chrome browser
[INFO ] 2020-05-20 16:08:18.963 [main] DriverFactory - Extracting the details from the excel and entering in the required field
[INFO ] 2020-05-20 16:08:23.501 [main] DriverFactory - Entered the details from the excel
[INFO ] 2020-05-20 16:08:24.176 [main] DriverFactory - Closing browser
[INFO ] 2020-05-20 16:08:27.309 [main] DriverFactory - Driver is initialized
[INFO ] 2020-05-20 16:08:27.310 [main] DriverFactory - Launching Chrome browser
[INFO ] 2020-05-20 16:08:33.219 [main] DriverFactory - Item 1
[INFO ] 2020-05-20 16:08:33.321 [main] DriverFactory - Item 2
[INFO ] 2020-05-20 16:08:33.418 [main] DriverFactory - Item 3
[INFO ] 2020-05-20 16:08:33.532 [main] DriverFactory - Item 4
[INFO ] 2020-05-20 16:08:33.632 [main] DriverFactory - Item 5
[INFO ] 2020-05-20 16:08:33.752 [main] DriverFactory - Item 6
[INFO ] 2020-05-20 16:08:33.874 [main] DriverFactory - Item 7
[INFO ] 2020-05-20 16:08:34.566 [main] DriverFactory - Closing browser
[INFO ] 2020-05-20 21:18:29.714 [main] DriverFactory - Driver is initialized
[INFO ] 2020-05-20 21:18:29.718 [main] DriverFactory - Launching Chrome browser
[INFO ] 2020-05-20 21:18:32.444 [main] DriverFactory - Extracting the details from the excel and entering in the required field
[INFO ] 2020-05-20 21:18:35.821 [main] DriverFactory - Entered the details from the excel
[INFO ] 2020-05-20 21:19:03.610 [main] DriverFactory - Driver is initialized
[INFO ] 2020-05-20 21:19:03.613 [main] DriverFactory - Launching Chrome browser
[INFO ] 2020-05-20 21:19:06.344 [main] DriverFactory - Extracting the details from the excel and entering in the required field
[INFO ] 2020-05-20 21:19:09.584 [main] DriverFactory - Entered the details from the excel
[INFO ] 2020-05-20 21:21:52.744 [main] DriverFactory - Driver is initialized
[INFO ] 2020-05-20 21:21:52.746 [main] DriverFactory - Launching Chrome browser
[INFO ] 2020-05-20 21:21:55.498 [main] DriverFactory - Closing browser
[INFO ] 2020-05-20 21:21:58.541 [main] DriverFactory - Driver is initialized
[INFO ] 2020-05-20 21:21:58.541 [main] DriverFactory - Launching Chrome browser
[INFO ] 2020-05-20 21:25:00.376 [main] DriverFactory - Driver is initialized
[INFO ] 2020-05-20 21:25:00.379 [main] DriverFactory - Launching Chrome browser
[INFO ] 2020-05-20 21:25:03.184 [main] DriverFactory - Closing browser
[INFO ] 2020-05-20 21:25:06.216 [main] DriverFactory - Driver is initialized
[INFO ] 2020-05-20 21:25:06.216 [main] DriverFactory - Launching Chrome browser
[INFO ] 2020-05-20 21:25:08.973 [main] DriverFactory - Closing browser
[INFO ] 2020-05-20 21:25:12.038 [main] DriverFactory - Driver is initialized
[INFO ] 2020-05-20 21:25:12.038 [main] DriverFactory - Launching Chrome browser
[INFO ] 2020-05-20 21:25:14.805 [main] DriverFactory - Closing browser
[INFO ] 2020-05-20 21:25:17.860 [main] DriverFactory - Driver is initialized
[INFO ] 2020-05-20 21:25:17.861 [main] DriverFactory - Launching Chrome browser
[INFO ] 2020-05-20 21:25:20.614 [main] DriverFactory - Closing browser
[INFO ] 2020-05-20 21:25:23.650 [main] DriverFactory - Driver is initialized
[INFO ] 2020-05-20 21:25:23.650 [main] DriverFactory - Launching Chrome browser
[INFO ] 2020-05-20 21:25:27.002 [main] DriverFactory - Closing browser
[INFO ] 2020-05-20 21:25:30.032 [main] DriverFactory - Driver is initialized
[INFO ] 2020-05-20 21:25:30.032 [main] DriverFactory - Launching Chrome browser
[INFO ] 2020-05-20 21:25:32.789 [main] DriverFactory - Closing browser
[INFO ] 2020-05-20 23:50:13.268 [main] DriverFactory - Test execution starting
[INFO ] 2020-05-20 23:50:17.479 [main] DriverFactory - Driver is initialized
[INFO ] 2020-05-20 23:50:17.480 [main] DriverFactory - Launching Chrome browser
[INFO ] 2020-05-20 23:50:20.542 [main] DriverFactory - Extracting the details from the excel and entering in the required field
[INFO ] 2020-05-20 23:50:24.791 [main] DriverFactory - Entered the details from the excel
[INFO ] 2020-05-20 23:50:30.519 [main] DriverFactory - Closing browser
[INFO ] 2020-05-20 23:50:33.667 [main] DriverFactory - Driver is initialized
[INFO ] 2020-05-20 23:50:33.668 [main] DriverFactory - Launching Chrome browser
[INFO ] 2020-05-20 23:50:39.620 [main] DriverFactory - Entered Date Of Birth
[INFO ] 2020-05-20 23:50:40.369 [main] DriverFactory - Closing browser
[INFO ] 2020-05-20 23:50:43.504 [main] DriverFactory - Driver is initialized
[INFO ] 2020-05-20 23:50:43.505 [main] DriverFactory - Launching Chrome browser
[INFO ] 2020-05-20 23:50:49.444 [main] DriverFactory - Drag and Dropped the item
[INFO ] 2020-05-20 23:50:49.462 [main] DriverFactory - Verified the text
[INFO ] 2020-05-20 23:50:50.137 [main] DriverFactory - Closing browser
[INFO ] 2020-05-20 23:50:53.286 [main] DriverFactory - Driver is initialized
[INFO ] 2020-05-20 23:50:53.287 [main] DriverFactory - Launching Chrome browser
[INFO ] 2020-05-20 23:50:55.487 [main] DriverFactory - Extracting the details from the excel and entering in the required field
[INFO ] 2020-05-20 23:50:58.224 [main] DriverFactory - Entered the values from the excel
[INFO ] 2020-05-20 23:50:58.333 [main] DriverFactory - Opened google link in the new tab
[INFO ] 2020-05-20 23:50:58.455 [main] DriverFactory - Opened google link is here in the new tab
[INFO ] 2020-05-20 23:50:58.674 [main] DriverFactory - Clicked on submit button
[INFO ] 2020-05-20 23:50:59.371 [main] DriverFactory - Closing browser
[INFO ] 2020-05-20 23:51:02.573 [main] DriverFactory - Driver is initialized
[INFO ] 2020-05-20 23:51:02.573 [main] DriverFactory - Launching Chrome browser
[INFO ] 2020-05-20 23:51:04.801 [main] DriverFactory - Extracting the details from the excel and entering in the required field
[INFO ] 2020-05-20 23:51:08.970 [main] DriverFactory - Entered the details from the excel
[INFO ] 2020-05-20 23:51:09.627 [main] DriverFactory - Closing browser
[INFO ] 2020-05-20 23:51:12.738 [main] DriverFactory - Driver is initialized
[INFO ] 2020-05-20 23:51:12.738 [main] DriverFactory - Launching Chrome browser
[INFO ] 2020-05-20 23:51:18.314 [main] DriverFactory - Item 1
[INFO ] 2020-05-20 23:51:18.409 [main] DriverFactory - Item 2
[INFO ] 2020-05-20 23:51:18.499 [main] DriverFactory - Item 3
[INFO ] 2020-05-20 23:51:18.588 [main] DriverFactory - Item 4
[INFO ] 2020-05-20 23:51:18.670 [main] DriverFactory - Item 5
[INFO ] 2020-05-20 23:51:18.752 [main] DriverFactory - Item 6
[INFO ] 2020-05-20 23:51:18.838 [main] DriverFactory - Item 7
[INFO ] 2020-05-20 23:51:19.532 [main] DriverFactory - Closing browser
