[INFO ] 2020-05-15 00:49:50.420 [main] DriverFactory - Driver is initialized
[INFO ] 2020-05-15 00:49:50.440 [main] DriverFactory - Launching Chrome browser
[INFO ] 2020-05-15 00:49:52.632 [main] DriverFactory - url launched: https://www.olay.co.uk/en-gb
[INFO ] 2020-05-15 00:50:14.237 [main] DriverFactory - Closing browser
[INFO ] 2020-05-15 00:51:35.012 [main] DriverFactory - Driver is initialized
[INFO ] 2020-05-15 00:51:35.023 [main] DriverFactory - Launching Chrome browser
[INFO ] 2020-05-15 00:51:37.213 [main] DriverFactory - url launched: https://www.olay.co.uk/en-gb
[INFO ] 2020-05-15 00:51:57.715 [main] DriverFactory - Closing browser
[INFO ] 2020-05-15 00:55:16.665 [main] DriverFactory - Driver is initialized
[INFO ] 2020-05-15 00:55:16.672 [main] DriverFactory - Launching Chrome browser
[INFO ] 2020-05-15 00:55:18.838 [main] DriverFactory - url launched: https://www.olay.co.uk/en-gb
[INFO ] 2020-05-15 00:55:39.792 [main] DriverFactory - Closing browser
[INFO ] 2020-05-15 01:19:46.178 [main] DriverFactory - Driver is initialized
[INFO ] 2020-05-15 01:19:46.184 [main] DriverFactory - Launching Chrome browser
[INFO ] 2020-05-15 01:19:48.343 [main] DriverFactory - url launched: https://www.olay.co.uk/en-gb
[INFO ] 2020-05-15 01:20:10.355 [main] DriverFactory - Closing browser
[INFO ] 2020-05-15 01:20:43.623 [main] DriverFactory - Driver is initialized
[INFO ] 2020-05-15 01:20:43.629 [main] DriverFactory - Launching Chrome browser
[INFO ] 2020-05-15 01:20:45.832 [main] DriverFactory - url launched: https://www.olay.co.uk/en-gb
[INFO ] 2020-05-15 01:21:07.494 [main] DriverFactory - Closing browser
[INFO ] 2020-05-15 01:21:10.730 [main] DriverFactory - Driver is initialized
[INFO ] 2020-05-15 01:21:10.731 [main] DriverFactory - Launching Chrome browser
[INFO ] 2020-05-15 01:21:12.903 [main] DriverFactory - url launched: https://www.olaz.de/de-de
[INFO ] 2020-05-15 01:35:38.612 [main] DriverFactory - Driver is initialized
[INFO ] 2020-05-15 01:35:38.619 [main] DriverFactory - Launching Chrome browser
[INFO ] 2020-05-15 01:35:40.790 [main] DriverFactory - url launched: https://www.olay.co.uk/en-gb
[INFO ] 2020-05-15 01:36:21.409 [main] DriverFactory - Driver is initialized
[INFO ] 2020-05-15 01:36:21.417 [main] DriverFactory - Launching Chrome browser
[INFO ] 2020-05-15 01:36:23.605 [main] DriverFactory - url launched: https://www.olay.co.uk/en-gb
[INFO ] 2020-05-15 01:36:58.035 [main] DriverFactory - Driver is initialized
[INFO ] 2020-05-15 01:36:58.041 [main] DriverFactory - Launching Chrome browser
[INFO ] 2020-05-15 01:37:00.208 [main] DriverFactory - url launched: https://www.olay.co.uk/en-gb
[INFO ] 2020-05-15 01:41:49.193 [main] DriverFactory - Driver is initialized
[INFO ] 2020-05-15 01:41:49.198 [main] DriverFactory - Launching Chrome browser
[INFO ] 2020-05-15 01:41:51.379 [main] DriverFactory - url launched: https://www.olay.co.uk/en-gb
[INFO ] 2020-05-15 01:43:26.364 [main] DriverFactory - Driver is initialized
[INFO ] 2020-05-15 01:43:26.371 [main] DriverFactory - Launching Chrome browser
[INFO ] 2020-05-15 01:43:28.551 [main] DriverFactory - url launched: https://www.olay.co.uk/en-gb
[INFO ] 2020-05-15 01:46:03.531 [main] DriverFactory - Driver is initialized
[INFO ] 2020-05-15 01:46:03.537 [main] DriverFactory - Launching Chrome browser
[INFO ] 2020-05-15 01:46:05.711 [main] DriverFactory - url launched: https://www.olay.co.uk/en-gb
[INFO ] 2020-05-15 01:46:28.004 [main] DriverFactory - Closing browser
[INFO ] 2020-05-15 01:47:15.074 [main] DriverFactory - Driver is initialized
[INFO ] 2020-05-15 01:47:15.077 [main] DriverFactory - Launching Chrome browser
[INFO ] 2020-05-15 01:47:17.231 [main] DriverFactory - url launched: https://www.olay.co.uk/en-gb
[INFO ] 2020-05-15 01:47:28.855 [main] DriverFactory - Closing browser
[INFO ] 2020-05-15 01:47:32.087 [main] DriverFactory - Driver is initialized
[INFO ] 2020-05-15 01:47:32.087 [main] DriverFactory - Launching Chrome browser
[INFO ] 2020-05-15 01:48:35.001 [main] DriverFactory - Driver is initialized
[INFO ] 2020-05-15 01:48:35.010 [main] DriverFactory - Launching Chrome browser
[INFO ] 2020-05-15 01:48:37.175 [main] DriverFactory - url launched: https://www.olay.co.uk/en-gb
[INFO ] 2020-05-15 01:48:49.773 [main] DriverFactory - Closing browser
[INFO ] 2020-05-15 01:48:53.001 [main] DriverFactory - Driver is initialized
[INFO ] 2020-05-15 01:48:53.001 [main] DriverFactory - Launching Chrome browser
[INFO ] 2020-05-15 01:54:05.159 [main] DriverFactory - Driver is initialized
[INFO ] 2020-05-15 01:54:05.166 [main] DriverFactory - Launching Chrome browser
[INFO ] 2020-05-15 01:54:07.347 [main] DriverFactory - url launched: https://www.olay.co.uk/en-gb
[INFO ] 2020-05-15 01:54:19.433 [main] DriverFactory - Closing browser
[INFO ] 2020-05-15 01:54:22.639 [main] DriverFactory - Driver is initialized
[INFO ] 2020-05-15 01:54:22.639 [main] DriverFactory - Launching Chrome browser
[INFO ] 2020-05-15 01:54:43.146 [main] DriverFactory - Driver is initialized
[INFO ] 2020-05-15 01:54:43.149 [main] DriverFactory - Launching Chrome browser
[INFO ] 2020-05-15 01:54:45.315 [main] DriverFactory - url launched: https://www.olay.co.uk/en-gb
[INFO ] 2020-05-15 01:54:57.403 [main] DriverFactory - Closing browser
[INFO ] 2020-05-15 01:55:00.665 [main] DriverFactory - Driver is initialized
[INFO ] 2020-05-15 01:55:00.665 [main] DriverFactory - Launching Chrome browser
[INFO ] 2020-05-15 01:55:02.822 [main] DriverFactory - url launched: https://www.olaz.de/de-de
[INFO ] 2020-05-15 01:55:32.904 [main] DriverFactory - Closing browser
[INFO ] 2020-05-15 01:55:36.052 [main] DriverFactory - Driver is initialized
[INFO ] 2020-05-15 01:55:36.052 [main] DriverFactory - Launching Chrome browser
[INFO ] 2020-05-15 01:55:38.216 [main] DriverFactory - url launched: https://www.olay.es/es-es
[INFO ] 2020-05-15 01:56:08.344 [main] DriverFactory - Closing browser
[INFO ] 2020-05-15 02:02:38.608 [main] DriverFactory - Driver is initialized
[INFO ] 2020-05-15 02:02:38.614 [main] DriverFactory - Launching Chrome browser
[INFO ] 2020-05-15 02:02:40.788 [main] DriverFactory - url launched: https://www.olay.co.uk/en-gb
[INFO ] 2020-05-15 02:03:11.802 [main] DriverFactory - Closing browser
[INFO ] 2020-05-15 02:03:14.981 [main] DriverFactory - Driver is initialized
[INFO ] 2020-05-15 02:03:14.981 [main] DriverFactory - Launching Chrome browser
[INFO ] 2020-05-15 02:03:17.133 [main] DriverFactory - url launched: https://www.olaz.de/de-de
[INFO ] 2020-05-15 02:03:46.901 [main] DriverFactory - Closing browser
[INFO ] 2020-05-15 02:03:50.062 [main] DriverFactory - Driver is initialized
[INFO ] 2020-05-15 02:03:50.062 [main] DriverFactory - Launching Chrome browser
[INFO ] 2020-05-15 02:03:52.198 [main] DriverFactory - url launched: https://www.olay.es/es-es
[INFO ] 2020-05-15 02:04:21.966 [main] DriverFactory - Closing browser
[INFO ] 2020-05-15 02:12:42.308 [main] DriverFactory - Driver is initialized
[INFO ] 2020-05-15 02:12:42.314 [main] DriverFactory - Launching Chrome browser
[INFO ] 2020-05-15 02:12:44.486 [main] DriverFactory - url launched: https://www.olay.co.uk/en-gb
[INFO ] 2020-05-15 02:13:15.719 [main] DriverFactory - Closing browser
[INFO ] 2020-05-15 02:16:35.401 [main] DriverFactory - Driver is initialized
[INFO ] 2020-05-15 02:16:35.406 [main] DriverFactory - Launching Chrome browser
[INFO ] 2020-05-15 02:16:37.563 [main] DriverFactory - url launched: https://www.olay.co.uk/en-gb
[INFO ] 2020-05-15 02:16:49.026 [main] DriverFactory - Closing browser
[INFO ] 2020-05-15 02:18:40.706 [main] DriverFactory - Driver is initialized
[INFO ] 2020-05-15 02:18:40.712 [main] DriverFactory - Launching Chrome browser
[INFO ] 2020-05-15 02:18:42.878 [main] DriverFactory - url launched: https://www.olay.co.uk/en-gb
[INFO ] 2020-05-15 02:18:54.844 [main] DriverFactory - Closing browser
[INFO ] 2020-05-15 02:23:39.749 [main] DriverFactory - Driver is initialized
[INFO ] 2020-05-15 02:23:39.755 [main] DriverFactory - Launching Chrome browser
[INFO ] 2020-05-15 02:23:41.937 [main] DriverFactory - url launched: https://www.olay.co.uk/en-gb
[INFO ] 2020-05-15 02:23:48.921 [main] DriverFactory - Closing browser
[INFO ] 2020-05-15 02:24:12.706 [main] DriverFactory - Driver is initialized
[INFO ] 2020-05-15 02:24:12.711 [main] DriverFactory - Launching Chrome browser
[INFO ] 2020-05-15 02:24:14.894 [main] DriverFactory - url launched: https://www.olay.co.uk/en-gb
[INFO ] 2020-05-15 02:24:26.107 [main] DriverFactory - Closing browser
[INFO ] 2020-05-15 02:49:29.923 [main] DriverFactory - Driver is initialized
[INFO ] 2020-05-15 02:49:29.929 [main] DriverFactory - Launching Chrome browser
[INFO ] 2020-05-15 02:49:32.106 [main] DriverFactory - url launched: https://www.olay.co.uk/en-gb
[INFO ] 2020-05-15 02:52:03.752 [main] DriverFactory - Driver is initialized
[INFO ] 2020-05-15 02:52:03.761 [main] DriverFactory - Launching Chrome browser
[INFO ] 2020-05-15 02:52:05.923 [main] DriverFactory - url launched: https://www.olay.co.uk/en-gb
[INFO ] 2020-05-15 02:52:32.640 [main] DriverFactory - Closing browser
[INFO ] 2020-05-15 02:52:35.811 [main] DriverFactory - Driver is initialized
[INFO ] 2020-05-15 02:52:35.812 [main] DriverFactory - Launching Chrome browser
[INFO ] 2020-05-15 02:53:34.796 [main] DriverFactory - Driver is initialized
[INFO ] 2020-05-15 02:53:34.802 [main] DriverFactory - Launching Chrome browser
[INFO ] 2020-05-15 02:53:36.997 [main] DriverFactory - url launched: https://www.olay.co.uk/en-gb
[INFO ] 2020-05-15 02:54:49.399 [main] DriverFactory - Driver is initialized
[INFO ] 2020-05-15 02:54:49.403 [main] DriverFactory - Launching Chrome browser
[INFO ] 2020-05-15 02:54:51.575 [main] DriverFactory - url launched: https://www.olay.co.uk/en-gb
[INFO ] 2020-05-15 02:56:53.984 [main] DriverFactory - Driver is initialized
[INFO ] 2020-05-15 02:56:53.990 [main] DriverFactory - Launching Chrome browser
[INFO ] 2020-05-15 02:56:56.153 [main] DriverFactory - url launched: https://www.olay.co.uk/en-gb
[INFO ] 2020-05-15 02:57:22.374 [main] DriverFactory - Closing browser
[INFO ] 2020-05-15 02:57:25.528 [main] DriverFactory - Driver is initialized
[INFO ] 2020-05-15 02:57:25.528 [main] DriverFactory - Launching Chrome browser
[INFO ] 2020-05-15 02:57:27.680 [main] DriverFactory - url launched: https://www.olaz.de/de-de
[INFO ] 2020-05-15 02:57:32.324 [main] DriverFactory - Closing browser
[INFO ] 2020-05-15 02:57:35.504 [main] DriverFactory - Driver is initialized
[INFO ] 2020-05-15 02:57:35.504 [main] DriverFactory - Launching Chrome browser
[INFO ] 2020-05-15 02:57:37.659 [main] DriverFactory - url launched: https://www.olay.es/es-es
[INFO ] 2020-05-15 02:58:01.851 [main] DriverFactory - Closing browser
[INFO ] 2020-05-15 02:59:08.102 [main] DriverFactory - Driver is initialized
[INFO ] 2020-05-15 02:59:08.106 [main] DriverFactory - Launching Chrome browser
[INFO ] 2020-05-15 02:59:10.262 [main] DriverFactory - url launched: https://www.olay.co.uk/en-gb
[INFO ] 2020-05-15 03:00:08.695 [main] DriverFactory - Driver is initialized
[INFO ] 2020-05-15 03:00:08.701 [main] DriverFactory - Launching Chrome browser
[INFO ] 2020-05-15 03:00:10.853 [main] DriverFactory - url launched: https://www.olay.co.uk/en-gb
[INFO ] 2020-05-15 03:00:15.892 [main] DriverFactory - Closing browser
[INFO ] 2020-05-15 03:00:19.063 [main] DriverFactory - Driver is initialized
[INFO ] 2020-05-15 03:00:19.063 [main] DriverFactory - Launching Chrome browser
[INFO ] 2020-05-15 03:00:21.227 [main] DriverFactory - url launched: https://www.olaz.de/de-de
[INFO ] 2020-05-15 03:00:38.608 [main] DriverFactory - Driver is initialized
[INFO ] 2020-05-15 03:00:38.614 [main] DriverFactory - Launching Chrome browser
[INFO ] 2020-05-15 03:00:40.791 [main] DriverFactory - url launched: https://www.olay.co.uk/en-gb
[INFO ] 2020-05-15 03:01:06.957 [main] DriverFactory - Closing browser
[INFO ] 2020-05-15 03:01:38.570 [main] DriverFactory - Driver is initialized
[INFO ] 2020-05-15 03:01:38.574 [main] DriverFactory - Launching Chrome browser
[INFO ] 2020-05-15 03:01:40.743 [main] DriverFactory - url launched: https://www.olay.co.uk/en-gb
[INFO ] 2020-05-15 03:01:48.052 [main] DriverFactory - Closing browser
[INFO ] 2020-05-15 03:01:51.220 [main] DriverFactory - Driver is initialized
[INFO ] 2020-05-15 03:01:51.221 [main] DriverFactory - Launching Chrome browser
[INFO ] 2020-05-15 03:01:53.365 [main] DriverFactory - url launched: https://www.olaz.de/de-de
[INFO ] 2020-05-15 03:01:58.047 [main] DriverFactory - Closing browser
[INFO ] 2020-05-15 03:02:01.192 [main] DriverFactory - Driver is initialized
[INFO ] 2020-05-15 03:02:01.193 [main] DriverFactory - Launching Chrome browser
[INFO ] 2020-05-15 03:02:03.362 [main] DriverFactory - url launched: https://www.olay.es/es-es
[INFO ] 2020-05-15 03:02:27.383 [main] DriverFactory - Closing browser
[INFO ] 2020-05-15 03:07:08.300 [main] DriverFactory - Driver is initialized
[INFO ] 2020-05-15 03:07:08.304 [main] DriverFactory - Launching Chrome browser
[INFO ] 2020-05-15 03:07:10.478 [main] DriverFactory - url launched: https://www.olay.co.uk/en-gb
[INFO ] 2020-05-15 03:07:18.220 [main] DriverFactory - Closing browser
[INFO ] 2020-05-15 03:07:21.435 [main] DriverFactory - Driver is initialized
[INFO ] 2020-05-15 03:07:21.436 [main] DriverFactory - Launching Chrome browser
[INFO ] 2020-05-15 03:07:23.584 [main] DriverFactory - url launched: https://www.olaz.de/de-de
[INFO ] 2020-05-15 03:07:28.155 [main] DriverFactory - Closing browser
[INFO ] 2020-05-15 03:07:31.388 [main] DriverFactory - Driver is initialized
[INFO ] 2020-05-15 03:07:31.388 [main] DriverFactory - Launching Chrome browser
[INFO ] 2020-05-15 03:07:33.539 [main] DriverFactory - url launched: https://www.olay.es/es-es
[INFO ] 2020-05-15 03:07:57.996 [main] DriverFactory - Closing browser
[INFO ] 2020-05-15 03:13:22.390 [main] DriverFactory - Driver is initialized
[INFO ] 2020-05-15 03:13:22.396 [main] DriverFactory - Launching Chrome browser
[INFO ] 2020-05-15 03:13:24.552 [main] DriverFactory - url launched: https://www.olay.co.uk/en-gb
[INFO ] 2020-05-15 03:13:52.752 [main] DriverFactory - Closing browser
[INFO ] 2020-05-15 03:13:56.006 [main] DriverFactory - Driver is initialized
[INFO ] 2020-05-15 03:13:56.006 [main] DriverFactory - Launching Chrome browser
[INFO ] 2020-05-15 03:13:58.177 [main] DriverFactory - url launched: https://www.olaz.de/de-de
[INFO ] 2020-05-15 03:14:09.570 [main] DriverFactory - Driver is initialized
[INFO ] 2020-05-15 03:14:09.575 [main] DriverFactory - Launching Chrome browser
[INFO ] 2020-05-15 03:14:11.742 [main] DriverFactory - url launched: https://www.olay.co.uk/en-gb
[INFO ] 2020-05-15 03:14:38.623 [main] DriverFactory - Closing browser
[INFO ] 2020-05-15 03:14:51.495 [main] DriverFactory - Driver is initialized
[INFO ] 2020-05-15 03:14:51.499 [main] DriverFactory - Launching Chrome browser
[INFO ] 2020-05-15 03:14:53.671 [main] DriverFactory - url launched: https://www.olay.co.uk/en-gb
[INFO ] 2020-05-15 03:15:09.202 [main] DriverFactory - Closing browser
[INFO ] 2020-05-15 03:18:21.541 [main] DriverFactory - Driver is initialized
[INFO ] 2020-05-15 03:18:21.547 [main] DriverFactory - Launching Chrome browser
[INFO ] 2020-05-15 03:18:23.704 [main] DriverFactory - url launched: https://www.olay.co.uk/en-gb
[INFO ] 2020-05-15 03:18:39.436 [main] DriverFactory - Closing browser
[INFO ] 2020-05-15 03:19:23.194 [main] DriverFactory - Driver is initialized
[INFO ] 2020-05-15 03:19:23.198 [main] DriverFactory - Launching Chrome browser
[INFO ] 2020-05-15 03:19:25.354 [main] DriverFactory - url launched: https://www.olay.co.uk/en-gb
[INFO ] 2020-05-15 03:19:41.471 [main] DriverFactory - Closing browser
[INFO ] 2020-05-15 03:19:44.668 [main] DriverFactory - Driver is initialized
[INFO ] 2020-05-15 03:19:44.668 [main] DriverFactory - Launching Chrome browser
[INFO ] 2020-05-15 03:19:46.821 [main] DriverFactory - url launched: https://www.olaz.de/de-de
[INFO ] 2020-05-15 03:19:51.976 [main] DriverFactory - Closing browser
[INFO ] 2020-05-15 03:23:05.214 [main] DriverFactory - Driver is initialized
[INFO ] 2020-05-15 03:23:05.217 [main] DriverFactory - Launching Chrome browser
[INFO ] 2020-05-15 03:23:07.371 [main] DriverFactory - url launched: https://www.olay.co.uk/en-gb
[INFO ] 2020-05-15 03:23:32.531 [main] DriverFactory - Closing browser
[INFO ] 2020-05-15 03:23:35.674 [main] DriverFactory - Driver is initialized
[INFO ] 2020-05-15 03:23:35.674 [main] DriverFactory - Launching Chrome browser
[INFO ] 2020-05-15 03:23:37.819 [main] DriverFactory - url launched: https://www.olaz.de/de-de
[INFO ] 2020-05-15 03:23:42.705 [main] DriverFactory - Closing browser
[INFO ] 2020-05-15 03:25:07.494 [main] DriverFactory - Driver is initialized
[INFO ] 2020-05-15 03:25:07.500 [main] DriverFactory - Launching Chrome browser
[INFO ] 2020-05-15 03:25:09.670 [main] DriverFactory - url launched: https://www.olay.co.uk/en-gb
[INFO ] 2020-05-15 03:25:24.659 [main] DriverFactory - Closing browser
[INFO ] 2020-05-15 03:25:27.821 [main] DriverFactory - Driver is initialized
[INFO ] 2020-05-15 03:25:27.821 [main] DriverFactory - Launching Chrome browser
[INFO ] 2020-05-15 03:25:29.977 [main] DriverFactory - url launched: https://www.olaz.de/de-de
[INFO ] 2020-05-15 03:25:34.627 [main] DriverFactory - Closing browser
[INFO ] 2020-05-15 03:27:01.495 [main] DriverFactory - Driver is initialized
[INFO ] 2020-05-15 03:27:01.501 [main] DriverFactory - Launching Chrome browser
[INFO ] 2020-05-15 03:27:03.676 [main] DriverFactory - url launched: https://www.olay.co.uk/en-gb
[INFO ] 2020-05-15 03:27:18.925 [main] DriverFactory - Closing browser
[INFO ] 2020-05-15 03:27:22.103 [main] DriverFactory - Driver is initialized
[INFO ] 2020-05-15 03:27:22.103 [main] DriverFactory - Launching Chrome browser
[INFO ] 2020-05-15 03:27:24.244 [main] DriverFactory - url launched: https://www.olaz.de/de-de
[INFO ] 2020-05-15 03:27:46.678 [main] DriverFactory - Closing browser
[INFO ] 2020-05-15 03:28:56.375 [main] DriverFactory - Driver is initialized
[INFO ] 2020-05-15 03:28:56.381 [main] DriverFactory - Launching Chrome browser
[INFO ] 2020-05-15 03:28:58.539 [main] DriverFactory - url launched: https://www.olay.co.uk/en-gb
[INFO ] 2020-05-15 03:29:13.257 [main] DriverFactory - Closing browser
[INFO ] 2020-05-15 03:29:16.429 [main] DriverFactory - Driver is initialized
[INFO ] 2020-05-15 03:29:16.429 [main] DriverFactory - Launching Chrome browser
[INFO ] 2020-05-15 03:29:18.587 [main] DriverFactory - url launched: https://www.olaz.de/de-de
[INFO ] 2020-05-15 03:29:40.992 [main] DriverFactory - Closing browser
[INFO ] 2020-05-15 03:31:19.166 [main] DriverFactory - Driver is initialized
[INFO ] 2020-05-15 03:31:19.172 [main] DriverFactory - Launching Chrome browser
[INFO ] 2020-05-15 03:31:21.353 [main] DriverFactory - url launched: https://www.olay.co.uk/en-gb
[INFO ] 2020-05-15 03:31:36.632 [main] DriverFactory - Closing browser
[INFO ] 2020-05-15 03:31:39.835 [main] DriverFactory - Driver is initialized
[INFO ] 2020-05-15 03:31:39.835 [main] DriverFactory - Launching Chrome browser
[INFO ] 2020-05-15 03:31:41.979 [main] DriverFactory - url launched: https://www.olaz.de/de-de
[INFO ] 2020-05-15 03:31:52.880 [main] DriverFactory - Closing browser
[INFO ] 2020-05-15 03:37:00.380 [main] DriverFactory - Driver is initialized
[INFO ] 2020-05-15 03:37:00.386 [main] DriverFactory - Launching Chrome browser
[INFO ] 2020-05-15 03:37:02.557 [main] DriverFactory - url launched: https://www.olay.co.uk/en-gb
[INFO ] 2020-05-15 03:37:21.984 [main] DriverFactory - Closing browser
[INFO ] 2020-05-15 03:37:25.158 [main] DriverFactory - Driver is initialized
[INFO ] 2020-05-15 03:37:25.158 [main] DriverFactory - Launching Chrome browser
[INFO ] 2020-05-15 03:37:27.324 [main] DriverFactory - url launched: https://www.olaz.de/de-de
[INFO ] 2020-05-15 03:37:37.764 [main] DriverFactory - Closing browser
[INFO ] 2020-05-15 03:44:37.753 [main] DriverFactory - Driver is initialized
[INFO ] 2020-05-15 03:44:37.759 [main] DriverFactory - Launching Chrome browser
[INFO ] 2020-05-15 03:44:39.918 [main] DriverFactory - url launched: https://www.olay.co.uk/en-gb
[INFO ] 2020-05-15 03:44:56.812 [main] DriverFactory - Closing browser
[INFO ] 2020-05-15 03:44:59.975 [main] DriverFactory - Driver is initialized
[INFO ] 2020-05-15 03:44:59.976 [main] DriverFactory - Launching Chrome browser
[INFO ] 2020-05-15 03:45:02.112 [main] DriverFactory - url launched: https://www.olaz.de/de-de
[INFO ] 2020-05-15 03:45:13.595 [main] DriverFactory - Closing browser
[INFO ] 2020-05-15 03:45:16.783 [main] DriverFactory - Driver is initialized
[INFO ] 2020-05-15 03:45:16.784 [main] DriverFactory - Launching Chrome browser
[INFO ] 2020-05-15 03:45:18.940 [main] DriverFactory - url launched: https://www.olay.es/es-es
[INFO ] 2020-05-15 03:45:41.853 [main] DriverFactory - Closing browser
[INFO ] 2020-05-15 03:48:52.477 [main] DriverFactory - Driver is initialized
[INFO ] 2020-05-15 03:48:52.483 [main] DriverFactory - Launching Chrome browser
[INFO ] 2020-05-15 03:48:54.664 [main] DriverFactory - url launched: https://www.olay.es/es-es
[INFO ] 2020-05-15 03:49:18.080 [main] DriverFactory - Closing browser
[INFO ] 2020-05-15 03:50:25.637 [main] DriverFactory - Driver is initialized
[INFO ] 2020-05-15 03:50:25.641 [main] DriverFactory - Launching Chrome browser
[INFO ] 2020-05-15 03:50:27.814 [main] DriverFactory - url launched: https://www.olay.es/es-es
[INFO ] 2020-05-15 03:50:41.792 [main] DriverFactory - Closing browser
[INFO ] 2020-05-15 03:51:48.801 [main] DriverFactory - Driver is initialized
[INFO ] 2020-05-15 03:51:48.807 [main] DriverFactory - Launching Chrome browser
[INFO ] 2020-05-15 03:51:50.998 [main] DriverFactory - url launched: https://www.olay.es/es-es
[INFO ] 2020-05-15 03:52:16.353 [main] DriverFactory - Closing browser
[INFO ] 2020-05-15 10:09:00.148 [main] DriverFactory - Driver is initialized
[INFO ] 2020-05-15 10:09:00.148 [main] DriverFactory - Launching Chrome browser
[INFO ] 2020-05-15 10:09:02.307 [main] DriverFactory - url launched: https://www.olay.es/es-es
[INFO ] 2020-05-15 10:09:26.871 [main] DriverFactory - Closing browser
[INFO ] 2020-05-15 10:11:39.368 [main] DriverFactory - Driver is initialized
[INFO ] 2020-05-15 10:11:39.368 [main] DriverFactory - Launching Chrome browser
[INFO ] 2020-05-15 10:11:41.570 [main] DriverFactory - url launched: https://www.olay.es/es-es
[INFO ] 2020-05-15 10:11:50.628 [main] DriverFactory - Closing browser
[INFO ] 2020-05-15 10:13:12.342 [main] DriverFactory - Driver is initialized
[INFO ] 2020-05-15 10:13:12.342 [main] DriverFactory - Launching Chrome browser
[INFO ] 2020-05-15 10:13:14.551 [main] DriverFactory - url launched: https://www.olay.es/es-es
[INFO ] 2020-05-15 10:13:23.489 [main] DriverFactory - Closing browser
[INFO ] 2020-05-15 10:13:26.600 [main] DriverFactory - Driver is initialized
[INFO ] 2020-05-15 10:13:26.600 [main] DriverFactory - Launching Chrome browser
[INFO ] 2020-05-15 10:13:28.790 [main] DriverFactory - url launched: https://www.olaz.de/de-de
[INFO ] 2020-05-15 10:13:51.332 [main] DriverFactory - Closing browser
[INFO ] 2020-05-15 10:13:54.385 [main] DriverFactory - Driver is initialized
[INFO ] 2020-05-15 10:13:54.385 [main] DriverFactory - Launching Chrome browser
[INFO ] 2020-05-15 10:13:57.167 [main] DriverFactory - Closing browser
[INFO ] 2020-05-15 10:14:20.234 [main] DriverFactory - Driver is initialized
[INFO ] 2020-05-15 10:14:20.234 [main] DriverFactory - Launching Chrome browser
[INFO ] 2020-05-15 10:14:22.435 [main] DriverFactory - url launched: https://www.olay.co.uk/en-gb
[INFO ] 2020-05-15 10:14:36.001 [main] DriverFactory - Closing browser
[INFO ] 2020-05-15 10:14:39.046 [main] DriverFactory - Driver is initialized
[INFO ] 2020-05-15 10:14:39.046 [main] DriverFactory - Launching Chrome browser
[INFO ] 2020-05-15 10:14:41.223 [main] DriverFactory - url launched: https://www.olaz.de/de-de
[INFO ] 2020-05-15 10:14:50.205 [main] DriverFactory - Closing browser
[INFO ] 2020-05-15 10:14:53.283 [main] DriverFactory - Driver is initialized
[INFO ] 2020-05-15 10:14:53.283 [main] DriverFactory - Launching Chrome browser
[INFO ] 2020-05-15 10:14:55.513 [main] DriverFactory - url launched: https://www.olay.es/es-es
[INFO ] 2020-05-15 10:15:04.182 [main] DriverFactory - Closing browser
[INFO ] 2020-05-15 10:18:20.311 [main] DriverFactory - Driver is initialized
[INFO ] 2020-05-15 10:18:20.314 [main] DriverFactory - Launching Chrome browser
[INFO ] 2020-05-15 10:18:22.453 [main] DriverFactory - url launched: https://www.olay.co.uk/en-gb
[INFO ] 2020-05-15 10:18:35.689 [main] DriverFactory - Closing browser
[INFO ] 2020-05-15 10:18:38.753 [main] DriverFactory - Driver is initialized
[INFO ] 2020-05-15 10:18:38.753 [main] DriverFactory - Launching Chrome browser
[INFO ] 2020-05-15 10:18:40.893 [main] DriverFactory - url launched: https://www.olaz.de/de-de
[INFO ] 2020-05-15 10:18:49.906 [main] DriverFactory - Closing browser
[INFO ] 2020-05-15 10:18:52.986 [main] DriverFactory - Driver is initialized
[INFO ] 2020-05-15 10:18:52.986 [main] DriverFactory - Launching Chrome browser
[INFO ] 2020-05-15 10:18:55.131 [main] DriverFactory - url launched: https://www.olay.es/es-es
[INFO ] 2020-05-15 10:19:03.733 [main] DriverFactory - Closing browser
[INFO ] 2020-05-15 10:21:34.722 [main] DriverFactory - Driver is initialized
[INFO ] 2020-05-15 10:21:34.724 [main] DriverFactory - Launching Chrome browser
[INFO ] 2020-05-15 10:21:36.861 [main] DriverFactory - url launched: https://www.olay.co.uk/en-gb
[INFO ] 2020-05-15 10:21:49.816 [main] DriverFactory - Closing browser
[INFO ] 2020-05-15 10:21:52.894 [main] DriverFactory - Driver is initialized
[INFO ] 2020-05-15 10:21:52.894 [main] DriverFactory - Launching Chrome browser
[INFO ] 2020-05-15 10:21:55.023 [main] DriverFactory - url launched: https://www.olaz.de/de-de
[INFO ] 2020-05-15 10:22:04.059 [main] DriverFactory - Closing browser
[INFO ] 2020-05-15 10:22:07.106 [main] DriverFactory - Driver is initialized
[INFO ] 2020-05-15 10:22:07.106 [main] DriverFactory - Launching Chrome browser
[INFO ] 2020-05-15 10:22:09.234 [main] DriverFactory - url launched: https://www.olay.es/es-es
[INFO ] 2020-05-15 10:22:18.282 [main] DriverFactory - Closing browser
[INFO ] 2020-05-15 11:15:22.453 [main] DriverFactory - Driver is initialized
[INFO ] 2020-05-15 11:15:22.456 [main] DriverFactory - Launching Chrome browser
[INFO ] 2020-05-15 11:15:24.617 [main] DriverFactory - url launched: https://www.olay.co.uk/en-gb
[INFO ] 2020-05-15 11:15:27.512 [main] DriverFactory - clicked on registration link
[INFO ] 2020-05-15 11:15:29.984 [main] DriverFactory - email entered
[INFO ] 2020-05-15 11:15:30.185 [main] DriverFactory - password entered
[INFO ] 2020-05-15 11:15:30.433 [main] DriverFactory - DOB entered
[INFO ] 2020-05-15 11:15:30.526 [main] DriverFactory - clicked on Register profile and navigating to second page for UK
[INFO ] 2020-05-15 11:15:34.000 [main] DriverFactory - entered firstname and lastname
[INFO ] 2020-05-15 11:15:34.200 [main] DriverFactory - entered address, city and pincode
[INFO ] 2020-05-15 11:15:39.863 [main] DriverFactory - Closing browser
[INFO ] 2020-05-15 11:15:42.935 [main] DriverFactory - Driver is initialized
[INFO ] 2020-05-15 11:15:42.935 [main] DriverFactory - Launching Chrome browser
[INFO ] 2020-05-15 11:15:45.077 [main] DriverFactory - url launched: https://www.olaz.de/de-de
[INFO ] 2020-05-15 11:15:47.371 [main] DriverFactory - clicked on registration link
[INFO ] 2020-05-15 11:15:48.480 [main] DriverFactory - selected gender which is applicable only for Germany and Spain
[INFO ] 2020-05-15 11:15:48.634 [main] DriverFactory - email entered
[INFO ] 2020-05-15 11:15:48.834 [main] DriverFactory - password entered
[INFO ] 2020-05-15 11:15:49.086 [main] DriverFactory - DOB entered
[INFO ] 2020-05-15 11:15:49.225 [main] DriverFactory - entered firstname and lastname
[INFO ] 2020-05-15 11:15:49.527 [main] DriverFactory - entered address, city and pincode
[INFO ] 2020-05-15 11:15:55.172 [main] DriverFactory - Closing browser
[INFO ] 2020-05-15 11:15:58.208 [main] DriverFactory - Driver is initialized
[INFO ] 2020-05-15 11:15:58.208 [main] DriverFactory - Launching Chrome browser
[INFO ] 2020-05-15 11:16:00.349 [main] DriverFactory - url launched: https://www.olay.es/es-es
[INFO ] 2020-05-15 11:16:02.302 [main] DriverFactory - clicked on registration link
[INFO ] 2020-05-15 11:16:03.768 [main] DriverFactory - selected gender which is applicable only for Germany and Spain
[INFO ] 2020-05-15 11:16:03.917 [main] DriverFactory - email entered
[INFO ] 2020-05-15 11:16:04.070 [main] DriverFactory - password entered
[INFO ] 2020-05-15 11:16:04.305 [main] DriverFactory - DOB entered
[INFO ] 2020-05-15 11:16:04.451 [main] DriverFactory - entered firstname and lastname
[INFO ] 2020-05-15 11:16:10.083 [main] DriverFactory - Closing browser
[INFO ] 2020-05-15 12:37:39.988 [main] DriverFactory - Driver is initialized
[INFO ] 2020-05-15 12:37:39.991 [main] DriverFactory - Launching Chrome browser
[INFO ] 2020-05-15 12:37:42.122 [main] DriverFactory - url launched: https://www.olay.co.uk/en-gb
[INFO ] 2020-05-15 12:37:44.933 [main] DriverFactory - clicked on registration link
[INFO ] 2020-05-15 12:37:46.316 [main] DriverFactory - email entered
[INFO ] 2020-05-15 12:37:46.530 [main] DriverFactory - password entered
[INFO ] 2020-05-15 12:37:46.766 [main] DriverFactory - DOB entered
[INFO ] 2020-05-15 12:37:46.869 [main] DriverFactory - clicked on Register profile and navigating to second page for UK
[INFO ] 2020-05-15 12:37:51.043 [main] DriverFactory - entered firstname and lastname
[INFO ] 2020-05-15 12:37:51.481 [main] DriverFactory - entered address, city and pincode
[INFO ] 2020-05-15 12:37:59.712 [main] DriverFactory - Driver is initialized
[INFO ] 2020-05-15 12:37:59.712 [main] DriverFactory - Launching Chrome browser
[INFO ] 2020-05-15 12:38:01.859 [main] DriverFactory - Getting the details from excel file
[INFO ] 2020-05-15 12:38:01.870 [main] DriverFactory - url launched: https://www.olaz.de/de-de
[INFO ] 2020-05-15 12:38:04.774 [main] DriverFactory - clicked on registration link
[INFO ] 2020-05-15 12:38:28.137 [main] DriverFactory - Driver is initialized
[INFO ] 2020-05-15 12:38:28.137 [main] DriverFactory - Launching Chrome browser
[INFO ] 2020-05-15 12:38:30.309 [main] DriverFactory - url launched: https://www.olay.es/es-es
[INFO ] 2020-05-15 12:38:32.899 [main] DriverFactory - clicked on registration link
[INFO ] 2020-05-15 13:09:13.629 [main] DriverFactory - Driver is initialized
[INFO ] 2020-05-15 13:09:13.633 [main] DriverFactory - Launching Chrome browser
[INFO ] 2020-05-15 13:09:15.811 [main] DriverFactory - url launched: https://www.olay.co.uk/en-gb
[INFO ] 2020-05-15 13:09:20.793 [main] DriverFactory - clicked on registration link
[INFO ] 2020-05-15 13:09:22.949 [main] DriverFactory - email entered
[INFO ] 2020-05-15 13:09:23.315 [main] DriverFactory - password entered
[INFO ] 2020-05-15 13:09:23.910 [main] DriverFactory - DOB entered
[INFO ] 2020-05-15 13:09:24.090 [main] DriverFactory - clicked on Register profile and navigating to second page for UK
[INFO ] 2020-05-15 13:09:33.291 [main] DriverFactory - entered firstname and lastname
[INFO ] 2020-05-15 13:09:33.846 [main] DriverFactory - entered address, city and pincode
[INFO ] 2020-05-15 13:09:39.553 [main] DriverFactory - Closing browser
[INFO ] 2020-05-15 13:09:42.741 [main] DriverFactory - Driver is initialized
[INFO ] 2020-05-15 13:09:42.741 [main] DriverFactory - Launching Chrome browser
[INFO ] 2020-05-15 13:09:44.890 [main] DriverFactory - Getting the details from excel file
[INFO ] 2020-05-15 13:09:44.897 [main] DriverFactory - url launched: https://www.olaz.de/de-de
[INFO ] 2020-05-15 13:09:50.697 [main] DriverFactory - clicked on registration link
[INFO ] 2020-05-15 13:09:52.078 [main] DriverFactory - selected gender which is applicable only for Germany and Spain
[INFO ] 2020-05-15 13:09:52.441 [main] DriverFactory - email entered
[INFO ] 2020-05-15 13:09:53.072 [main] DriverFactory - password entered
[INFO ] 2020-05-15 13:09:53.669 [main] DriverFactory - DOB entered
[INFO ] 2020-05-15 13:09:54.006 [main] DriverFactory - entered firstname and lastname
[INFO ] 2020-05-15 13:09:54.630 [main] DriverFactory - entered address, city and pincode
[INFO ] 2020-05-15 13:10:00.327 [main] DriverFactory - Closing browser
[INFO ] 2020-05-15 13:10:03.558 [main] DriverFactory - Driver is initialized
[INFO ] 2020-05-15 13:10:03.558 [main] DriverFactory - Launching Chrome browser
[INFO ] 2020-05-15 13:10:05.727 [main] DriverFactory - url launched: https://www.olay.es/es-es
[INFO ] 2020-05-15 13:10:09.189 [main] DriverFactory - clicked on registration link
[INFO ] 2020-05-15 13:10:11.171 [main] DriverFactory - selected gender which is applicable only for Germany and Spain
[INFO ] 2020-05-15 13:10:11.434 [main] DriverFactory - email entered
[INFO ] 2020-05-15 13:10:11.921 [main] DriverFactory - password entered
[INFO ] 2020-05-15 13:10:12.421 [main] DriverFactory - DOB entered
[INFO ] 2020-05-15 13:10:12.788 [main] DriverFactory - entered firstname and lastname
[INFO ] 2020-05-15 13:10:18.500 [main] DriverFactory - Closing browser
[INFO ] 2020-05-15 13:10:18.536 [main] DriverFactory - Closing browser
[INFO ] 2020-05-15 13:12:57.795 [main] DriverFactory - Test execution starting
[INFO ] 2020-05-15 13:13:02.440 [main] DriverFactory - Driver is initialized
[INFO ] 2020-05-15 13:13:02.440 [main] DriverFactory - Launching Chrome browser
[INFO ] 2020-05-15 13:13:04.648 [main] DriverFactory - url launched: https://www.olay.co.uk/en-gb
[INFO ] 2020-05-15 13:13:07.258 [main] DriverFactory - clicked on registration link
[INFO ] 2020-05-15 13:13:09.056 [main] DriverFactory - email entered
[INFO ] 2020-05-15 13:13:09.426 [main] DriverFactory - password entered
[INFO ] 2020-05-15 13:13:09.961 [main] DriverFactory - DOB entered
[INFO ] 2020-05-15 13:13:10.161 [main] DriverFactory - clicked on Register profile and navigating to second page for UK
[INFO ] 2020-05-15 13:13:13.970 [main] DriverFactory - entered firstname and lastname
[INFO ] 2020-05-15 13:13:14.436 [main] DriverFactory - entered address, city and pincode
[INFO ] 2020-05-15 13:13:19.450 [main] DriverFactory - Test passed 
[INFO ] 2020-05-15 13:13:20.159 [main] DriverFactory - Closing browser
[INFO ] 2020-05-15 13:13:23.319 [main] DriverFactory - Driver is initialized
[INFO ] 2020-05-15 13:13:23.319 [main] DriverFactory - Launching Chrome browser
[INFO ] 2020-05-15 13:13:25.466 [main] DriverFactory - Getting the details from excel file
[INFO ] 2020-05-15 13:13:25.472 [main] DriverFactory - url launched: https://www.olaz.de/de-de
[INFO ] 2020-05-15 13:13:27.664 [main] DriverFactory - clicked on registration link
[INFO ] 2020-05-15 13:13:52.020 [main] DriverFactory - selected gender which is applicable only for Germany and Spain
[INFO ] 2020-05-15 13:13:52.466 [main] DriverFactory - email entered
[INFO ] 2020-05-15 13:13:52.868 [main] DriverFactory - password entered
[INFO ] 2020-05-15 13:13:53.427 [main] DriverFactory - DOB entered
[INFO ] 2020-05-15 13:13:53.762 [main] DriverFactory - entered firstname and lastname
[INFO ] 2020-05-15 13:13:54.297 [main] DriverFactory - entered address, city and pincode
[INFO ] 2020-05-15 13:13:59.297 [main] DriverFactory - Test passed 
[INFO ] 2020-05-15 13:13:59.983 [main] DriverFactory - Closing browser
[INFO ] 2020-05-15 13:14:03.247 [main] DriverFactory - Driver is initialized
[INFO ] 2020-05-15 13:14:03.247 [main] DriverFactory - Launching Chrome browser
[INFO ] 2020-05-15 13:14:05.421 [main] DriverFactory - url launched: https://www.olay.es/es-es
[INFO ] 2020-05-15 13:14:07.173 [main] DriverFactory - clicked on registration link
[INFO ] 2020-05-15 13:14:08.583 [main] DriverFactory - selected gender which is applicable only for Germany and Spain
[INFO ] 2020-05-15 13:14:08.906 [main] DriverFactory - email entered
[INFO ] 2020-05-15 13:14:09.257 [main] DriverFactory - password entered
[INFO ] 2020-05-15 13:14:09.703 [main] DriverFactory - DOB entered
[INFO ] 2020-05-15 13:14:09.998 [main] DriverFactory - entered firstname and lastname
[INFO ] 2020-05-15 13:14:15.001 [main] DriverFactory - Test passed 
[INFO ] 2020-05-15 13:14:15.686 [main] DriverFactory - Closing browser
[INFO ] 2020-05-15 14:09:07.485 [main] DriverFactory - Driver is initialized
[INFO ] 2020-05-15 14:09:07.490 [main] DriverFactory - Launching Firefox browser
[INFO ] 2020-05-15 14:09:11.575 [main] DriverFactory - url launched: https://www.olay.co.uk/en-gb
[INFO ] 2020-05-15 14:09:13.726 [main] DriverFactory - clicked on registration link
[INFO ] 2020-05-15 14:09:13.896 [main] DriverFactory - email entered
[INFO ] 2020-05-15 14:09:14.154 [main] DriverFactory - password entered
[INFO ] 2020-05-15 14:09:15.430 [main] DriverFactory - DOB entered
[INFO ] 2020-05-15 14:09:18.831 [main] DriverFactory - clicked on Register profile and navigating to second page for UK
[INFO ] 2020-05-15 14:09:19.114 [main] DriverFactory - entered firstname and lastname
[INFO ] 2020-05-15 14:09:19.512 [main] DriverFactory - entered address, city and pincode
[INFO ] 2020-05-15 14:09:30.432 [main] DriverFactory - Driver is initialized
[INFO ] 2020-05-15 14:09:30.436 [main] DriverFactory - Launching Firefox browser
[INFO ] 2020-05-15 14:09:30.719 [main] DriverFactory - Getting the details from excel file
[INFO ] 2020-05-15 14:09:33.904 [main] DriverFactory - url launched: https://www.olaz.de/de-de
[INFO ] 2020-05-15 14:09:37.271 [main] DriverFactory - clicked on registration link
[INFO ] 2020-05-15 14:09:37.684 [main] DriverFactory - selected gender which is applicable only for Germany and Spain
[INFO ] 2020-05-15 14:09:37.831 [main] DriverFactory - email entered
[INFO ] 2020-05-15 14:09:38.039 [main] DriverFactory - password entered
[INFO ] 2020-05-15 14:09:44.026 [main] DriverFactory - Driver is initialized
[INFO ] 2020-05-15 14:09:44.026 [main] DriverFactory - Launching Firefox browser
[INFO ] 2020-05-15 14:09:46.874 [main] DriverFactory - url launched: https://www.olay.es/es-es
[INFO ] 2020-05-15 14:09:50.276 [main] DriverFactory - clicked on registration link
[INFO ] 2020-05-15 14:09:50.651 [main] DriverFactory - selected gender which is applicable only for Germany and Spain
[INFO ] 2020-05-15 14:09:50.786 [main] DriverFactory - email entered
[INFO ] 2020-05-15 14:09:50.960 [main] DriverFactory - password entered
[INFO ] 2020-05-15 14:12:49.282 [main] DriverFactory - Test execution starting
[INFO ] 2020-05-15 14:12:55.731 [main] DriverFactory - Driver is initialized
[INFO ] 2020-05-15 14:12:55.731 [main] DriverFactory - Launching Firefox browser
[INFO ] 2020-05-15 14:12:58.612 [main] DriverFactory - url launched: https://www.olay.co.uk/en-gb
[INFO ] 2020-05-15 14:13:01.361 [main] DriverFactory - clicked on registration link
[INFO ] 2020-05-15 14:13:01.543 [main] DriverFactory - email entered
[INFO ] 2020-05-15 14:13:01.767 [main] DriverFactory - password entered
[INFO ] 2020-05-15 14:13:03.026 [main] DriverFactory - DOB entered
[INFO ] 2020-05-15 14:13:06.827 [main] DriverFactory - clicked on Register profile and navigating to second page for UK
[INFO ] 2020-05-15 14:13:07.298 [main] DriverFactory - entered firstname and lastname
[INFO ] 2020-05-15 14:13:07.590 [main] DriverFactory - entered address, city and pincode
[INFO ] 2020-05-15 14:13:12.604 [main] DriverFactory - Test passed 
[INFO ] 2020-05-15 14:13:14.464 [main] DriverFactory - Closing browser
[INFO ] 2020-05-15 14:13:19.240 [main] DriverFactory - Driver is initialized
[INFO ] 2020-05-15 14:13:19.240 [main] DriverFactory - Launching Firefox browser
[INFO ] 2020-05-15 14:13:19.540 [main] DriverFactory - Getting the details from excel file
[INFO ] 2020-05-15 14:13:21.602 [main] DriverFactory - url launched: https://www.olaz.de/de-de
[INFO ] 2020-05-15 14:13:24.918 [main] DriverFactory - clicked on registration link
[INFO ] 2020-05-15 14:13:25.356 [main] DriverFactory - selected gender which is applicable only for Germany and Spain
[INFO ] 2020-05-15 14:13:25.548 [main] DriverFactory - email entered
[INFO ] 2020-05-15 14:13:25.741 [main] DriverFactory - password entered
[INFO ] 2020-05-15 14:13:25.876 [main] DriverFactory - Test failed for userRegister
[INFO ] 2020-05-15 14:13:26.052 [main] DriverFactory - Screenshot available in 'reports' folder
[INFO ] 2020-05-15 14:13:27.982 [main] DriverFactory - Closing browser
[INFO ] 2020-05-15 14:15:03.434 [main] DriverFactory - Driver is initialized
[INFO ] 2020-05-15 14:15:03.438 [main] DriverFactory - Launching Firefox browser
[INFO ] 2020-05-15 14:15:06.583 [main] DriverFactory - url launched: https://www.olay.co.uk/en-gb
[INFO ] 2020-05-15 14:15:09.161 [main] DriverFactory - clicked on registration link
[INFO ] 2020-05-15 14:15:09.337 [main] DriverFactory - email entered
[INFO ] 2020-05-15 14:15:09.528 [main] DriverFactory - password entered
[INFO ] 2020-05-15 14:15:10.689 [main] DriverFactory - DOB entered
[INFO ] 2020-05-15 14:15:14.067 [main] DriverFactory - clicked on Register profile and navigating to second page for UK
[INFO ] 2020-05-15 14:15:14.347 [main] DriverFactory - entered firstname and lastname
[INFO ] 2020-05-15 14:15:14.724 [main] DriverFactory - entered address, city and pincode
[INFO ] 2020-05-15 14:15:24.500 [main] DriverFactory - Driver is initialized
[INFO ] 2020-05-15 14:15:24.500 [main] DriverFactory - Launching Firefox browser
[INFO ] 2020-05-15 14:15:24.774 [main] DriverFactory - Getting the details from excel file
[INFO ] 2020-05-15 14:15:27.079 [main] DriverFactory - url launched: https://www.olaz.de/de-de
[INFO ] 2020-05-15 14:15:29.659 [main] DriverFactory - clicked on registration link
[INFO ] 2020-05-15 14:15:30.044 [main] DriverFactory - selected gender which is applicable only for Germany and Spain
[INFO ] 2020-05-15 14:15:30.171 [main] DriverFactory - email entered
[INFO ] 2020-05-15 14:15:30.363 [main] DriverFactory - password entered
[INFO ] 2020-05-15 14:15:36.347 [main] DriverFactory - Driver is initialized
[INFO ] 2020-05-15 14:15:36.347 [main] DriverFactory - Launching Firefox browser
[INFO ] 2020-05-15 14:15:39.028 [main] DriverFactory - url launched: https://www.olay.es/es-es
[INFO ] 2020-05-15 14:15:42.027 [main] DriverFactory - clicked on registration link
[INFO ] 2020-05-15 14:15:42.470 [main] DriverFactory - selected gender which is applicable only for Germany and Spain
[INFO ] 2020-05-15 14:15:42.641 [main] DriverFactory - email entered
[INFO ] 2020-05-15 14:15:42.846 [main] DriverFactory - password entered
[INFO ] 2020-05-15 14:22:18.891 [main] DriverFactory - Test execution starting
[INFO ] 2020-05-15 14:22:25.147 [main] DriverFactory - Driver is initialized
[INFO ] 2020-05-15 14:22:25.147 [main] DriverFactory - Launching Firefox browser
[INFO ] 2020-05-15 14:22:28.165 [main] DriverFactory - url launched: https://www.olay.co.uk/en-gb
[INFO ] 2020-05-15 14:22:30.566 [main] DriverFactory - clicked on registration link
[INFO ] 2020-05-15 14:22:30.740 [main] DriverFactory - email entered
[INFO ] 2020-05-15 14:22:30.942 [main] DriverFactory - password entered
[INFO ] 2020-05-15 14:22:32.107 [main] DriverFactory - DOB entered
[INFO ] 2020-05-15 14:22:35.810 [main] DriverFactory - clicked on Register profile and navigating to second page for UK
[INFO ] 2020-05-15 14:22:36.128 [main] DriverFactory - entered firstname and lastname
[INFO ] 2020-05-15 14:22:36.547 [main] DriverFactory - entered address, city and pincode
[INFO ] 2020-05-15 14:22:41.567 [main] DriverFactory - Test passed 
[INFO ] 2020-05-15 14:22:43.315 [main] DriverFactory - Closing browser
[INFO ] 2020-05-15 14:22:48.102 [main] DriverFactory - Driver is initialized
[INFO ] 2020-05-15 14:22:48.102 [main] DriverFactory - Launching Firefox browser
[INFO ] 2020-05-15 14:22:48.400 [main] DriverFactory - Getting the details from excel file
[INFO ] 2020-05-15 14:22:51.052 [main] DriverFactory - url launched: https://www.olaz.de/de-de
[INFO ] 2020-05-15 14:22:53.212 [main] DriverFactory - clicked on registration link
[INFO ] 2020-05-15 14:22:53.616 [main] DriverFactory - selected gender which is applicable only for Germany and Spain
[INFO ] 2020-05-15 14:22:53.860 [main] DriverFactory - email entered
[INFO ] 2020-05-15 14:22:54.153 [main] DriverFactory - password entered
[INFO ] 2020-05-15 14:22:54.286 [main] DriverFactory - Test failed for userRegister
[INFO ] 2020-05-15 14:22:54.455 [main] DriverFactory - Screenshot available in 'reports' folder
[INFO ] 2020-05-15 14:22:56.208 [main] DriverFactory - Closing browser
[INFO ] 2020-05-15 14:23:00.983 [main] DriverFactory - Driver is initialized
[INFO ] 2020-05-15 14:23:00.983 [main] DriverFactory - Launching Firefox browser
[INFO ] 2020-05-15 14:23:03.432 [main] DriverFactory - url launched: https://www.olay.es/es-es
[INFO ] 2020-05-15 14:23:06.657 [main] DriverFactory - clicked on registration link
[INFO ] 2020-05-15 14:23:06.989 [main] DriverFactory - selected gender which is applicable only for Germany and Spain
[INFO ] 2020-05-15 14:23:07.134 [main] DriverFactory - email entered
[INFO ] 2020-05-15 14:23:07.294 [main] DriverFactory - password entered
[INFO ] 2020-05-15 14:23:07.402 [main] DriverFactory - Test failed for userRegister
[INFO ] 2020-05-15 14:23:07.607 [main] DriverFactory - Screenshot available in 'reports' folder
[INFO ] 2020-05-15 14:23:09.595 [main] DriverFactory - Closing browser
[INFO ] 2020-05-15 15:55:40.421 [main] DriverFactory - Test execution starting
[INFO ] 2020-05-15 15:57:54.802 [main] DriverFactory - Test execution starting
[INFO ] 2020-05-15 16:03:51.217 [main] DriverFactory - Test execution starting
[INFO ] 2020-05-15 16:06:31.743 [main] DriverFactory - Driver is initialized
[INFO ] 2020-05-15 16:06:31.751 [main] DriverFactory - Launching Chrome browser
[INFO ] 2020-05-15 16:06:33.927 [main] DriverFactory - url launched: https://www.olay.co.uk/en-gb
[INFO ] 2020-05-15 16:06:37.416 [main] DriverFactory - clicked on registration link
[INFO ] 2020-05-15 16:06:38.881 [main] DriverFactory - email entered
[INFO ] 2020-05-15 16:06:39.287 [main] DriverFactory - password entered
[INFO ] 2020-05-15 16:06:39.808 [main] DriverFactory - DOB entered
[INFO ] 2020-05-15 16:06:39.957 [main] DriverFactory - clicked on Register profile and navigating to second page for UK
[INFO ] 2020-05-15 16:06:44.005 [main] DriverFactory - entered firstname and lastname
[INFO ] 2020-05-15 16:06:44.546 [main] DriverFactory - entered address, city and pincode
[INFO ] 2020-05-15 16:06:52.838 [main] DriverFactory - Driver is initialized
[INFO ] 2020-05-15 16:06:52.838 [main] DriverFactory - Launching Chrome browser
[INFO ] 2020-05-15 16:06:54.991 [main] DriverFactory - Getting the details from excel file
[INFO ] 2020-05-15 16:06:54.997 [main] DriverFactory - url launched: https://www.olaz.de/de-de
[INFO ] 2020-05-15 16:06:57.323 [main] DriverFactory - clicked on registration link
[INFO ] 2020-05-15 16:06:58.622 [main] DriverFactory - selected gender which is applicable only for Germany and Spain
[INFO ] 2020-05-15 16:06:58.939 [main] DriverFactory - email entered
[INFO ] 2020-05-15 16:06:59.435 [main] DriverFactory - password entered
[INFO ] 2020-05-15 16:07:00.039 [main] DriverFactory - DOB entered
[INFO ] 2020-05-15 16:07:00.388 [main] DriverFactory - entered firstname and lastname
[INFO ] 2020-05-15 16:07:00.956 [main] DriverFactory - entered address, city and pincode
[INFO ] 2020-05-15 16:07:09.232 [main] DriverFactory - Driver is initialized
[INFO ] 2020-05-15 16:07:09.232 [main] DriverFactory - Launching Chrome browser
[INFO ] 2020-05-15 16:07:11.396 [main] DriverFactory - url launched: https://www.olay.es/es-es
[INFO ] 2020-05-15 16:07:13.666 [main] DriverFactory - clicked on registration link
[INFO ] 2020-05-15 16:07:24.051 [main] DriverFactory - selected gender which is applicable only for Germany and Spain
[INFO ] 2020-05-15 16:07:24.388 [main] DriverFactory - email entered
[INFO ] 2020-05-15 16:07:24.769 [main] DriverFactory - password entered
[INFO ] 2020-05-15 16:07:25.322 [main] DriverFactory - DOB entered
[INFO ] 2020-05-15 16:07:25.666 [main] DriverFactory - entered firstname and lastname
[INFO ] 2020-05-15 16:08:00.282 [main] DriverFactory - Test execution starting
[INFO ] 2020-05-15 16:08:04.846 [main] DriverFactory - Driver is initialized
[INFO ] 2020-05-15 16:08:04.846 [main] DriverFactory - Launching Chrome browser
[INFO ] 2020-05-15 16:08:07.062 [main] DriverFactory - url launched: https://www.olay.co.uk/en-gb
[INFO ] 2020-05-15 16:08:09.235 [main] DriverFactory - clicked on registration link
[INFO ] 2020-05-15 16:08:11.522 [main] DriverFactory - email entered
[INFO ] 2020-05-15 16:08:11.888 [main] DriverFactory - password entered
[INFO ] 2020-05-15 16:08:12.505 [main] DriverFactory - DOB entered
[INFO ] 2020-05-15 16:08:12.666 [main] DriverFactory - clicked on Register profile and navigating to second page for UK
[INFO ] 2020-05-15 16:08:16.307 [main] DriverFactory - entered firstname and lastname
[INFO ] 2020-05-15 16:08:16.845 [main] DriverFactory - entered address, city and pincode
[INFO ] 2020-05-15 16:08:21.854 [main] DriverFactory - Test passed 
[INFO ] 2020-05-15 16:08:22.548 [main] DriverFactory - Closing browser
[INFO ] 2020-05-15 16:08:25.677 [main] DriverFactory - Driver is initialized
[INFO ] 2020-05-15 16:08:25.678 [main] DriverFactory - Launching Chrome browser
[INFO ] 2020-05-15 16:08:27.821 [main] DriverFactory - Getting the details from excel file
[INFO ] 2020-05-15 16:08:27.826 [main] DriverFactory - url launched: https://www.olaz.de/de-de
[INFO ] 2020-05-15 16:08:30.140 [main] DriverFactory - clicked on registration link
[INFO ] 2020-05-15 16:09:31.356 [main] DriverFactory - Test failed for userRegister
[INFO ] 2020-05-15 16:09:31.792 [main] DriverFactory - Screenshot available in 'reports' folder
[INFO ] 2020-05-15 16:09:32.508 [main] DriverFactory - Closing browser
[INFO ] 2020-05-15 16:09:35.651 [main] DriverFactory - Driver is initialized
[INFO ] 2020-05-15 16:09:35.651 [main] DriverFactory - Launching Chrome browser
[INFO ] 2020-05-15 16:09:37.822 [main] DriverFactory - url launched: https://www.olay.es/es-es
[INFO ] 2020-05-15 16:09:40.128 [main] DriverFactory - clicked on registration link
[INFO ] 2020-05-15 16:12:59.359 [main] DriverFactory - Test execution starting
[INFO ] 2020-05-15 16:13:04.064 [main] DriverFactory - Driver is initialized
[INFO ] 2020-05-15 16:13:04.064 [main] DriverFactory - Launching Chrome browser
[INFO ] 2020-05-15 16:13:06.269 [main] DriverFactory - url launched: https://www.olay.co.uk/en-gb
[INFO ] 2020-05-15 16:13:09.348 [main] DriverFactory - clicked on registration link
[INFO ] 2020-05-15 16:13:10.747 [main] DriverFactory - email entered
[INFO ] 2020-05-15 16:13:11.159 [main] DriverFactory - password entered
[INFO ] 2020-05-15 16:13:11.691 [main] DriverFactory - DOB entered
[INFO ] 2020-05-15 16:13:11.852 [main] DriverFactory - clicked on Register profile and navigating to second page for UK
[INFO ] 2020-05-15 16:13:15.725 [main] DriverFactory - entered firstname and lastname
[INFO ] 2020-05-15 16:13:16.274 [main] DriverFactory - entered address, city and pincode
[INFO ] 2020-05-15 16:13:21.286 [main] DriverFactory - Test passed 
[INFO ] 2020-05-15 16:13:22.005 [main] DriverFactory - Closing browser
[INFO ] 2020-05-15 16:13:25.158 [main] DriverFactory - Driver is initialized
[INFO ] 2020-05-15 16:13:25.158 [main] DriverFactory - Launching Chrome browser
[INFO ] 2020-05-15 16:13:27.326 [main] DriverFactory - Getting the details from excel file
[INFO ] 2020-05-15 16:13:27.337 [main] DriverFactory - url launched: https://www.olaz.de/de-de
[INFO ] 2020-05-15 16:13:33.028 [main] DriverFactory - clicked on registration link
[INFO ] 2020-05-15 16:13:35.523 [main] DriverFactory - selected gender which is applicable only for Germany and Spain
[INFO ] 2020-05-15 16:13:35.916 [main] DriverFactory - email entered
[INFO ] 2020-05-15 16:13:36.328 [main] DriverFactory - password entered
[INFO ] 2020-05-15 16:13:36.830 [main] DriverFactory - DOB entered
[INFO ] 2020-05-15 16:13:37.166 [main] DriverFactory - entered firstname and lastname
[INFO ] 2020-05-15 16:13:37.636 [main] DriverFactory - entered address, city and pincode
[INFO ] 2020-05-15 16:13:42.636 [main] DriverFactory - Test passed 
[INFO ] 2020-05-15 16:13:43.321 [main] DriverFactory - Closing browser
[INFO ] 2020-05-15 16:13:46.509 [main] DriverFactory - Driver is initialized
[INFO ] 2020-05-15 16:13:46.509 [main] DriverFactory - Launching Chrome browser
[INFO ] 2020-05-15 16:13:48.656 [main] DriverFactory - url launched: https://www.olay.es/es-es
[INFO ] 2020-05-15 16:13:51.580 [main] DriverFactory - clicked on registration link
[INFO ] 2020-05-15 16:13:53.495 [main] DriverFactory - selected gender which is applicable only for Germany and Spain
[INFO ] 2020-05-15 16:13:53.793 [main] DriverFactory - email entered
[INFO ] 2020-05-15 16:13:54.217 [main] DriverFactory - password entered
[INFO ] 2020-05-15 16:13:54.800 [main] DriverFactory - DOB entered
[INFO ] 2020-05-15 16:13:55.166 [main] DriverFactory - entered firstname and lastname
[INFO ] 2020-05-15 16:14:00.170 [main] DriverFactory - Test passed 
[INFO ] 2020-05-15 16:14:00.886 [main] DriverFactory - Closing browser
[INFO ] 2020-05-15 16:18:48.961 [main] DriverFactory - Test execution starting
[INFO ] 2020-05-15 16:18:52.971 [main] DriverFactory - Driver is initialized
[INFO ] 2020-05-15 16:18:52.971 [main] DriverFactory - Launching Chrome browser
[INFO ] 2020-05-15 16:18:55.811 [main] DriverFactory - url launched: https://www.olay.co.uk/en-gb
[INFO ] 2020-05-15 16:18:59.097 [main] DriverFactory - clicked on registration link
[INFO ] 2020-05-15 16:19:00.335 [main] DriverFactory - email entered
[INFO ] 2020-05-15 16:19:00.772 [main] DriverFactory - password entered
[INFO ] 2020-05-15 16:19:01.398 [main] DriverFactory - DOB entered
[INFO ] 2020-05-15 16:19:01.600 [main] DriverFactory - clicked on Register profile and navigating to second page for UK
[INFO ] 2020-05-15 16:19:05.344 [main] DriverFactory - entered firstname and lastname
[INFO ] 2020-05-15 16:19:05.901 [main] DriverFactory - entered address, city and pincode
[INFO ] 2020-05-15 16:19:05.907 [main] DriverFactory - Test passed 
[INFO ] 2020-05-15 16:19:06.606 [main] DriverFactory - Closing browser
[INFO ] 2020-05-15 16:19:06.611 [main] DriverFactory - Getting the details from excel file
[INFO ] 2020-05-15 16:19:06.628 [main] DriverFactory - Test failed for userRegister
[INFO ] 2020-05-15 16:19:06.635 [main] DriverFactory - Test failed for userRegister
[INFO ] 2020-05-15 16:20:09.390 [main] DriverFactory - Test execution starting
[INFO ] 2020-05-15 16:20:13.435 [main] DriverFactory - Driver is initialized
[INFO ] 2020-05-15 16:20:13.439 [main] DriverFactory - Launching Chrome browser
[INFO ] 2020-05-15 16:20:16.566 [main] DriverFactory - url launched: https://www.olay.co.uk/en-gb
[INFO ] 2020-05-15 16:20:19.562 [main] DriverFactory - clicked on registration link
[INFO ] 2020-05-15 16:20:22.368 [main] DriverFactory - email entered
[INFO ] 2020-05-15 16:20:22.751 [main] DriverFactory - password entered
[INFO ] 2020-05-15 16:20:23.273 [main] DriverFactory - DOB entered
[INFO ] 2020-05-15 16:20:23.427 [main] DriverFactory - clicked on Register profile and navigating to second page for UK
[INFO ] 2020-05-15 16:20:28.353 [main] DriverFactory - entered firstname and lastname
[INFO ] 2020-05-15 16:20:28.904 [main] DriverFactory - entered address, city and pincode
[INFO ] 2020-05-15 16:20:28.908 [main] DriverFactory - Test passed 
[INFO ] 2020-05-15 16:20:28.912 [main] DriverFactory - Test failed for userRegister
[INFO ] 2020-05-15 16:20:29.487 [main] DriverFactory - Screenshot available in 'reports' folder
[INFO ] 2020-05-15 16:36:16.364 [main] DriverFactory - Test execution starting
[INFO ] 2020-05-15 16:36:20.931 [main] DriverFactory - Driver is initialized
[INFO ] 2020-05-15 16:36:20.935 [main] DriverFactory - Launching Chrome browser
[INFO ] 2020-05-15 16:36:23.115 [main] DriverFactory - url launched: https://www.olay.co.uk/en-gb
[INFO ] 2020-05-15 16:36:26.391 [main] DriverFactory - clicked on registration link
[INFO ] 2020-05-15 16:36:27.760 [main] DriverFactory - email entered
[INFO ] 2020-05-15 16:36:28.180 [main] DriverFactory - password entered
[INFO ] 2020-05-15 16:36:28.704 [main] DriverFactory - DOB entered
[INFO ] 2020-05-15 16:36:28.865 [main] DriverFactory - clicked on Register profile and navigating to second page for UK
[INFO ] 2020-05-15 16:36:32.798 [main] DriverFactory - entered firstname and lastname
[INFO ] 2020-05-15 16:36:33.340 [main] DriverFactory - entered address, city and pincode
[INFO ] 2020-05-15 16:36:33.346 [main] DriverFactory - Test passed 
[INFO ] 2020-05-15 16:36:33.352 [main] DriverFactory - Test failed for userRegister
[INFO ] 2020-05-15 16:36:33.855 [main] DriverFactory - Screenshot available in 'reports' folder
[INFO ] 2020-05-15 16:39:17.650 [main] DriverFactory - Driver is initialized
[INFO ] 2020-05-15 16:39:17.654 [main] DriverFactory - Launching Chrome browser
[INFO ] 2020-05-15 16:39:19.822 [main] DriverFactory - url launched: https://www.olay.co.uk/en-gb
[INFO ] 2020-05-15 16:39:22.420 [main] DriverFactory - clicked on registration link
[INFO ] 2020-05-15 16:39:24.039 [main] DriverFactory - email entered
[INFO ] 2020-05-15 16:39:24.438 [main] DriverFactory - password entered
[INFO ] 2020-05-15 16:39:24.950 [main] DriverFactory - DOB entered
[INFO ] 2020-05-15 16:39:25.132 [main] DriverFactory - clicked on Register profile and navigating to second page for UK
[INFO ] 2020-05-15 16:39:28.750 [main] DriverFactory - entered firstname and lastname
[INFO ] 2020-05-15 16:39:29.294 [main] DriverFactory - entered address, city and pincode
[INFO ] 2020-05-15 16:39:32.630 [main] DriverFactory - Driver is initialized
[INFO ] 2020-05-15 16:39:32.630 [main] DriverFactory - Launching Chrome browser
[INFO ] 2020-05-15 16:39:34.790 [main] DriverFactory - Getting the details from excel file
[INFO ] 2020-05-15 16:39:34.800 [main] DriverFactory - url launched: https://www.olaz.de/de-de
[INFO ] 2020-05-15 16:39:37.427 [main] DriverFactory - clicked on registration link
[INFO ] 2020-05-15 16:39:39.016 [main] DriverFactory - selected gender which is applicable only for Germany and Spain
[INFO ] 2020-05-15 16:39:39.364 [main] DriverFactory - email entered
[INFO ] 2020-05-15 16:39:39.746 [main] DriverFactory - password entered
[INFO ] 2020-05-15 16:40:03.109 [main] DriverFactory - Driver is initialized
[INFO ] 2020-05-15 16:40:03.109 [main] DriverFactory - Launching Chrome browser
[INFO ] 2020-05-15 16:41:34.017 [main] DriverFactory - Driver is initialized
[INFO ] 2020-05-15 16:41:34.021 [main] DriverFactory - Launching Chrome browser
[INFO ] 2020-05-15 16:41:36.213 [main] DriverFactory - url launched: https://www.olay.co.uk/en-gb
[INFO ] 2020-05-15 16:41:39.153 [main] DriverFactory - clicked on registration link
[INFO ] 2020-05-15 16:41:40.529 [main] DriverFactory - email entered
[INFO ] 2020-05-15 16:41:41.012 [main] DriverFactory - password entered
[INFO ] 2020-05-15 16:41:44.262 [main] DriverFactory - Driver is initialized
[INFO ] 2020-05-15 16:41:44.262 [main] DriverFactory - Launching Chrome browser
[INFO ] 2020-05-15 16:41:46.458 [main] DriverFactory - Getting the details from excel file
[INFO ] 2020-05-15 16:41:46.469 [main] DriverFactory - url launched: https://www.olaz.de/de-de
[INFO ] 2020-05-15 16:41:48.743 [main] DriverFactory - clicked on registration link
[INFO ] 2020-05-15 16:42:15.615 [main] DriverFactory - selected gender which is applicable only for Germany and Spain
[INFO ] 2020-05-15 16:42:15.988 [main] DriverFactory - email entered
[INFO ] 2020-05-15 16:42:16.394 [main] DriverFactory - password entered
[INFO ] 2020-05-15 16:42:19.708 [main] DriverFactory - Driver is initialized
[INFO ] 2020-05-15 16:42:19.708 [main] DriverFactory - Launching Chrome browser
[INFO ] 2020-05-15 16:42:21.892 [main] DriverFactory - url launched: https://www.olay.es/es-es
[INFO ] 2020-05-15 16:46:07.419 [main] DriverFactory - Driver is initialized
[INFO ] 2020-05-15 16:46:07.430 [main] DriverFactory - Launching Chrome browser
[INFO ] 2020-05-15 16:46:09.668 [main] DriverFactory - url launched: https://www.olay.co.uk/en-gb
[INFO ] 2020-05-15 16:46:12.196 [main] DriverFactory - clicked on registration link
[INFO ] 2020-05-15 16:46:13.827 [main] DriverFactory - email entered
[INFO ] 2020-05-15 16:46:14.153 [main] DriverFactory - password entered
[INFO ] 2020-05-15 16:46:17.330 [main] DriverFactory - Driver is initialized
[INFO ] 2020-05-15 16:46:17.331 [main] DriverFactory - Launching Chrome browser
[INFO ] 2020-05-15 16:46:19.519 [main] DriverFactory - Getting the details from excel file
[INFO ] 2020-05-15 16:46:19.527 [main] DriverFactory - url launched: https://www.olaz.de/de-de
[INFO ] 2020-05-15 16:46:22.351 [main] DriverFactory - clicked on registration link
[INFO ] 2020-05-15 16:47:07.482 [main] DriverFactory - selected gender which is applicable only for Germany and Spain
[INFO ] 2020-05-15 16:47:07.919 [main] DriverFactory - email entered
[INFO ] 2020-05-15 16:47:08.352 [main] DriverFactory - password entered
[INFO ] 2020-05-15 16:47:11.702 [main] DriverFactory - Driver is initialized
[INFO ] 2020-05-15 16:47:11.702 [main] DriverFactory - Launching Chrome browser
[INFO ] 2020-05-15 16:47:13.860 [main] DriverFactory - url launched: https://www.olay.es/es-es
[INFO ] 2020-05-15 16:47:16.769 [main] DriverFactory - clicked on registration link
[INFO ] 2020-05-15 16:47:18.332 [main] DriverFactory - selected gender which is applicable only for Germany and Spain
[INFO ] 2020-05-15 16:47:18.795 [main] DriverFactory - email entered
[INFO ] 2020-05-15 16:47:19.229 [main] DriverFactory - password entered
[INFO ] 2020-05-15 16:55:20.177 [main] DriverFactory - Driver is initialized
[INFO ] 2020-05-15 16:55:20.177 [main] DriverFactory - Launching Chrome browser
[INFO ] 2020-05-15 16:55:22.359 [main] DriverFactory - url launched: https://www.olay.co.uk/en-gb
[INFO ] 2020-05-15 16:55:25.237 [main] DriverFactory - clicked on registration link
[INFO ] 2020-05-15 16:55:26.759 [main] DriverFactory - email entered
[INFO ] 2020-05-15 16:55:27.027 [main] DriverFactory - password entered
[INFO ] 2020-05-15 16:55:27.443 [main] DriverFactory - DOB entered
[INFO ] 2020-05-15 16:55:27.574 [main] DriverFactory - clicked on Register profile and navigating to second page for UK
[INFO ] 2020-05-15 16:55:31.364 [main] DriverFactory - entered firstname and lastname
[INFO ] 2020-05-15 16:55:31.721 [main] DriverFactory - entered address, city and pincode
[INFO ] 2020-05-15 16:55:34.832 [main] DriverFactory - Driver is initialized
[INFO ] 2020-05-15 16:55:34.832 [main] DriverFactory - Launching Chrome browser
[INFO ] 2020-05-15 16:55:36.973 [main] DriverFactory - Getting the details from excel file
[INFO ] 2020-05-15 16:55:36.977 [main] DriverFactory - url launched: https://www.olaz.de/de-de
[INFO ] 2020-05-15 16:55:38.775 [main] DriverFactory - clicked on registration link
[INFO ] 2020-05-15 16:55:40.345 [main] DriverFactory - selected gender which is applicable only for Germany and Spain
[INFO ] 2020-05-15 16:55:40.575 [main] DriverFactory - email entered
[INFO ] 2020-05-15 16:55:40.891 [main] DriverFactory - password entered
[INFO ] 2020-05-15 16:55:41.254 [main] DriverFactory - DOB entered
[INFO ] 2020-05-15 16:55:41.554 [main] DriverFactory - entered firstname and lastname
[INFO ] 2020-05-15 16:55:41.927 [main] DriverFactory - entered address, city and pincode
[INFO ] 2020-05-15 16:55:45.043 [main] DriverFactory - Driver is initialized
[INFO ] 2020-05-15 16:55:45.044 [main] DriverFactory - Launching Chrome browser
[INFO ] 2020-05-15 16:55:47.192 [main] DriverFactory - url launched: https://www.olay.es/es-es
[INFO ] 2020-05-15 16:55:49.109 [main] DriverFactory - clicked on registration link
[INFO ] 2020-05-15 16:55:50.392 [main] DriverFactory - selected gender which is applicable only for Germany and Spain
[INFO ] 2020-05-15 16:55:50.606 [main] DriverFactory - email entered
[INFO ] 2020-05-15 16:55:50.896 [main] DriverFactory - password entered
[INFO ] 2020-05-15 16:55:51.280 [main] DriverFactory - DOB entered
[INFO ] 2020-05-15 16:55:51.519 [main] DriverFactory - entered firstname and lastname
[INFO ] 2020-05-15 17:01:09.937 [main] DriverFactory - Driver is initialized
[INFO ] 2020-05-15 17:01:09.941 [main] DriverFactory - Launching Firefox browser
[INFO ] 2020-05-15 17:01:13.155 [main] DriverFactory - url launched: https://www.olay.co.uk/en-gb
[INFO ] 2020-05-15 17:01:15.891 [main] DriverFactory - clicked on registration link
[INFO ] 2020-05-15 17:01:16.045 [main] DriverFactory - email entered
[INFO ] 2020-05-15 17:01:16.197 [main] DriverFactory - password entered
[INFO ] 2020-05-15 17:01:17.184 [main] DriverFactory - DOB entered
[INFO ] 2020-05-15 17:01:20.476 [main] DriverFactory - clicked on Register profile and navigating to second page for UK
[INFO ] 2020-05-15 17:01:20.688 [main] DriverFactory - entered firstname and lastname
[INFO ] 2020-05-15 17:01:20.972 [main] DriverFactory - entered address, city and pincode
[INFO ] 2020-05-15 17:01:25.194 [main] DriverFactory - Driver is initialized
[INFO ] 2020-05-15 17:01:25.194 [main] DriverFactory - Launching Firefox browser
[INFO ] 2020-05-15 17:01:25.509 [main] DriverFactory - Getting the details from excel file
[INFO ] 2020-05-15 17:01:28.423 [main] DriverFactory - url launched: https://www.olaz.de/de-de
[INFO ] 2020-05-15 17:01:31.133 [main] DriverFactory - clicked on registration link
[INFO ] 2020-05-15 17:01:31.478 [main] DriverFactory - selected gender which is applicable only for Germany and Spain
[INFO ] 2020-05-15 17:01:31.559 [main] DriverFactory - email entered
[INFO ] 2020-05-15 17:01:31.678 [main] DriverFactory - password entered
[INFO ] 2020-05-15 17:01:35.972 [main] DriverFactory - Driver is initialized
[INFO ] 2020-05-15 17:01:35.972 [main] DriverFactory - Launching Firefox browser
[INFO ] 2020-05-15 17:01:40.116 [main] DriverFactory - url launched: https://www.olay.es/es-es
[INFO ] 2020-05-15 17:01:42.970 [main] DriverFactory - clicked on registration link
[INFO ] 2020-05-15 17:01:43.279 [main] DriverFactory - selected gender which is applicable only for Germany and Spain
[INFO ] 2020-05-15 17:01:43.386 [main] DriverFactory - email entered
[INFO ] 2020-05-15 17:01:43.502 [main] DriverFactory - password entered
[INFO ] 2020-05-15 19:54:25.409 [main] DriverFactory - Driver is initialized
[INFO ] 2020-05-15 19:54:25.418 [main] DriverFactory - Launching Firefox browser
[INFO ] 2020-05-15 19:54:29.515 [main] DriverFactory - url launched: https://www.olay.co.uk/en-gb
[INFO ] 2020-05-15 19:54:32.359 [main] DriverFactory - clicked on registration link
[INFO ] 2020-05-15 19:54:32.781 [main] DriverFactory - email entered
[INFO ] 2020-05-15 19:54:33.000 [main] DriverFactory - password entered
[INFO ] 2020-05-15 19:54:34.224 [main] DriverFactory - DOB entered
[INFO ] 2020-05-15 19:54:37.955 [main] DriverFactory - clicked on Register profile and navigating to second page for UK
[INFO ] 2020-05-15 19:54:38.347 [main] DriverFactory - entered firstname and lastname
[INFO ] 2020-05-15 19:54:38.827 [main] DriverFactory - entered address, city and pincode
[INFO ] 2020-05-15 19:54:44.708 [main] DriverFactory - Driver is initialized
[INFO ] 2020-05-15 19:54:44.708 [main] DriverFactory - Launching Firefox browser
[INFO ] 2020-05-15 19:54:44.986 [main] DriverFactory - Getting the details from excel file
[INFO ] 2020-05-15 19:54:47.974 [main] DriverFactory - url launched: https://www.olaz.de/de-de
[INFO ] 2020-05-15 19:54:51.404 [main] DriverFactory - clicked on registration link
[INFO ] 2020-05-15 19:54:51.835 [main] DriverFactory - selected gender which is applicable only for Germany and Spain
[INFO ] 2020-05-15 19:54:51.976 [main] DriverFactory - email entered
[INFO ] 2020-05-15 19:54:52.209 [main] DriverFactory - password entered
[INFO ] 2020-05-15 19:54:58.275 [main] DriverFactory - Driver is initialized
[INFO ] 2020-05-15 19:54:58.275 [main] DriverFactory - Launching Firefox browser
[INFO ] 2020-05-15 19:55:01.594 [main] DriverFactory - url launched: https://www.olay.es/es-es
[INFO ] 2020-05-15 19:55:04.375 [main] DriverFactory - clicked on registration link
[INFO ] 2020-05-15 19:55:04.946 [main] DriverFactory - selected gender which is applicable only for Germany and Spain
[INFO ] 2020-05-15 19:55:05.120 [main] DriverFactory - email entered
[INFO ] 2020-05-15 19:55:05.366 [main] DriverFactory - password entered
[INFO ] 2020-05-15 19:56:56.387 [main] DriverFactory - Driver is initialized
[INFO ] 2020-05-15 19:56:56.393 [main] DriverFactory - Launching Firefox browser
[INFO ] 2020-05-15 19:56:59.511 [main] DriverFactory - url launched: https://www.olay.co.uk/en-gb
[INFO ] 2020-05-15 19:57:01.879 [main] DriverFactory - clicked on registration link
[INFO ] 2020-05-15 19:57:02.092 [main] DriverFactory - email entered
[INFO ] 2020-05-15 19:57:02.329 [main] DriverFactory - password entered
[INFO ] 2020-05-15 19:57:04.625 [main] DriverFactory - DOB entered
[INFO ] 2020-05-15 19:57:08.346 [main] DriverFactory - clicked on Register profile and navigating to second page for UK
[INFO ] 2020-05-15 19:57:08.739 [main] DriverFactory - entered firstname and lastname
[INFO ] 2020-05-15 19:57:09.216 [main] DriverFactory - entered address, city and pincode
[INFO ] 2020-05-15 19:57:15.083 [main] DriverFactory - Driver is initialized
[INFO ] 2020-05-15 19:57:15.083 [main] DriverFactory - Launching Firefox browser
[INFO ] 2020-05-15 19:57:15.367 [main] DriverFactory - Getting the details from excel file
[INFO ] 2020-05-15 19:57:18.146 [main] DriverFactory - url launched: https://www.olaz.de/de-de
[INFO ] 2020-05-15 19:57:21.470 [main] DriverFactory - clicked on registration link
[INFO ] 2020-05-15 19:57:21.912 [main] DriverFactory - selected gender which is applicable only for Germany and Spain
[INFO ] 2020-05-15 19:57:22.152 [main] DriverFactory - email entered
[INFO ] 2020-05-15 19:57:22.352 [main] DriverFactory - password entered
[INFO ] 2020-05-15 19:57:28.343 [main] DriverFactory - Driver is initialized
[INFO ] 2020-05-15 19:57:28.343 [main] DriverFactory - Launching Firefox browser
[INFO ] 2020-05-15 19:57:31.630 [main] DriverFactory - url launched: https://www.olay.es/es-es
[INFO ] 2020-05-15 19:57:35.400 [main] DriverFactory - clicked on registration link
[INFO ] 2020-05-15 19:57:35.827 [main] DriverFactory - selected gender which is applicable only for Germany and Spain
[INFO ] 2020-05-15 19:57:35.983 [main] DriverFactory - email entered
[INFO ] 2020-05-15 19:57:36.192 [main] DriverFactory - password entered
[INFO ] 2020-05-15 19:57:38.290 [main] DriverFactory - DOB entered
[INFO ] 2020-05-15 19:57:38.455 [main] DriverFactory - entered firstname and lastname
[INFO ] 2020-05-15 19:58:52.979 [main] DriverFactory - Driver is initialized
[INFO ] 2020-05-15 19:58:52.984 [main] DriverFactory - Launching Firefox browser
[INFO ] 2020-05-15 19:58:55.803 [main] DriverFactory - url launched: https://www.olay.co.uk/en-gb
[INFO ] 2020-05-15 19:58:57.205 [main] DriverFactory - clicked on registration link
[INFO ] 2020-05-15 19:58:57.502 [main] DriverFactory - email entered
[INFO ] 2020-05-15 19:58:57.941 [main] DriverFactory - password entered
[INFO ] 2020-05-15 19:58:59.259 [main] DriverFactory - DOB entered
[INFO ] 2020-05-15 19:59:03.022 [main] DriverFactory - clicked on Register profile and navigating to second page for UK
[INFO ] 2020-05-15 19:59:03.402 [main] DriverFactory - entered firstname and lastname
[INFO ] 2020-05-15 19:59:03.957 [main] DriverFactory - entered address, city and pincode
[INFO ] 2020-05-15 19:59:09.844 [main] DriverFactory - Driver is initialized
[INFO ] 2020-05-15 19:59:09.845 [main] DriverFactory - Launching Firefox browser
[INFO ] 2020-05-15 19:59:10.118 [main] DriverFactory - Getting the details from excel file
[INFO ] 2020-05-15 19:59:12.424 [main] DriverFactory - url launched: https://www.olaz.de/de-de
[INFO ] 2020-05-15 19:59:16.050 [main] DriverFactory - clicked on registration link
[INFO ] 2020-05-15 19:59:16.477 [main] DriverFactory - selected gender which is applicable only for Germany and Spain
[INFO ] 2020-05-15 19:59:16.648 [main] DriverFactory - email entered
[INFO ] 2020-05-15 19:59:16.869 [main] DriverFactory - password entered
[INFO ] 2020-05-15 19:59:18.076 [main] DriverFactory - DOB entered
[INFO ] 2020-05-15 19:59:18.249 [main] DriverFactory - entered firstname and lastname
[INFO ] 2020-05-15 19:59:18.510 [main] DriverFactory - entered address, city and pincode
[INFO ] 2020-05-15 19:59:24.370 [main] DriverFactory - Driver is initialized
[INFO ] 2020-05-15 19:59:24.370 [main] DriverFactory - Launching Firefox browser
[INFO ] 2020-05-15 19:59:27.173 [main] DriverFactory - url launched: https://www.olay.es/es-es
[INFO ] 2020-05-15 19:59:30.267 [main] DriverFactory - clicked on registration link
[INFO ] 2020-05-15 19:59:30.669 [main] DriverFactory - selected gender which is applicable only for Germany and Spain
[INFO ] 2020-05-15 19:59:30.836 [main] DriverFactory - email entered
[INFO ] 2020-05-15 19:59:31.049 [main] DriverFactory - password entered
[INFO ] 2020-05-15 19:59:32.160 [main] DriverFactory - DOB entered
[INFO ] 2020-05-15 19:59:32.351 [main] DriverFactory - entered firstname and lastname
[INFO ] 2020-05-15 20:02:11.769 [main] DriverFactory - Driver is initialized
[INFO ] 2020-05-15 20:02:11.777 [main] DriverFactory - Launching Firefox browser
[INFO ] 2020-05-15 20:02:15.235 [main] DriverFactory - url launched: https://www.olay.co.uk/en-gb
[INFO ] 2020-05-15 20:02:17.678 [main] DriverFactory - clicked on registration link
[INFO ] 2020-05-15 20:02:17.831 [main] DriverFactory - email entered
[INFO ] 2020-05-15 20:02:18.101 [main] DriverFactory - password entered
[INFO ] 2020-05-15 20:02:19.279 [main] DriverFactory - DOB entered
[INFO ] 2020-05-15 20:02:23.475 [main] DriverFactory - clicked on Register profile and navigating to second page for UK
[INFO ] 2020-05-15 20:02:23.803 [main] DriverFactory - entered firstname and lastname
[INFO ] 2020-05-15 20:02:24.079 [main] DriverFactory - entered address, city and pincode
[INFO ] 2020-05-15 20:02:26.042 [main] DriverFactory - Closing browser
[INFO ] 2020-05-15 20:02:30.828 [main] DriverFactory - Driver is initialized
[INFO ] 2020-05-15 20:02:30.828 [main] DriverFactory - Launching Firefox browser
[INFO ] 2020-05-15 20:02:31.105 [main] DriverFactory - Getting the details from excel file
[INFO ] 2020-05-15 20:02:33.676 [main] DriverFactory - url launched: https://www.olaz.de/de-de
[INFO ] 2020-05-15 20:02:36.009 [main] DriverFactory - clicked on registration link
[INFO ] 2020-05-15 20:02:36.361 [main] DriverFactory - selected gender which is applicable only for Germany and Spain
[INFO ] 2020-05-15 20:02:36.476 [main] DriverFactory - email entered
[INFO ] 2020-05-15 20:02:36.639 [main] DriverFactory - password entered
[INFO ] 2020-05-15 20:02:37.647 [main] DriverFactory - DOB entered
[INFO ] 2020-05-15 20:02:37.799 [main] DriverFactory - entered firstname and lastname
[INFO ] 2020-05-15 20:02:38.047 [main] DriverFactory - entered address, city and pincode
[INFO ] 2020-05-15 20:02:39.926 [main] DriverFactory - Closing browser
[INFO ] 2020-05-15 20:02:44.667 [main] DriverFactory - Driver is initialized
[INFO ] 2020-05-15 20:02:44.667 [main] DriverFactory - Launching Firefox browser
[INFO ] 2020-05-15 20:02:47.126 [main] DriverFactory - url launched: https://www.olay.es/es-es
[INFO ] 2020-05-15 20:02:51.727 [main] DriverFactory - clicked on registration link
[INFO ] 2020-05-15 20:02:52.064 [main] DriverFactory - selected gender which is applicable only for Germany and Spain
[INFO ] 2020-05-15 20:02:52.188 [main] DriverFactory - email entered
[INFO ] 2020-05-15 20:02:52.380 [main] DriverFactory - password entered
[INFO ] 2020-05-15 20:02:53.439 [main] DriverFactory - DOB entered
[INFO ] 2020-05-15 20:02:53.632 [main] DriverFactory - entered firstname and lastname
[INFO ] 2020-05-15 20:02:55.251 [main] DriverFactory - Closing browser
[INFO ] 2020-05-15 20:45:09.252 [main] DriverFactory - Driver is initialized
[INFO ] 2020-05-15 20:45:09.257 [main] DriverFactory - Launching Firefox browser
[INFO ] 2020-05-15 20:45:13.236 [main] DriverFactory - url launched: https://www.olay.co.uk/en-gb
[INFO ] 2020-05-15 20:45:18.872 [main] DriverFactory - clicked on registration link
[INFO ] 2020-05-15 20:45:19.035 [main] DriverFactory - email entered
[INFO ] 2020-05-15 20:45:19.237 [main] DriverFactory - password entered
[INFO ] 2020-05-15 20:45:20.410 [main] DriverFactory - DOB entered
[INFO ] 2020-05-15 20:45:24.670 [main] DriverFactory - clicked on Register profile and navigating to second page for UK
[INFO ] 2020-05-15 20:45:25.075 [main] DriverFactory - entered firstname and lastname
[INFO ] 2020-05-15 20:45:25.334 [main] DriverFactory - entered address, city and pincode
[INFO ] 2020-05-15 20:45:27.221 [main] DriverFactory - Closing browser
[INFO ] 2020-05-15 20:45:31.999 [main] DriverFactory - Driver is initialized
[INFO ] 2020-05-15 20:45:31.999 [main] DriverFactory - Launching Firefox browser
[INFO ] 2020-05-15 20:45:32.296 [main] DriverFactory - Getting the details from excel file
[INFO ] 2020-05-15 20:45:35.793 [main] DriverFactory - url launched: https://www.olaz.de/de-de
[INFO ] 2020-05-15 20:45:38.310 [main] DriverFactory - clicked on registration link
[INFO ] 2020-05-15 20:45:38.676 [main] DriverFactory - selected gender which is applicable only for Germany and Spain
[INFO ] 2020-05-15 20:45:38.797 [main] DriverFactory - email entered
[INFO ] 2020-05-15 20:45:39.033 [main] DriverFactory - password entered
[INFO ] 2020-05-15 20:45:40.202 [main] DriverFactory - DOB entered
[INFO ] 2020-05-15 20:45:40.398 [main] DriverFactory - entered firstname and lastname
[INFO ] 2020-05-15 20:45:40.675 [main] DriverFactory - entered address, city and pincode
[INFO ] 2020-05-15 20:45:42.555 [main] DriverFactory - Closing browser
[INFO ] 2020-05-15 20:45:47.329 [main] DriverFactory - Driver is initialized
[INFO ] 2020-05-15 20:45:47.329 [main] DriverFactory - Launching Firefox browser
[INFO ] 2020-05-15 20:45:51.150 [main] DriverFactory - url launched: https://www.olay.es/es-es
[INFO ] 2020-05-15 20:45:54.010 [main] DriverFactory - clicked on registration link
[INFO ] 2020-05-15 20:45:54.349 [main] DriverFactory - selected gender which is applicable only for Germany and Spain
[INFO ] 2020-05-15 20:45:54.474 [main] DriverFactory - email entered
[INFO ] 2020-05-15 20:46:32.610 [main] DriverFactory - Driver is initialized
[INFO ] 2020-05-15 20:46:32.616 [main] DriverFactory - Launching Firefox browser
[INFO ] 2020-05-15 20:47:12.304 [main] DriverFactory - Driver is initialized
[INFO ] 2020-05-15 20:47:12.312 [main] DriverFactory - Launching Firefox browser
[INFO ] 2020-05-15 20:47:15.810 [main] DriverFactory - url launched: https://www.olay.co.uk/en-gb
[INFO ] 2020-05-15 20:47:18.337 [main] DriverFactory - clicked on registration link
[INFO ] 2020-05-15 20:47:18.486 [main] DriverFactory - email entered
[INFO ] 2020-05-15 20:47:18.671 [main] DriverFactory - password entered
[INFO ] 2020-05-15 20:47:19.912 [main] DriverFactory - DOB entered
[INFO ] 2020-05-15 20:47:24.185 [main] DriverFactory - clicked on Register profile and navigating to second page for UK
[INFO ] 2020-05-15 20:47:24.510 [main] DriverFactory - entered firstname and lastname
[INFO ] 2020-05-15 20:47:24.910 [main] DriverFactory - entered address, city and pincode
[INFO ] 2020-05-15 20:47:26.782 [main] DriverFactory - Closing browser
[INFO ] 2020-05-15 20:47:31.567 [main] DriverFactory - Driver is initialized
[INFO ] 2020-05-15 20:47:31.567 [main] DriverFactory - Launching Firefox browser
[INFO ] 2020-05-15 20:47:31.881 [main] DriverFactory - Getting the details from excel file
[INFO ] 2020-05-15 20:47:35.046 [main] DriverFactory - url launched: https://www.olaz.de/de-de
[INFO ] 2020-05-15 20:47:38.282 [main] DriverFactory - clicked on registration link
[INFO ] 2020-05-15 20:47:38.681 [main] DriverFactory - selected gender which is applicable only for Germany and Spain
[INFO ] 2020-05-15 20:47:38.846 [main] DriverFactory - email entered
[INFO ] 2020-05-15 20:47:40.783 [main] DriverFactory - Closing browser
[INFO ] 2020-05-15 20:47:45.560 [main] DriverFactory - Driver is initialized
[INFO ] 2020-05-15 20:47:45.560 [main] DriverFactory - Launching Firefox browser
[INFO ] 2020-05-15 20:47:48.540 [main] DriverFactory - url launched: https://www.olay.es/es-es
[INFO ] 2020-05-15 20:47:51.396 [main] DriverFactory - clicked on registration link
[INFO ] 2020-05-15 20:47:51.779 [main] DriverFactory - selected gender which is applicable only for Germany and Spain
[INFO ] 2020-05-15 20:47:51.891 [main] DriverFactory - email entered
[INFO ] 2020-05-15 20:47:52.127 [main] DriverFactory - password entered
[INFO ] 2020-05-15 20:47:53.255 [main] DriverFactory - DOB entered
[INFO ] 2020-05-15 20:47:53.445 [main] DriverFactory - entered firstname and lastname
[INFO ] 2020-05-15 20:47:55.639 [main] DriverFactory - Closing browser
[INFO ] 2020-05-15 21:16:53.579 [main] DriverFactory - Driver is initialized
[INFO ] 2020-05-15 21:16:53.587 [main] DriverFactory - Launching Firefox browser
[INFO ] 2020-05-15 21:16:57.357 [main] DriverFactory - url launched: https://www.olay.co.uk/en-gb
[INFO ] 2020-05-15 21:17:03.155 [main] DriverFactory - clicked on registration link
[INFO ] 2020-05-15 21:17:03.320 [main] DriverFactory - email entered
[INFO ] 2020-05-15 21:17:03.558 [main] DriverFactory - password entered
[INFO ] 2020-05-15 21:17:04.761 [main] DriverFactory - DOB entered
[INFO ] 2020-05-15 21:17:08.420 [main] DriverFactory - clicked on Register profile and navigating to second page for UK
[INFO ] 2020-05-15 21:17:08.670 [main] DriverFactory - entered firstname and lastname
[INFO ] 2020-05-15 21:17:09.103 [main] DriverFactory - entered address, city and pincode
[INFO ] 2020-05-15 21:17:11.354 [main] DriverFactory - Closing browser
[INFO ] 2020-05-15 21:17:16.267 [main] DriverFactory - Driver is initialized
[INFO ] 2020-05-15 21:17:16.267 [main] DriverFactory - Launching Firefox browser
[INFO ] 2020-05-15 21:17:16.587 [main] DriverFactory - Getting the details from excel file
[INFO ] 2020-05-15 21:17:19.254 [main] DriverFactory - url launched: https://www.olaz.de/de-de
[INFO ] 2020-05-15 21:17:21.871 [main] DriverFactory - clicked on registration link
[INFO ] 2020-05-15 21:17:22.273 [main] DriverFactory - selected gender which is applicable only for Germany and Spain
[INFO ] 2020-05-15 21:17:22.404 [main] DriverFactory - email entered
[INFO ] 2020-05-15 21:17:44.488 [main] DriverFactory - Closing browser
[INFO ] 2020-05-15 21:18:27.470 [main] DriverFactory - Driver is initialized
[INFO ] 2020-05-15 21:18:27.477 [main] DriverFactory - Launching Firefox browser
[INFO ] 2020-05-15 21:18:30.789 [main] DriverFactory - url launched: https://www.olay.co.uk/en-gb
[INFO ] 2020-05-15 21:18:34.124 [main] DriverFactory - clicked on registration link
[INFO ] 2020-05-15 21:18:34.298 [main] DriverFactory - email entered
[INFO ] 2020-05-15 21:18:34.566 [main] DriverFactory - password entered
[INFO ] 2020-05-15 21:18:35.740 [main] DriverFactory - DOB entered
[INFO ] 2020-05-15 21:18:39.139 [main] DriverFactory - clicked on Register profile and navigating to second page for UK
[INFO ] 2020-05-15 21:18:39.435 [main] DriverFactory - entered firstname and lastname
[INFO ] 2020-05-15 21:18:39.882 [main] DriverFactory - entered address, city and pincode
[INFO ] 2020-05-15 21:18:42.000 [main] DriverFactory - Closing browser
[INFO ] 2020-05-15 21:18:47.353 [main] DriverFactory - Driver is initialized
[INFO ] 2020-05-15 21:18:47.353 [main] DriverFactory - Launching Firefox browser
[INFO ] 2020-05-15 21:18:47.645 [main] DriverFactory - Getting the details from excel file
[INFO ] 2020-05-15 21:18:50.206 [main] DriverFactory - url launched: https://www.olaz.de/de-de
[INFO ] 2020-05-15 21:18:52.915 [main] DriverFactory - clicked on registration link
[INFO ] 2020-05-15 21:18:53.269 [main] DriverFactory - selected gender which is applicable only for Germany and Spain
[INFO ] 2020-05-15 21:18:53.418 [main] DriverFactory - email entered
[INFO ] 2020-05-15 21:18:53.627 [main] DriverFactory - password entered
[INFO ] 2020-05-15 21:19:15.692 [main] DriverFactory - Closing browser
[INFO ] 2020-05-15 21:19:20.550 [main] DriverFactory - Driver is initialized
[INFO ] 2020-05-15 21:19:20.550 [main] DriverFactory - Launching Firefox browser
[INFO ] 2020-05-15 21:19:23.436 [main] DriverFactory - url launched: https://www.olay.es/es-es
[INFO ] 2020-05-15 21:19:26.740 [main] DriverFactory - clicked on registration link
[INFO ] 2020-05-15 21:19:27.078 [main] DriverFactory - selected gender which is applicable only for Germany and Spain
[INFO ] 2020-05-15 21:19:27.189 [main] DriverFactory - email entered
[INFO ] 2020-05-15 21:19:27.399 [main] DriverFactory - password entered
[INFO ] 2020-05-15 21:19:28.495 [main] DriverFactory - DOB entered
[INFO ] 2020-05-15 21:19:28.676 [main] DriverFactory - entered firstname and lastname
[INFO ] 2020-05-15 21:19:30.645 [main] DriverFactory - Closing browser
[INFO ] 2020-05-15 21:21:44.396 [main] DriverFactory - Driver is initialized
[INFO ] 2020-05-15 21:21:44.403 [main] DriverFactory - Launching Firefox browser
[INFO ] 2020-05-15 21:21:47.081 [main] DriverFactory - url launched: https://www.olay.co.uk/en-gb
[INFO ] 2020-05-15 21:21:50.140 [main] DriverFactory - clicked on registration link
[INFO ] 2020-05-15 21:21:50.305 [main] DriverFactory - email entered
[INFO ] 2020-05-15 21:21:50.500 [main] DriverFactory - password entered
[INFO ] 2020-05-15 21:21:51.766 [main] DriverFactory - DOB entered
[INFO ] 2020-05-15 21:21:55.304 [main] DriverFactory - clicked on Register profile and navigating to second page for UK
[INFO ] 2020-05-15 21:21:55.595 [main] DriverFactory - entered firstname and lastname
[INFO ] 2020-05-15 21:21:56.081 [main] DriverFactory - entered address, city and pincode
[INFO ] 2020-05-15 21:21:58.044 [main] DriverFactory - Closing browser
[INFO ] 2020-05-15 21:22:02.917 [main] DriverFactory - Driver is initialized
[INFO ] 2020-05-15 21:22:02.918 [main] DriverFactory - Launching Firefox browser
[INFO ] 2020-05-15 21:22:03.216 [main] DriverFactory - Getting the details from excel file
[INFO ] 2020-05-15 21:22:05.445 [main] DriverFactory - url launched: https://www.olaz.de/de-de
[INFO ] 2020-05-15 21:22:08.312 [main] DriverFactory - clicked on registration link
[INFO ] 2020-05-15 21:22:08.704 [main] DriverFactory - selected gender which is applicable only for Germany and Spain
[INFO ] 2020-05-15 21:22:08.858 [main] DriverFactory - email entered
[INFO ] 2020-05-15 21:22:09.044 [main] DriverFactory - password entered
[INFO ] 2020-05-15 21:22:10.174 [main] DriverFactory - DOB entered
[INFO ] 2020-05-15 21:22:32.907 [main] DriverFactory - Closing browser
[INFO ] 2020-05-15 21:22:38.271 [main] DriverFactory - Driver is initialized
[INFO ] 2020-05-15 21:22:38.271 [main] DriverFactory - Launching Firefox browser
[INFO ] 2020-05-15 21:22:41.402 [main] DriverFactory - url launched: https://www.olay.es/es-es
[INFO ] 2020-05-15 21:22:44.153 [main] DriverFactory - clicked on registration link
[INFO ] 2020-05-15 21:22:44.485 [main] DriverFactory - selected gender which is applicable only for Germany and Spain
[INFO ] 2020-05-15 21:22:44.586 [main] DriverFactory - email entered
[INFO ] 2020-05-15 21:22:44.729 [main] DriverFactory - password entered
[INFO ] 2020-05-15 21:22:58.546 [main] DriverFactory - Driver is initialized
[INFO ] 2020-05-15 21:22:58.552 [main] DriverFactory - Launching Firefox browser
[INFO ] 2020-05-15 21:23:03.534 [main] DriverFactory - url launched: https://www.olay.co.uk/en-gb
[INFO ] 2020-05-15 21:23:08.773 [main] DriverFactory - clicked on registration link
[INFO ] 2020-05-15 21:23:08.955 [main] DriverFactory - email entered
[INFO ] 2020-05-15 21:23:09.169 [main] DriverFactory - password entered
[INFO ] 2020-05-15 21:23:10.377 [main] DriverFactory - DOB entered
[INFO ] 2020-05-15 21:23:13.940 [main] DriverFactory - clicked on Register profile and navigating to second page for UK
[INFO ] 2020-05-15 21:23:14.234 [main] DriverFactory - entered firstname and lastname
[INFO ] 2020-05-15 21:23:14.697 [main] DriverFactory - entered address, city and pincode
[INFO ] 2020-05-15 21:23:16.787 [main] DriverFactory - Closing browser
[INFO ] 2020-05-15 21:23:21.668 [main] DriverFactory - Driver is initialized
[INFO ] 2020-05-15 21:23:21.668 [main] DriverFactory - Launching Firefox browser
[INFO ] 2020-05-15 21:23:21.941 [main] DriverFactory - Getting the details from excel file
[INFO ] 2020-05-15 21:23:26.377 [main] DriverFactory - url launched: https://www.olaz.de/de-de
[INFO ] 2020-05-15 21:23:29.573 [main] DriverFactory - clicked on registration link
[INFO ] 2020-05-15 21:23:29.954 [main] DriverFactory - selected gender which is applicable only for Germany and Spain
[INFO ] 2020-05-15 21:23:30.076 [main] DriverFactory - email entered
[INFO ] 2020-05-15 21:23:30.259 [main] DriverFactory - password entered
[INFO ] 2020-05-15 21:23:31.307 [main] DriverFactory - DOB entered
[INFO ] 2020-05-15 21:23:32.195 [main] DriverFactory - entered firstname and lastname
[INFO ] 2020-05-15 21:23:32.429 [main] DriverFactory - entered address, city and pincode
[INFO ] 2020-05-15 21:23:34.328 [main] DriverFactory - Closing browser
[INFO ] 2020-05-15 21:23:39.702 [main] DriverFactory - Driver is initialized
[INFO ] 2020-05-15 21:23:39.702 [main] DriverFactory - Launching Firefox browser
[INFO ] 2020-05-15 21:23:42.506 [main] DriverFactory - url launched: https://www.olay.es/es-es
[INFO ] 2020-05-15 21:23:45.824 [main] DriverFactory - clicked on registration link
[INFO ] 2020-05-15 21:23:46.170 [main] DriverFactory - selected gender which is applicable only for Germany and Spain
[INFO ] 2020-05-15 21:23:46.278 [main] DriverFactory - email entered
[INFO ] 2020-05-15 21:23:46.463 [main] DriverFactory - password entered
[INFO ] 2020-05-15 21:23:47.528 [main] DriverFactory - DOB entered
[INFO ] 2020-05-15 21:23:47.714 [main] DriverFactory - entered firstname and lastname
[INFO ] 2020-05-15 21:23:49.617 [main] DriverFactory - Closing browser
[INFO ] 2020-05-15 21:31:38.220 [main] DriverFactory - Driver is initialized
[INFO ] 2020-05-15 21:31:38.228 [main] DriverFactory - Launching Chrome browser
[INFO ] 2020-05-15 21:31:40.423 [main] DriverFactory - url launched: https://www.olay.co.uk/en-gb
[INFO ] 2020-05-15 21:31:42.954 [main] DriverFactory - clicked on registration link
[INFO ] 2020-05-15 21:31:44.149 [main] DriverFactory - email entered
[INFO ] 2020-05-15 21:31:44.586 [main] DriverFactory - password entered
[INFO ] 2020-05-15 21:31:45.173 [main] DriverFactory - DOB entered
[INFO ] 2020-05-15 21:31:45.370 [main] DriverFactory - clicked on Register profile and navigating to second page for UK
[INFO ] 2020-05-15 21:31:49.727 [main] DriverFactory - entered firstname and lastname
[INFO ] 2020-05-15 21:31:50.233 [main] DriverFactory - entered address, city and pincode
[INFO ] 2020-05-15 21:31:50.412 [main] DriverFactory - clicked submit button of registration page
[INFO ] 2020-05-15 21:31:51.155 [main] DriverFactory - Closing browser
[INFO ] 2020-05-15 21:31:54.357 [main] DriverFactory - Driver is initialized
[INFO ] 2020-05-15 21:31:54.358 [main] DriverFactory - Launching Chrome browser
[INFO ] 2020-05-15 21:31:56.505 [main] DriverFactory - Getting the details from excel file
[INFO ] 2020-05-15 21:31:56.513 [main] DriverFactory - url launched: https://www.olaz.de/de-de
[INFO ] 2020-05-15 21:31:59.074 [main] DriverFactory - clicked on registration link
[INFO ] 2020-05-15 21:32:07.565 [main] DriverFactory - selected gender which is applicable only for Germany and Spain
[INFO ] 2020-05-15 21:32:07.873 [main] DriverFactory - email entered
[INFO ] 2020-05-15 21:32:08.352 [main] DriverFactory - password entered
[INFO ] 2020-05-15 21:32:08.957 [main] DriverFactory - DOB entered
[INFO ] 2020-05-15 21:32:09.694 [main] DriverFactory - entered firstname and lastname
[INFO ] 2020-05-15 21:32:10.293 [main] DriverFactory - entered address, city and pincode
[INFO ] 2020-05-15 21:32:12.207 [main] DriverFactory - Closing browser
[INFO ] 2020-05-15 21:32:15.439 [main] DriverFactory - Driver is initialized
[INFO ] 2020-05-15 21:32:15.440 [main] DriverFactory - Launching Chrome browser
[INFO ] 2020-05-15 21:32:17.611 [main] DriverFactory - url launched: https://www.olay.es/es-es
[INFO ] 2020-05-15 21:32:20.104 [main] DriverFactory - clicked on registration link
[INFO ] 2020-05-15 21:32:22.861 [main] DriverFactory - selected gender which is applicable only for Germany and Spain
[INFO ] 2020-05-15 21:32:23.131 [main] DriverFactory - email entered
[INFO ] 2020-05-15 21:32:23.478 [main] DriverFactory - password entered
[INFO ] 2020-05-15 21:32:23.925 [main] DriverFactory - DOB entered
[INFO ] 2020-05-15 21:32:24.212 [main] DriverFactory - entered firstname and lastname
[INFO ] 2020-05-15 21:32:26.123 [main] DriverFactory - Closing browser
[INFO ] 2020-05-15 21:48:42.229 [main] DriverFactory - Driver is initialized
[INFO ] 2020-05-15 21:48:42.233 [main] DriverFactory - Launching Chrome browser
[INFO ] 2020-05-15 21:48:44.416 [main] DriverFactory - url launched: https://www.olay.co.uk/en-gb
[INFO ] 2020-05-15 21:48:48.422 [main] DriverFactory - clicked on registration link
[INFO ] 2020-05-15 21:48:49.730 [main] DriverFactory - email entered
[INFO ] 2020-05-15 21:48:50.099 [main] DriverFactory - password entered
[INFO ] 2020-05-15 21:48:50.668 [main] DriverFactory - DOB entered
[INFO ] 2020-05-15 21:48:50.840 [main] DriverFactory - clicked on Register profile and navigating to second page for UK
[INFO ] 2020-05-15 21:48:55.064 [main] DriverFactory - entered firstname and lastname
[INFO ] 2020-05-15 21:48:55.601 [main] DriverFactory - entered address, city and pincode
[INFO ] 2020-05-15 21:48:55.839 [main] DriverFactory - clicked submit button of registration page
[INFO ] 2020-05-15 21:48:56.583 [main] DriverFactory - Closing browser
[INFO ] 2020-05-15 21:48:59.817 [main] DriverFactory - Driver is initialized
[INFO ] 2020-05-15 21:48:59.817 [main] DriverFactory - Launching Chrome browser
[INFO ] 2020-05-15 21:49:01.969 [main] DriverFactory - Getting the details from excel file
[INFO ] 2020-05-15 21:49:01.979 [main] DriverFactory - url launched: https://www.olaz.de/de-de
[INFO ] 2020-05-15 21:49:05.393 [main] DriverFactory - clicked on registration link
[INFO ] 2020-05-15 21:49:06.706 [main] DriverFactory - selected gender which is applicable only for Germany and Spain
[INFO ] 2020-05-15 21:49:06.984 [main] DriverFactory - email entered
[INFO ] 2020-05-15 21:49:07.437 [main] DriverFactory - password entered
[INFO ] 2020-05-15 21:49:08.006 [main] DriverFactory - DOB entered
[INFO ] 2020-05-15 21:49:08.715 [main] DriverFactory - entered firstname and lastname
[INFO ] 2020-05-15 21:49:09.284 [main] DriverFactory - entered address, city and pincode
[INFO ] 2020-05-15 21:49:09.469 [main] DriverFactory - clicked submit button of registration page
[INFO ] 2020-05-15 21:49:10.185 [main] DriverFactory - Closing browser
[INFO ] 2020-05-15 21:49:13.360 [main] DriverFactory - Driver is initialized
[INFO ] 2020-05-15 21:49:13.360 [main] DriverFactory - Launching Chrome browser
[INFO ] 2020-05-15 21:49:15.507 [main] DriverFactory - url launched: https://www.olay.es/es-es
[INFO ] 2020-05-15 21:49:17.778 [main] DriverFactory - clicked on registration link
[INFO ] 2020-05-15 21:49:19.287 [main] DriverFactory - selected gender which is applicable only for Germany and Spain
[INFO ] 2020-05-15 21:49:19.583 [main] DriverFactory - email entered
[INFO ] 2020-05-15 21:49:19.951 [main] DriverFactory - password entered
[INFO ] 2020-05-15 21:49:20.464 [main] DriverFactory - DOB entered
[INFO ] 2020-05-15 21:49:20.780 [main] DriverFactory - entered firstname and lastname
[INFO ] 2020-05-15 21:49:20.941 [main] DriverFactory - clicked submit button of registration page
[INFO ] 2020-05-15 21:49:21.675 [main] DriverFactory - Closing browser
