[INFO ] 2020-05-18 01:18:31.750 [main] DriverFactory - Driver is initialized
[INFO ] 2020-05-18 01:18:31.766 [main] DriverFactory - Launching Chrome browser
[INFO ] 2020-05-18 01:18:36.941 [main] DriverFactory - clicked on signin link
[INFO ] 2020-05-18 01:18:38.147 [main] DriverFactory - entered username
[INFO ] 2020-05-18 01:18:38.267 [main] DriverFactory - entered password
[INFO ] 2020-05-18 01:18:38.402 [main] DriverFactory - clicked on signin button
[INFO ] 2020-05-18 01:18:38.475 [main] DriverFactory - Error message displayed
[INFO ] 2020-05-18 01:18:38.620 [main] DriverFactory - entered username
[INFO ] 2020-05-18 01:18:38.701 [main] DriverFactory - entered password
[INFO ] 2020-05-18 01:18:38.825 [main] DriverFactory - clicked on signin button
[INFO ] 2020-05-18 01:18:38.887 [main] DriverFactory - Error message displayed
[INFO ] 2020-05-18 01:18:39.014 [main] DriverFactory - entered username
[INFO ] 2020-05-18 01:18:39.096 [main] DriverFactory - entered password
[INFO ] 2020-05-18 01:18:39.185 [main] DriverFactory - clicked on signin button
[INFO ] 2020-05-18 01:18:39.237 [main] DriverFactory - Error message displayed
[INFO ] 2020-05-18 01:18:39.348 [main] DriverFactory - entered username
[INFO ] 2020-05-18 01:18:39.431 [main] DriverFactory - entered password
[INFO ] 2020-05-18 01:18:39.544 [main] DriverFactory - clicked on signin button
[INFO ] 2020-05-18 01:18:39.602 [main] DriverFactory - Error message displayed
[INFO ] 2020-05-18 01:18:42.183 [main] DriverFactory - clicked on signin link
[INFO ] 2020-05-18 01:18:43.786 [main] DriverFactory - entered username
[INFO ] 2020-05-18 01:18:43.949 [main] DriverFactory - entered password
[INFO ] 2020-05-18 01:18:44.131 [main] DriverFactory - clicked on signin button
[INFO ] 2020-05-18 01:18:45.721 [main] DriverFactory - Error message displayed
[INFO ] 2020-05-18 01:18:46.131 [main] DriverFactory - entered username
[INFO ] 2020-05-18 01:18:46.320 [main] DriverFactory - entered password
[INFO ] 2020-05-18 01:18:46.523 [main] DriverFactory - clicked on signin button
[INFO ] 2020-05-18 01:18:47.850 [main] DriverFactory - Error message displayed
[INFO ] 2020-05-18 01:18:48.237 [main] DriverFactory - entered username
[INFO ] 2020-05-18 01:18:48.417 [main] DriverFactory - entered password
[INFO ] 2020-05-18 01:18:48.587 [main] DriverFactory - clicked on signin button
[INFO ] 2020-05-18 01:18:51.381 [main] DriverFactory - Error message displayed
[INFO ] 2020-05-18 01:18:51.735 [main] DriverFactory - entered username
[INFO ] 2020-05-18 01:18:51.901 [main] DriverFactory - entered password
[INFO ] 2020-05-18 01:18:52.069 [main] DriverFactory - clicked on signin button
[INFO ] 2020-05-18 01:18:53.502 [main] DriverFactory - Error message displayed
[INFO ] 2020-05-18 01:18:54.239 [main] DriverFactory - Closing browser
[INFO ] 2020-05-18 01:18:57.542 [main] DriverFactory - Driver is initialized
[INFO ] 2020-05-18 01:18:57.542 [main] DriverFactory - Launching Chrome browser
[INFO ] 2020-05-18 01:18:59.684 [main] DriverFactory - url launched: https://www.olay.co.uk/en-gb
[INFO ] 2020-05-18 01:19:02.616 [main] DriverFactory - clicked on signin link
[INFO ] 2020-05-18 01:19:03.812 [main] DriverFactory - entered username
[INFO ] 2020-05-18 01:19:03.987 [main] DriverFactory - entered password
[INFO ] 2020-05-18 01:19:04.148 [main] DriverFactory - clicked on signin button
[INFO ] 2020-05-18 01:19:07.893 [main] DriverFactory - Landed on profile page
[INFO ] 2020-05-18 01:19:08.069 [main] DriverFactory - User lands on the correct account
[INFO ] 2020-05-18 01:19:08.773 [main] DriverFactory - Closing browser
[INFO ] 2020-05-18 01:21:07.372 [main] DriverFactory - Driver is initialized
[INFO ] 2020-05-18 01:21:07.376 [main] DriverFactory - Launching Chrome browser
[INFO ] 2020-05-18 01:21:12.446 [main] DriverFactory - clicked on signin link
[INFO ] 2020-05-18 01:21:13.547 [main] DriverFactory - entered username
[INFO ] 2020-05-18 01:21:13.700 [main] DriverFactory - entered password
[INFO ] 2020-05-18 01:21:13.887 [main] DriverFactory - clicked on signin button
[INFO ] 2020-05-18 01:21:13.970 [main] DriverFactory - Error message displayed
[INFO ] 2020-05-18 01:21:14.390 [main] DriverFactory - entered username
[INFO ] 2020-05-18 01:21:14.565 [main] DriverFactory - entered password
[INFO ] 2020-05-18 01:21:14.686 [main] DriverFactory - clicked on signin button
[INFO ] 2020-05-18 01:21:14.750 [main] DriverFactory - Error message displayed
[INFO ] 2020-05-18 01:21:15.068 [main] DriverFactory - entered username
[INFO ] 2020-05-18 01:21:15.170 [main] DriverFactory - entered password
[INFO ] 2020-05-18 01:21:15.292 [main] DriverFactory - clicked on signin button
[INFO ] 2020-05-18 01:21:15.364 [main] DriverFactory - Error message displayed
[INFO ] 2020-05-18 01:21:15.670 [main] DriverFactory - entered username
[INFO ] 2020-05-18 01:21:15.759 [main] DriverFactory - entered password
[INFO ] 2020-05-18 01:21:15.876 [main] DriverFactory - clicked on signin button
[INFO ] 2020-05-18 01:21:15.942 [main] DriverFactory - Error message displayed
[INFO ] 2020-05-18 01:21:18.715 [main] DriverFactory - clicked on signin link
[INFO ] 2020-05-18 01:21:21.949 [main] DriverFactory - entered username
[INFO ] 2020-05-18 01:21:22.135 [main] DriverFactory - entered password
[INFO ] 2020-05-18 01:21:22.327 [main] DriverFactory - clicked on signin button
[INFO ] 2020-05-18 01:21:24.147 [main] DriverFactory - Error message displayed
[INFO ] 2020-05-18 01:21:24.768 [main] DriverFactory - entered username
[INFO ] 2020-05-18 01:21:24.942 [main] DriverFactory - entered password
[INFO ] 2020-05-18 01:21:25.125 [main] DriverFactory - clicked on signin button
[INFO ] 2020-05-18 01:21:26.801 [main] DriverFactory - Error message displayed
[INFO ] 2020-05-18 01:21:27.379 [main] DriverFactory - entered username
[INFO ] 2020-05-18 01:21:27.533 [main] DriverFactory - entered password
[INFO ] 2020-05-18 01:21:27.685 [main] DriverFactory - clicked on signin button
[INFO ] 2020-05-18 01:21:29.146 [main] DriverFactory - Error message displayed
[INFO ] 2020-05-18 01:21:29.781 [main] DriverFactory - entered username
[INFO ] 2020-05-18 01:21:29.950 [main] DriverFactory - entered password
[INFO ] 2020-05-18 01:21:30.142 [main] DriverFactory - clicked on signin button
[INFO ] 2020-05-18 01:21:32.471 [main] DriverFactory - Error message displayed
[INFO ] 2020-05-18 01:21:33.501 [main] DriverFactory - Closing browser
[INFO ] 2020-05-18 01:21:36.736 [main] DriverFactory - Driver is initialized
[INFO ] 2020-05-18 01:21:36.736 [main] DriverFactory - Launching Chrome browser
[INFO ] 2020-05-18 01:21:38.877 [main] DriverFactory - url launched: https://www.olay.co.uk/en-gb
[INFO ] 2020-05-18 01:21:41.281 [main] DriverFactory - clicked on signin link
[INFO ] 2020-05-18 01:21:42.781 [main] DriverFactory - entered username
[INFO ] 2020-05-18 01:21:42.979 [main] DriverFactory - entered password
[INFO ] 2020-05-18 01:21:43.182 [main] DriverFactory - clicked on signin button
[INFO ] 2020-05-18 01:21:47.007 [main] DriverFactory - Landed on profile page
[INFO ] 2020-05-18 01:21:47.091 [main] DriverFactory - User lands on the correct account
[INFO ] 2020-05-18 01:21:47.803 [main] DriverFactory - Closing browser
[INFO ] 2020-05-18 01:21:51.003 [main] DriverFactory - Driver is initialized
[INFO ] 2020-05-18 01:21:51.004 [main] DriverFactory - Launching Chrome browser
[INFO ] 2020-05-18 01:21:53.150 [main] DriverFactory - url launched: https://www.olay.es/es-es
[INFO ] 2020-05-18 01:21:55.127 [main] DriverFactory - clicked on signin link
[INFO ] 2020-05-18 01:21:56.466 [main] DriverFactory - entered username
[INFO ] 2020-05-18 01:21:56.628 [main] DriverFactory - entered password
[INFO ] 2020-05-18 01:21:56.794 [main] DriverFactory - clicked on signin button
[INFO ] 2020-05-18 01:22:00.425 [main] DriverFactory - Landed on profile page
[INFO ] 2020-05-18 01:22:00.579 [main] DriverFactory - User lands on the correct account
[INFO ] 2020-05-18 01:22:01.279 [main] DriverFactory - Closing browser
[INFO ] 2020-05-18 01:22:04.521 [main] DriverFactory - Driver is initialized
[INFO ] 2020-05-18 01:22:04.522 [main] DriverFactory - Launching Chrome browser
[INFO ] 2020-05-18 01:22:06.675 [main] DriverFactory - url launched: https://www.olay.co.uk/en-gb
[INFO ] 2020-05-18 01:22:09.078 [main] DriverFactory - clicked on registration link
[INFO ] 2020-05-18 01:22:10.495 [main] DriverFactory - email entered
[INFO ] 2020-05-18 01:22:10.827 [main] DriverFactory - password entered
[INFO ] 2020-05-18 01:22:10.988 [main] DriverFactory - Verifying whether user is able to register without entering the DOB to validate mandatory field check
[INFO ] 2020-05-18 01:22:11.500 [main] DriverFactory - User is not able to register without entering mandatory field
[INFO ] 2020-05-18 01:22:11.500 [main] DriverFactory - DOB entered
[INFO ] 2020-05-18 01:22:11.618 [main] DriverFactory - clicked on Register profile and navigating to second page for UK
[INFO ] 2020-05-18 01:22:15.428 [main] DriverFactory - entered firstname and lastname
[INFO ] 2020-05-18 01:22:15.898 [main] DriverFactory - entered address, city and pincode
[INFO ] 2020-05-18 01:22:16.103 [main] DriverFactory - clicked submit button of registration page
[INFO ] 2020-05-18 01:22:17.878 [main] DriverFactory - Sucessfully registered message is displayed in the page
[INFO ] 2020-05-18 01:22:28.601 [main] DriverFactory - Closing browser
[INFO ] 2020-05-18 01:22:31.800 [main] DriverFactory - Driver is initialized
[INFO ] 2020-05-18 01:22:31.801 [main] DriverFactory - Launching Chrome browser
[INFO ] 2020-05-18 01:22:33.954 [main] DriverFactory - Fetching the details from excel file
[INFO ] 2020-05-18 01:22:33.961 [main] DriverFactory - url launched: https://www.olaz.de/de-de
[INFO ] 2020-05-18 01:22:36.157 [main] DriverFactory - clicked on registration link
[INFO ] 2020-05-18 01:22:37.192 [main] DriverFactory - selected gender
[INFO ] 2020-05-18 01:22:37.435 [main] DriverFactory - email entered
[INFO ] 2020-05-18 01:22:37.766 [main] DriverFactory - password entered
[INFO ] 2020-05-18 01:22:38.090 [main] DriverFactory - Verifying whether user is able to register without entering the DOB to validate mandatory field check
[INFO ] 2020-05-18 01:22:38.617 [main] DriverFactory - User is not able to register without entering mandatory field
[INFO ] 2020-05-18 01:22:38.618 [main] DriverFactory - DOB entered
[INFO ] 2020-05-18 01:22:39.369 [main] DriverFactory - entered firstname and lastname
[INFO ] 2020-05-18 01:22:39.798 [main] DriverFactory - entered address, city and pincode
[INFO ] 2020-05-18 01:22:39.945 [main] DriverFactory - clicked submit button of registration page
[INFO ] 2020-05-18 01:23:41.839 [main] DriverFactory - Closing browser
[INFO ] 2020-05-18 01:23:45.022 [main] DriverFactory - Driver is initialized
[INFO ] 2020-05-18 01:23:45.022 [main] DriverFactory - Launching Chrome browser
[INFO ] 2020-05-18 01:23:47.172 [main] DriverFactory - Fetching the details from json file
[INFO ] 2020-05-18 01:23:47.177 [main] DriverFactory - url launched: https://www.olay.es/es-es
[INFO ] 2020-05-18 01:23:49.410 [main] DriverFactory - clicked on registration link
[INFO ] 2020-05-18 01:24:00.006 [main] DriverFactory - selected gender
[INFO ] 2020-05-18 01:24:00.323 [main] DriverFactory - email entered
[INFO ] 2020-05-18 01:24:00.680 [main] DriverFactory - password entered
[INFO ] 2020-05-18 01:24:00.842 [main] DriverFactory - Verifying whether user is able to register without entering the DOB to validate mandatory field check
[INFO ] 2020-05-18 01:24:03.144 [main] DriverFactory - User is not able to register without entering mandatory field
[INFO ] 2020-05-18 01:24:03.144 [main] DriverFactory - DOB entered
[INFO ] 2020-05-18 01:24:03.611 [main] DriverFactory - entered firstname and lastname
[INFO ] 2020-05-18 01:24:03.770 [main] DriverFactory - clicked submit button of registration page
[INFO ] 2020-05-18 01:25:05.662 [main] DriverFactory - Closing browser
[INFO ] 2020-05-18 01:25:08.852 [main] DriverFactory - Driver is initialized
[INFO ] 2020-05-18 01:25:08.852 [main] DriverFactory - Launching Chrome browser
[INFO ] 2020-05-18 01:25:10.993 [main] DriverFactory - url launched: https://www.olay.co.uk/en-gb
[INFO ] 2020-05-18 01:25:13.293 [main] DriverFactory - clicked on registration link
[INFO ] 2020-05-18 01:25:18.377 [main] DriverFactory - email entered
[INFO ] 2020-05-18 01:25:18.762 [main] DriverFactory - password entered
[INFO ] 2020-05-18 01:25:18.972 [main] DriverFactory - Verifying whether user is able to register without entering the DOB to validate mandatory field check
[INFO ] 2020-05-18 01:25:19.465 [main] DriverFactory - User is not able to register without entering mandatory field
[INFO ] 2020-05-18 01:25:19.466 [main] DriverFactory - DOB entered
[INFO ] 2020-05-18 01:25:22.525 [main] DriverFactory - User already registered message is displayed in the page
[INFO ] 2020-05-18 01:25:22.859 [main] DriverFactory - clicked submit button of registration page
[INFO ] 2020-05-18 01:25:22.936 [main] DriverFactory - User already registered message is displayed in the page
[INFO ] 2020-05-18 01:25:33.666 [main] DriverFactory - Closing browser
[INFO ] 2020-05-18 01:34:03.434 [main] DriverFactory - Driver is initialized
[INFO ] 2020-05-18 01:34:03.440 [main] DriverFactory - Launching Chrome browser
[INFO ] 2020-05-18 01:34:08.018 [main] DriverFactory - clicked on signin link
[INFO ] 2020-05-18 01:34:09.284 [main] DriverFactory - entered username
[INFO ] 2020-05-18 01:34:09.409 [main] DriverFactory - entered password
[INFO ] 2020-05-18 01:34:09.550 [main] DriverFactory - clicked on signin button
[INFO ] 2020-05-18 01:34:09.629 [main] DriverFactory - Error message displayed
[INFO ] 2020-05-18 01:34:09.926 [main] DriverFactory - entered username
[INFO ] 2020-05-18 01:34:10.014 [main] DriverFactory - entered password
[INFO ] 2020-05-18 01:34:10.107 [main] DriverFactory - clicked on signin button
[INFO ] 2020-05-18 01:34:10.161 [main] DriverFactory - Error message displayed
[INFO ] 2020-05-18 01:34:10.418 [main] DriverFactory - entered username
[INFO ] 2020-05-18 01:34:10.496 [main] DriverFactory - entered password
[INFO ] 2020-05-18 01:34:10.577 [main] DriverFactory - clicked on signin button
[INFO ] 2020-05-18 01:34:10.641 [main] DriverFactory - Error message displayed
[INFO ] 2020-05-18 01:34:10.897 [main] DriverFactory - entered username
[INFO ] 2020-05-18 01:34:10.976 [main] DriverFactory - entered password
[INFO ] 2020-05-18 01:34:11.090 [main] DriverFactory - clicked on signin button
[INFO ] 2020-05-18 01:34:11.158 [main] DriverFactory - Error message displayed
[INFO ] 2020-05-18 01:34:13.541 [main] DriverFactory - clicked on signin link
[INFO ] 2020-05-18 01:34:14.808 [main] DriverFactory - entered username
[INFO ] 2020-05-18 01:34:14.985 [main] DriverFactory - entered password
[INFO ] 2020-05-18 01:34:15.174 [main] DriverFactory - clicked on signin button
[INFO ] 2020-05-18 01:34:16.635 [main] DriverFactory - Error message displayed
[INFO ] 2020-05-18 01:34:17.199 [main] DriverFactory - entered username
[INFO ] 2020-05-18 01:34:17.362 [main] DriverFactory - entered password
[INFO ] 2020-05-18 01:34:17.560 [main] DriverFactory - clicked on signin button
[INFO ] 2020-05-18 01:34:18.764 [main] DriverFactory - Error message displayed
[INFO ] 2020-05-18 01:34:19.279 [main] DriverFactory - entered username
[INFO ] 2020-05-18 01:34:19.439 [main] DriverFactory - entered password
[INFO ] 2020-05-18 01:34:19.634 [main] DriverFactory - clicked on signin button
[INFO ] 2020-05-18 01:34:20.836 [main] DriverFactory - Error message displayed
[INFO ] 2020-05-18 01:34:21.412 [main] DriverFactory - entered username
[INFO ] 2020-05-18 01:34:21.572 [main] DriverFactory - entered password
[INFO ] 2020-05-18 01:34:21.766 [main] DriverFactory - clicked on signin button
[INFO ] 2020-05-18 01:34:23.191 [main] DriverFactory - Error message displayed
[INFO ] 2020-05-18 01:34:24.220 [main] DriverFactory - Closing browser
[INFO ] 2020-05-18 01:34:27.422 [main] DriverFactory - Driver is initialized
[INFO ] 2020-05-18 01:34:27.423 [main] DriverFactory - Launching Chrome browser
[INFO ] 2020-05-18 01:34:29.580 [main] DriverFactory - url launched: https://www.olay.co.uk/en-gb
[INFO ] 2020-05-18 01:34:31.923 [main] DriverFactory - clicked on signin link
[INFO ] 2020-05-18 01:34:33.178 [main] DriverFactory - entered username
[INFO ] 2020-05-18 01:34:33.342 [main] DriverFactory - entered password
[INFO ] 2020-05-18 01:34:33.504 [main] DriverFactory - clicked on signin button
[INFO ] 2020-05-18 01:34:37.867 [main] DriverFactory - Landed on profile page
[INFO ] 2020-05-18 01:34:38.082 [main] DriverFactory - User lands on the correct account
[INFO ] 2020-05-18 01:34:38.800 [main] DriverFactory - Closing browser
[INFO ] 2020-05-18 01:34:41.989 [main] DriverFactory - Driver is initialized
[INFO ] 2020-05-18 01:34:41.990 [main] DriverFactory - Launching Chrome browser
[INFO ] 2020-05-18 01:34:44.128 [main] DriverFactory - url launched: https://www.olay.es/es-es
[INFO ] 2020-05-18 01:34:46.347 [main] DriverFactory - clicked on signin link
[INFO ] 2020-05-18 01:34:47.554 [main] DriverFactory - entered username
[INFO ] 2020-05-18 01:34:47.737 [main] DriverFactory - entered password
[INFO ] 2020-05-18 01:34:47.900 [main] DriverFactory - clicked on signin button
[INFO ] 2020-05-18 01:34:51.315 [main] DriverFactory - Landed on profile page
[INFO ] 2020-05-18 01:34:51.471 [main] DriverFactory - User lands on the correct account
[INFO ] 2020-05-18 01:34:52.171 [main] DriverFactory - Closing browser
[INFO ] 2020-05-18 01:34:55.467 [main] DriverFactory - Driver is initialized
[INFO ] 2020-05-18 01:34:55.468 [main] DriverFactory - Launching Chrome browser
[INFO ] 2020-05-18 01:34:57.612 [main] DriverFactory - url launched: https://www.olay.co.uk/en-gb
[INFO ] 2020-05-18 01:35:00.143 [main] DriverFactory - clicked on registration link
[INFO ] 2020-05-18 01:35:01.465 [main] DriverFactory - email entered
[INFO ] 2020-05-18 01:35:01.840 [main] DriverFactory - password entered
[INFO ] 2020-05-18 01:35:02.005 [main] DriverFactory - Verifying whether user is able to register without entering the DOB to validate mandatory field check
[INFO ] 2020-05-18 01:35:02.456 [main] DriverFactory - User is not able to register without entering mandatory field
[INFO ] 2020-05-18 01:35:02.456 [main] DriverFactory - DOB entered
[INFO ] 2020-05-18 01:35:02.621 [main] DriverFactory - clicked on Register profile and navigating to second page for UK
[INFO ] 2020-05-18 01:35:06.260 [main] DriverFactory - entered firstname and lastname
[INFO ] 2020-05-18 01:35:06.750 [main] DriverFactory - entered address, city and pincode
[INFO ] 2020-05-18 01:35:06.981 [main] DriverFactory - clicked submit button of registration page
[INFO ] 2020-05-18 01:35:08.767 [main] DriverFactory - Sucessfully registered message is displayed in the page
[INFO ] 2020-05-18 01:35:19.488 [main] DriverFactory - Closing browser
[INFO ] 2020-05-18 01:35:22.662 [main] DriverFactory - Driver is initialized
[INFO ] 2020-05-18 01:35:22.663 [main] DriverFactory - Launching Chrome browser
[INFO ] 2020-05-18 01:35:24.814 [main] DriverFactory - Fetching the details from excel file
[INFO ] 2020-05-18 01:35:24.823 [main] DriverFactory - url launched: https://www.olaz.de/de-de
[INFO ] 2020-05-18 01:35:27.003 [main] DriverFactory - clicked on registration link
[INFO ] 2020-05-18 01:35:28.207 [main] DriverFactory - selected gender
[INFO ] 2020-05-18 01:35:28.474 [main] DriverFactory - email entered
[INFO ] 2020-05-18 01:35:28.829 [main] DriverFactory - password entered
[INFO ] 2020-05-18 01:35:29.092 [main] DriverFactory - Verifying whether user is able to register without entering the DOB to validate mandatory field check
[INFO ] 2020-05-18 01:35:29.580 [main] DriverFactory - User is not able to register without entering mandatory field
[INFO ] 2020-05-18 01:35:29.580 [main] DriverFactory - DOB entered
[INFO ] 2020-05-18 01:35:30.225 [main] DriverFactory - entered firstname and lastname
[INFO ] 2020-05-18 01:35:30.661 [main] DriverFactory - entered address, city and pincode
[INFO ] 2020-05-18 01:35:30.803 [main] DriverFactory - clicked submit button of registration page
[INFO ] 2020-05-18 01:36:32.678 [main] DriverFactory - Closing browser
[INFO ] 2020-05-18 01:36:35.821 [main] DriverFactory - Driver is initialized
[INFO ] 2020-05-18 01:36:35.822 [main] DriverFactory - Launching Chrome browser
[INFO ] 2020-05-18 01:36:37.970 [main] DriverFactory - Fetching the details from json file
[INFO ] 2020-05-18 01:36:37.977 [main] DriverFactory - url launched: https://www.olay.es/es-es
[INFO ] 2020-05-18 01:36:40.273 [main] DriverFactory - clicked on registration link
[INFO ] 2020-05-18 01:36:47.985 [main] DriverFactory - selected gender
[INFO ] 2020-05-18 01:36:48.296 [main] DriverFactory - email entered
[INFO ] 2020-05-18 01:36:48.650 [main] DriverFactory - password entered
[INFO ] 2020-05-18 01:36:48.823 [main] DriverFactory - Verifying whether user is able to register without entering the DOB to validate mandatory field check
[INFO ] 2020-05-18 01:36:49.303 [main] DriverFactory - User is not able to register without entering mandatory field
[INFO ] 2020-05-18 01:36:49.303 [main] DriverFactory - DOB entered
[INFO ] 2020-05-18 01:36:49.700 [main] DriverFactory - entered firstname and lastname
[INFO ] 2020-05-18 01:36:49.837 [main] DriverFactory - clicked submit button of registration page
[INFO ] 2020-05-18 01:36:52.824 [main] DriverFactory - Sucessfully registered message is displayed in the page
[INFO ] 2020-05-18 01:37:03.550 [main] DriverFactory - Closing browser
[INFO ] 2020-05-18 01:37:06.760 [main] DriverFactory - Driver is initialized
[INFO ] 2020-05-18 01:37:06.760 [main] DriverFactory - Launching Chrome browser
[INFO ] 2020-05-18 01:37:08.918 [main] DriverFactory - url launched: https://www.olay.co.uk/en-gb
[INFO ] 2020-05-18 01:37:11.321 [main] DriverFactory - clicked on registration link
[INFO ] 2020-05-18 01:37:12.654 [main] DriverFactory - email entered
[INFO ] 2020-05-18 01:37:13.010 [main] DriverFactory - password entered
[INFO ] 2020-05-18 01:37:13.182 [main] DriverFactory - Verifying whether user is able to register without entering the DOB to validate mandatory field check
[INFO ] 2020-05-18 01:37:13.673 [main] DriverFactory - User is not able to register without entering mandatory field
[INFO ] 2020-05-18 01:37:13.674 [main] DriverFactory - DOB entered
[INFO ] 2020-05-18 01:37:16.422 [main] DriverFactory - User already registered message is displayed in the page
[INFO ] 2020-05-18 01:37:16.699 [main] DriverFactory - clicked submit button of registration page
[INFO ] 2020-05-18 01:37:16.769 [main] DriverFactory - User already registered message is displayed in the page
[INFO ] 2020-05-18 01:37:27.513 [main] DriverFactory - Closing browser
[INFO ] 2020-05-18 01:38:52.354 [main] DriverFactory - Driver is initialized
[INFO ] 2020-05-18 01:38:52.359 [main] DriverFactory - Launching Chrome browser
[INFO ] 2020-05-18 01:38:54.535 [main] DriverFactory - https://www.olay.co.uk/en-gb
[INFO ] 2020-05-18 01:38:57.186 [main] DriverFactory - clicked on signin link
[INFO ] 2020-05-18 01:38:58.259 [main] DriverFactory - entered username
[INFO ] 2020-05-18 01:38:58.396 [main] DriverFactory - entered password
[INFO ] 2020-05-18 01:38:58.610 [main] DriverFactory - clicked on signin button
[INFO ] 2020-05-18 01:38:59.962 [main] DriverFactory - Error message displayed
[INFO ] 2020-05-18 01:39:00.389 [main] DriverFactory - entered username
[INFO ] 2020-05-18 01:39:00.486 [main] DriverFactory - entered password
[INFO ] 2020-05-18 01:39:00.632 [main] DriverFactory - clicked on signin button
[INFO ] 2020-05-18 01:39:01.711 [main] DriverFactory - Error message displayed
[INFO ] 2020-05-18 01:39:02.065 [main] DriverFactory - entered username
[INFO ] 2020-05-18 01:39:02.146 [main] DriverFactory - entered password
[INFO ] 2020-05-18 01:39:02.286 [main] DriverFactory - clicked on signin button
[INFO ] 2020-05-18 01:39:03.500 [main] DriverFactory - Error message displayed
[INFO ] 2020-05-18 01:39:03.974 [main] DriverFactory - entered username
[INFO ] 2020-05-18 01:39:04.079 [main] DriverFactory - entered password
[INFO ] 2020-05-18 01:39:04.236 [main] DriverFactory - clicked on signin button
[INFO ] 2020-05-18 01:39:05.392 [main] DriverFactory - Error message displayed
[INFO ] 2020-05-18 01:39:05.680 [main] DriverFactory - https://www.olay.es/es-es
[INFO ] 2020-05-18 01:39:07.776 [main] DriverFactory - clicked on signin link
[INFO ] 2020-05-18 01:39:28.142 [main] DriverFactory - entered username
[INFO ] 2020-05-18 01:39:28.321 [main] DriverFactory - entered password
[INFO ] 2020-05-18 01:39:28.524 [main] DriverFactory - clicked on signin button
[INFO ] 2020-05-18 01:39:30.087 [main] DriverFactory - Error message displayed
[INFO ] 2020-05-18 01:39:30.643 [main] DriverFactory - entered username
[INFO ] 2020-05-18 01:39:30.796 [main] DriverFactory - entered password
[INFO ] 2020-05-18 01:39:30.951 [main] DriverFactory - clicked on signin button
[INFO ] 2020-05-18 01:39:32.197 [main] DriverFactory - Error message displayed
[INFO ] 2020-05-18 01:39:32.778 [main] DriverFactory - entered username
[INFO ] 2020-05-18 01:39:32.930 [main] DriverFactory - entered password
[INFO ] 2020-05-18 01:39:33.098 [main] DriverFactory - clicked on signin button
[INFO ] 2020-05-18 01:39:34.368 [main] DriverFactory - Error message displayed
[INFO ] 2020-05-18 01:39:34.956 [main] DriverFactory - entered username
[INFO ] 2020-05-18 01:39:35.116 [main] DriverFactory - entered password
[INFO ] 2020-05-18 01:39:35.317 [main] DriverFactory - clicked on signin button
[INFO ] 2020-05-18 01:39:37.328 [main] DriverFactory - Error message displayed
[INFO ] 2020-05-18 01:39:38.366 [main] DriverFactory - Closing browser
[INFO ] 2020-05-18 01:39:41.536 [main] DriverFactory - Driver is initialized
[INFO ] 2020-05-18 01:39:41.536 [main] DriverFactory - Launching Chrome browser
[INFO ] 2020-05-18 01:39:43.678 [main] DriverFactory - url launched: https://www.olay.co.uk/en-gb
[INFO ] 2020-05-18 01:39:46.430 [main] DriverFactory - clicked on signin link
[INFO ] 2020-05-18 01:39:47.665 [main] DriverFactory - entered username
[INFO ] 2020-05-18 01:39:47.820 [main] DriverFactory - entered password
[INFO ] 2020-05-18 01:39:47.971 [main] DriverFactory - clicked on signin button
[INFO ] 2020-05-18 01:39:51.683 [main] DriverFactory - Landed on profile page
[INFO ] 2020-05-18 01:39:51.901 [main] DriverFactory - User lands on the correct account
[INFO ] 2020-05-18 01:39:52.591 [main] DriverFactory - Closing browser
[INFO ] 2020-05-18 01:39:56.015 [main] DriverFactory - Driver is initialized
[INFO ] 2020-05-18 01:39:56.015 [main] DriverFactory - Launching Chrome browser
[INFO ] 2020-05-18 01:39:58.152 [main] DriverFactory - url launched: https://www.olay.es/es-es
[INFO ] 2020-05-18 01:40:00.633 [main] DriverFactory - clicked on signin link
[INFO ] 2020-05-18 01:40:01.958 [main] DriverFactory - entered username
[INFO ] 2020-05-18 01:40:02.126 [main] DriverFactory - entered password
[INFO ] 2020-05-18 01:40:02.294 [main] DriverFactory - clicked on signin button
[INFO ] 2020-05-18 01:40:05.789 [main] DriverFactory - Landed on profile page
[INFO ] 2020-05-18 01:40:05.983 [main] DriverFactory - User lands on the correct account
[INFO ] 2020-05-18 01:40:06.715 [main] DriverFactory - Closing browser
[INFO ] 2020-05-18 01:40:10.145 [main] DriverFactory - Driver is initialized
[INFO ] 2020-05-18 01:40:10.145 [main] DriverFactory - Launching Chrome browser
[INFO ] 2020-05-18 01:40:12.279 [main] DriverFactory - url launched: https://www.olay.co.uk/en-gb
[INFO ] 2020-05-18 01:40:14.710 [main] DriverFactory - clicked on registration link
[INFO ] 2020-05-18 01:40:16.079 [main] DriverFactory - email entered
[INFO ] 2020-05-18 01:40:16.414 [main] DriverFactory - password entered
[INFO ] 2020-05-18 01:40:16.573 [main] DriverFactory - Verifying whether user is able to register without entering the DOB to validate mandatory field check
[INFO ] 2020-05-18 01:40:17.065 [main] DriverFactory - User is not able to register without entering mandatory field
[INFO ] 2020-05-18 01:40:17.066 [main] DriverFactory - DOB entered
[INFO ] 2020-05-18 01:40:17.228 [main] DriverFactory - clicked on Register profile and navigating to second page for UK
[INFO ] 2020-05-18 01:40:21.895 [main] DriverFactory - entered firstname and lastname
[INFO ] 2020-05-18 01:40:22.359 [main] DriverFactory - entered address, city and pincode
[INFO ] 2020-05-18 01:40:22.543 [main] DriverFactory - clicked submit button of registration page
[INFO ] 2020-05-18 01:40:25.641 [main] DriverFactory - Sucessfully registered message is displayed in the page
[INFO ] 2020-05-18 01:40:36.358 [main] DriverFactory - Closing browser
[INFO ] 2020-05-18 01:40:39.731 [main] DriverFactory - Driver is initialized
[INFO ] 2020-05-18 01:40:39.732 [main] DriverFactory - Launching Chrome browser
[INFO ] 2020-05-18 01:40:41.870 [main] DriverFactory - Fetching the details from excel file
[INFO ] 2020-05-18 01:40:41.876 [main] DriverFactory - url launched: https://www.olaz.de/de-de
[INFO ] 2020-05-18 01:40:43.507 [main] DriverFactory - clicked on registration link
[INFO ] 2020-05-18 01:40:44.850 [main] DriverFactory - selected gender
[INFO ] 2020-05-18 01:40:45.150 [main] DriverFactory - email entered
[INFO ] 2020-05-18 01:40:45.491 [main] DriverFactory - password entered
[INFO ] 2020-05-18 01:40:45.641 [main] DriverFactory - Verifying whether user is able to register without entering the DOB to validate mandatory field check
[INFO ] 2020-05-18 01:40:46.094 [main] DriverFactory - User is not able to register without entering mandatory field
[INFO ] 2020-05-18 01:40:46.095 [main] DriverFactory - DOB entered
[INFO ] 2020-05-18 01:40:46.854 [main] DriverFactory - entered firstname and lastname
[INFO ] 2020-05-18 01:40:47.371 [main] DriverFactory - entered address, city and pincode
[INFO ] 2020-05-18 01:40:47.556 [main] DriverFactory - clicked submit button of registration page
[INFO ] 2020-05-18 01:41:49.424 [main] DriverFactory - Closing browser
[INFO ] 2020-05-18 01:41:52.813 [main] DriverFactory - Driver is initialized
[INFO ] 2020-05-18 01:41:52.814 [main] DriverFactory - Launching Chrome browser
[INFO ] 2020-05-18 01:41:54.968 [main] DriverFactory - Fetching the details from json file
[INFO ] 2020-05-18 01:41:54.972 [main] DriverFactory - url launched: https://www.olay.es/es-es
[INFO ] 2020-05-18 01:41:57.082 [main] DriverFactory - clicked on registration link
[INFO ] 2020-05-18 01:41:58.302 [main] DriverFactory - selected gender
[INFO ] 2020-05-18 01:41:58.615 [main] DriverFactory - email entered
[INFO ] 2020-05-18 01:41:58.929 [main] DriverFactory - password entered
[INFO ] 2020-05-18 01:41:59.099 [main] DriverFactory - Verifying whether user is able to register without entering the DOB to validate mandatory field check
[INFO ] 2020-05-18 01:41:59.536 [main] DriverFactory - User is not able to register without entering mandatory field
[INFO ] 2020-05-18 01:41:59.536 [main] DriverFactory - DOB entered
[INFO ] 2020-05-18 01:41:59.876 [main] DriverFactory - entered firstname and lastname
[INFO ] 2020-05-18 01:41:59.997 [main] DriverFactory - clicked submit button of registration page
[INFO ] 2020-05-18 01:42:02.726 [main] DriverFactory - Sucessfully registered message is displayed in the page
[INFO ] 2020-05-18 01:42:13.476 [main] DriverFactory - Closing browser
[INFO ] 2020-05-18 01:42:16.724 [main] DriverFactory - Driver is initialized
[INFO ] 2020-05-18 01:42:16.724 [main] DriverFactory - Launching Chrome browser
[INFO ] 2020-05-18 01:42:18.859 [main] DriverFactory - url launched: https://www.olay.co.uk/en-gb
[INFO ] 2020-05-18 01:42:21.621 [main] DriverFactory - clicked on registration link
[INFO ] 2020-05-18 01:42:22.936 [main] DriverFactory - email entered
[INFO ] 2020-05-18 01:42:23.358 [main] DriverFactory - password entered
[INFO ] 2020-05-18 01:42:23.557 [main] DriverFactory - Verifying whether user is able to register without entering the DOB to validate mandatory field check
[INFO ] 2020-05-18 01:42:24.028 [main] DriverFactory - User is not able to register without entering mandatory field
[INFO ] 2020-05-18 01:42:24.028 [main] DriverFactory - DOB entered
[INFO ] 2020-05-18 01:42:26.887 [main] DriverFactory - User already registered message is displayed in the page
[INFO ] 2020-05-18 01:42:27.156 [main] DriverFactory - clicked submit button of registration page
[INFO ] 2020-05-18 01:42:27.250 [main] DriverFactory - User already registered message is displayed in the page
[INFO ] 2020-05-18 01:42:38.010 [main] DriverFactory - Closing browser
[INFO ] 2020-05-18 10:18:35.646 [main] DriverFactory - Driver is initialized
[INFO ] 2020-05-18 10:18:35.654 [main] DriverFactory - Launching Firefox browser
[INFO ] 2020-05-18 10:18:39.536 [main] DriverFactory - https://www.olay.co.uk/en-gb
[INFO ] 2020-05-18 10:18:46.167 [main] DriverFactory - clicked on signin link
[INFO ] 2020-05-18 10:18:47.203 [main] DriverFactory - entered username
[INFO ] 2020-05-18 10:18:47.273 [main] DriverFactory - entered password
[INFO ] 2020-05-18 10:18:47.628 [main] DriverFactory - clicked on signin button
[INFO ] 2020-05-18 10:18:47.737 [main] DriverFactory - Error message displayed
[INFO ] 2020-05-18 10:18:47.982 [main] DriverFactory - entered username
[INFO ] 2020-05-18 10:18:48.047 [main] DriverFactory - entered password
[INFO ] 2020-05-18 10:18:48.342 [main] DriverFactory - clicked on signin button
[INFO ] 2020-05-18 10:18:48.451 [main] DriverFactory - Error message displayed
[INFO ] 2020-05-18 10:18:48.666 [main] DriverFactory - entered username
[INFO ] 2020-05-18 10:18:48.720 [main] DriverFactory - entered password
[INFO ] 2020-05-18 10:18:49.007 [main] DriverFactory - clicked on signin button
[INFO ] 2020-05-18 10:18:49.155 [main] DriverFactory - Error message displayed
[INFO ] 2020-05-18 10:18:49.372 [main] DriverFactory - entered username
[INFO ] 2020-05-18 10:18:49.430 [main] DriverFactory - entered password
[INFO ] 2020-05-18 10:18:49.726 [main] DriverFactory - clicked on signin button
[INFO ] 2020-05-18 10:18:49.824 [main] DriverFactory - Error message displayed
[INFO ] 2020-05-18 10:18:52.508 [main] DriverFactory - https://www.olay.es/es-es
[INFO ] 2020-05-18 10:18:54.542 [main] DriverFactory - clicked on signin link
[INFO ] 2020-05-18 10:18:54.714 [main] DriverFactory - entered username
[INFO ] 2020-05-18 10:18:54.906 [main] DriverFactory - entered password
[INFO ] 2020-05-18 10:18:56.596 [main] DriverFactory - clicked on signin button
[INFO ] 2020-05-18 10:18:56.764 [main] DriverFactory - Error message displayed
[INFO ] 2020-05-18 10:18:57.157 [main] DriverFactory - entered username
[INFO ] 2020-05-18 10:18:57.238 [main] DriverFactory - entered password
[INFO ] 2020-05-18 10:18:58.759 [main] DriverFactory - clicked on signin button
[INFO ] 2020-05-18 10:18:58.930 [main] DriverFactory - Error message displayed
[INFO ] 2020-05-18 10:18:59.311 [main] DriverFactory - entered username
[INFO ] 2020-05-18 10:18:59.384 [main] DriverFactory - entered password
[INFO ] 2020-05-18 10:19:00.933 [main] DriverFactory - clicked on signin button
[INFO ] 2020-05-18 10:19:01.115 [main] DriverFactory - Error message displayed
[INFO ] 2020-05-18 10:19:01.504 [main] DriverFactory - entered username
[INFO ] 2020-05-18 10:19:01.571 [main] DriverFactory - entered password
[INFO ] 2020-05-18 10:19:03.004 [main] DriverFactory - clicked on signin button
[INFO ] 2020-05-18 10:19:03.166 [main] DriverFactory - Error message displayed
[INFO ] 2020-05-18 10:19:05.278 [main] DriverFactory - Closing browser
[INFO ] 2020-05-18 10:19:10.021 [main] DriverFactory - Driver is initialized
[INFO ] 2020-05-18 10:19:10.021 [main] DriverFactory - Launching Firefox browser
[INFO ] 2020-05-18 10:19:12.660 [main] DriverFactory - url launched: https://www.olay.co.uk/en-gb
[INFO ] 2020-05-18 10:19:18.536 [main] DriverFactory - clicked on signin link
[INFO ] 2020-05-18 10:19:18.707 [main] DriverFactory - entered username
[INFO ] 2020-05-18 10:19:18.791 [main] DriverFactory - entered password
[INFO ] 2020-05-18 10:19:23.068 [main] DriverFactory - clicked on signin button
[INFO ] 2020-05-18 10:19:23.244 [main] DriverFactory - Landed on profile page
[INFO ] 2020-05-18 10:19:23.358 [main] DriverFactory - User lands on the correct account
[INFO ] 2020-05-18 10:19:25.199 [main] DriverFactory - Closing browser
[INFO ] 2020-05-18 10:19:29.950 [main] DriverFactory - Driver is initialized
[INFO ] 2020-05-18 10:19:29.951 [main] DriverFactory - Launching Firefox browser
[INFO ] 2020-05-18 10:19:32.591 [main] DriverFactory - url launched: https://www.olay.es/es-es
[INFO ] 2020-05-18 10:19:35.009 [main] DriverFactory - clicked on signin link
[INFO ] 2020-05-18 10:19:35.138 [main] DriverFactory - entered username
[INFO ] 2020-05-18 10:19:35.217 [main] DriverFactory - entered password
[INFO ] 2020-05-18 10:19:39.549 [main] DriverFactory - clicked on signin button
[INFO ] 2020-05-18 10:19:39.717 [main] DriverFactory - Landed on profile page
[INFO ] 2020-05-18 10:19:39.941 [main] DriverFactory - User lands on the correct account
[INFO ] 2020-05-18 10:19:41.726 [main] DriverFactory - Closing browser
[INFO ] 2020-05-18 10:19:46.531 [main] DriverFactory - Driver is initialized
[INFO ] 2020-05-18 10:19:46.531 [main] DriverFactory - Launching Firefox browser
[INFO ] 2020-05-18 10:19:48.994 [main] DriverFactory - url launched: https://www.olay.co.uk/en-gb
[INFO ] 2020-05-18 10:19:52.500 [main] DriverFactory - clicked on registration link
[INFO ] 2020-05-18 10:19:52.637 [main] DriverFactory - email entered
[INFO ] 2020-05-18 10:19:52.790 [main] DriverFactory - password entered
[INFO ] 2020-05-18 10:19:53.136 [main] DriverFactory - Verifying whether user is able to register without entering the DOB to validate mandatory field check
[INFO ] 2020-05-18 10:19:54.419 [main] DriverFactory - User is not able to register without entering mandatory field
[INFO ] 2020-05-18 10:19:54.419 [main] DriverFactory - DOB entered
[INFO ] 2020-05-18 10:19:58.126 [main] DriverFactory - clicked on Register profile and navigating to second page for UK
[INFO ] 2020-05-18 10:19:58.403 [main] DriverFactory - entered firstname and lastname
[INFO ] 2020-05-18 10:19:58.874 [main] DriverFactory - entered address, city and pincode
[INFO ] 2020-05-18 10:20:05.870 [main] DriverFactory - clicked submit button of registration page
[INFO ] 2020-05-18 10:20:05.986 [main] DriverFactory - Sucessfully registered message is displayed in the page
[INFO ] 2020-05-18 10:20:17.643 [main] DriverFactory - Closing browser
[INFO ] 2020-05-18 10:20:22.344 [main] DriverFactory - Driver is initialized
[INFO ] 2020-05-18 10:20:22.344 [main] DriverFactory - Launching Firefox browser
[INFO ] 2020-05-18 10:20:22.620 [main] DriverFactory - Fetching the details from excel file
[INFO ] 2020-05-18 10:20:25.222 [main] DriverFactory - url launched: https://www.olaz.de/de-de
[INFO ] 2020-05-18 10:20:28.636 [main] DriverFactory - clicked on registration link
[INFO ] 2020-05-18 10:20:28.977 [main] DriverFactory - selected gender
[INFO ] 2020-05-18 10:20:29.133 [main] DriverFactory - email entered
[INFO ] 2020-05-18 10:20:29.313 [main] DriverFactory - password entered
[INFO ] 2020-05-18 10:20:29.672 [main] DriverFactory - Verifying whether user is able to register without entering the DOB to validate mandatory field check
[INFO ] 2020-05-18 10:20:30.706 [main] DriverFactory - User is not able to register without entering mandatory field
[INFO ] 2020-05-18 10:20:30.706 [main] DriverFactory - DOB entered
[INFO ] 2020-05-18 10:20:31.825 [main] DriverFactory - entered firstname and lastname
[INFO ] 2020-05-18 10:20:32.026 [main] DriverFactory - entered address, city and pincode
[INFO ] 2020-05-18 10:20:34.332 [main] DriverFactory - clicked submit button of registration page
[INFO ] 2020-05-18 10:21:36.842 [main] DriverFactory - Closing browser
[INFO ] 2020-05-18 10:21:41.597 [main] DriverFactory - Driver is initialized
[INFO ] 2020-05-18 10:21:41.597 [main] DriverFactory - Launching Firefox browser
[INFO ] 2020-05-18 10:21:41.876 [main] DriverFactory - Fetching the details from json file
[INFO ] 2020-05-18 10:21:44.079 [main] DriverFactory - url launched: https://www.olay.es/es-es
[INFO ] 2020-05-18 10:21:47.300 [main] DriverFactory - clicked on registration link
[INFO ] 2020-05-18 10:21:47.629 [main] DriverFactory - selected gender
[INFO ] 2020-05-18 10:21:47.738 [main] DriverFactory - email entered
[INFO ] 2020-05-18 10:21:47.900 [main] DriverFactory - password entered
[INFO ] 2020-05-18 10:21:48.203 [main] DriverFactory - Verifying whether user is able to register without entering the DOB to validate mandatory field check
[INFO ] 2020-05-18 10:21:49.254 [main] DriverFactory - User is not able to register without entering mandatory field
[INFO ] 2020-05-18 10:21:49.255 [main] DriverFactory - DOB entered
[INFO ] 2020-05-18 10:21:49.712 [main] DriverFactory - entered firstname and lastname
[INFO ] 2020-05-18 10:21:52.406 [main] DriverFactory - clicked submit button of registration page
[INFO ] 2020-05-18 10:21:52.566 [main] DriverFactory - Sucessfully registered message is displayed in the page
[INFO ] 2020-05-18 10:22:04.403 [main] DriverFactory - Closing browser
[INFO ] 2020-05-18 10:22:09.129 [main] DriverFactory - Driver is initialized
[INFO ] 2020-05-18 10:22:09.129 [main] DriverFactory - Launching Firefox browser
[INFO ] 2020-05-18 10:22:11.697 [main] DriverFactory - url launched: https://www.olay.co.uk/en-gb
[INFO ] 2020-05-18 10:22:14.529 [main] DriverFactory - clicked on registration link
[INFO ] 2020-05-18 10:22:14.671 [main] DriverFactory - email entered
[INFO ] 2020-05-18 10:22:14.828 [main] DriverFactory - password entered
[INFO ] 2020-05-18 10:22:15.169 [main] DriverFactory - Verifying whether user is able to register without entering the DOB to validate mandatory field check
[INFO ] 2020-05-18 10:22:16.176 [main] DriverFactory - User is not able to register without entering mandatory field
[INFO ] 2020-05-18 10:22:16.176 [main] DriverFactory - DOB entered
[INFO ] 2020-05-18 10:22:19.150 [main] DriverFactory - User already registered message is displayed in the page
[INFO ] 2020-05-18 10:22:19.571 [main] DriverFactory - clicked submit button of registration page
[INFO ] 2020-05-18 10:22:19.652 [main] DriverFactory - User already registered message is displayed in the page
[INFO ] 2020-05-18 10:22:31.229 [main] DriverFactory - Closing browser
[INFO ] 2020-05-18 10:31:27.736 [main] DriverFactory - Driver is initialized
[INFO ] 2020-05-18 10:31:27.748 [main] DriverFactory - Launching Firefox browser
[INFO ] 2020-05-18 10:31:30.752 [main] DriverFactory - https://www.olay.co.uk/en-gb
[INFO ] 2020-05-18 10:31:36.968 [main] DriverFactory - clicked on signin link
[INFO ] 2020-05-18 10:31:37.857 [main] DriverFactory - entered username: 
[INFO ] 2020-05-18 10:31:37.936 [main] DriverFactory - entered password: 
[INFO ] 2020-05-18 10:31:38.257 [main] DriverFactory - clicked on signin button
[INFO ] 2020-05-18 10:31:38.344 [main] DriverFactory - Error message displayed
[INFO ] 2020-05-18 10:31:38.602 [main] DriverFactory - entered username: 
[INFO ] 2020-05-18 10:31:38.675 [main] DriverFactory - entered password: 
[INFO ] 2020-05-18 10:31:38.977 [main] DriverFactory - clicked on signin button
[INFO ] 2020-05-18 10:31:39.059 [main] DriverFactory - Error message displayed
[INFO ] 2020-05-18 10:31:39.275 [main] DriverFactory - entered username: 
[INFO ] 2020-05-18 10:31:39.333 [main] DriverFactory - entered password: 
[INFO ] 2020-05-18 10:31:39.637 [main] DriverFactory - clicked on signin button
[INFO ] 2020-05-18 10:31:39.753 [main] DriverFactory - Error message displayed
[INFO ] 2020-05-18 10:31:39.966 [main] DriverFactory - entered username: 
[INFO ] 2020-05-18 10:31:40.021 [main] DriverFactory - entered password: 
[INFO ] 2020-05-18 10:31:40.311 [main] DriverFactory - clicked on signin button
[INFO ] 2020-05-18 10:31:40.394 [main] DriverFactory - Error message displayed
[INFO ] 2020-05-18 10:31:42.707 [main] DriverFactory - https://www.olay.es/es-es
[INFO ] 2020-05-18 10:31:44.234 [main] DriverFactory - clicked on signin link
[INFO ] 2020-05-18 10:31:44.396 [main] DriverFactory - entered username: gopi1212@gmail.com
[INFO ] 2020-05-18 10:31:44.584 [main] DriverFactory - entered password: 123456g
[INFO ] 2020-05-18 10:31:46.267 [main] DriverFactory - clicked on signin button
[INFO ] 2020-05-18 10:31:46.421 [main] DriverFactory - Error message displayed
[INFO ] 2020-05-18 10:31:46.837 [main] DriverFactory - entered username: gopi1212@gmail.com
[INFO ] 2020-05-18 10:31:46.922 [main] DriverFactory - entered password: 123456g
[INFO ] 2020-05-18 10:31:48.393 [main] DriverFactory - clicked on signin button
[INFO ] 2020-05-18 10:31:48.561 [main] DriverFactory - Error message displayed
[INFO ] 2020-05-18 10:31:48.929 [main] DriverFactory - entered username: gopi1212@gmail.com
[INFO ] 2020-05-18 10:31:49.003 [main] DriverFactory - entered password: 123456g
[INFO ] 2020-05-18 10:31:52.682 [main] DriverFactory - clicked on signin button
[INFO ] 2020-05-18 10:31:52.813 [main] DriverFactory - Error message displayed
[INFO ] 2020-05-18 10:31:53.173 [main] DriverFactory - entered username: gopi1212@gmail.com
[INFO ] 2020-05-18 10:31:53.270 [main] DriverFactory - entered password: 123456g
[INFO ] 2020-05-18 10:31:54.937 [main] DriverFactory - clicked on signin button
[INFO ] 2020-05-18 10:31:55.109 [main] DriverFactory - Error message displayed
[INFO ] 2020-05-18 10:31:57.190 [main] DriverFactory - Closing browser
[INFO ] 2020-05-18 10:32:01.950 [main] DriverFactory - Driver is initialized
[INFO ] 2020-05-18 10:32:01.951 [main] DriverFactory - Launching Firefox browser
[INFO ] 2020-05-18 10:33:00.151 [main] DriverFactory - Driver is initialized
[INFO ] 2020-05-18 10:33:00.157 [main] DriverFactory - Launching Firefox browser
[INFO ] 2020-05-18 10:33:03.062 [main] DriverFactory - https://www.olay.co.uk/en-gb
[INFO ] 2020-05-18 10:33:08.726 [main] DriverFactory - clicked on signin link
[INFO ] 2020-05-18 10:33:09.410 [main] DriverFactory - entered username: 
[INFO ] 2020-05-18 10:33:09.482 [main] DriverFactory - entered password: 
[INFO ] 2020-05-18 10:33:09.841 [main] DriverFactory - clicked on signin button
[INFO ] 2020-05-18 10:33:09.925 [main] DriverFactory - Error message displayed
[INFO ] 2020-05-18 10:33:10.148 [main] DriverFactory - entered username: 
[INFO ] 2020-05-18 10:33:10.222 [main] DriverFactory - entered password: 
[INFO ] 2020-05-18 10:33:10.580 [main] DriverFactory - clicked on signin button
[INFO ] 2020-05-18 10:33:10.680 [main] DriverFactory - Error message displayed
[INFO ] 2020-05-18 10:33:10.881 [main] DriverFactory - entered username: 
[INFO ] 2020-05-18 10:33:10.944 [main] DriverFactory - entered password: 
[INFO ] 2020-05-18 10:33:11.256 [main] DriverFactory - clicked on signin button
[INFO ] 2020-05-18 10:33:11.365 [main] DriverFactory - Error message displayed
[INFO ] 2020-05-18 10:33:11.559 [main] DriverFactory - entered username: 
[INFO ] 2020-05-18 10:33:11.617 [main] DriverFactory - entered password: 
[INFO ] 2020-05-18 10:33:11.940 [main] DriverFactory - clicked on signin button
[INFO ] 2020-05-18 10:33:12.050 [main] DriverFactory - Error message displayed
[INFO ] 2020-05-18 10:33:14.068 [main] DriverFactory - https://www.olay.es/es-es
[INFO ] 2020-05-18 10:33:15.359 [main] DriverFactory - clicked on signin link
[INFO ] 2020-05-18 10:33:15.532 [main] DriverFactory - entered username: 
[INFO ] 2020-05-18 10:33:15.642 [main] DriverFactory - entered password: 
[INFO ] 2020-05-18 10:33:16.104 [main] DriverFactory - clicked on signin button
[INFO ] 2020-05-18 10:33:16.186 [main] DriverFactory - Error message displayed
[INFO ] 2020-05-18 10:33:16.419 [main] DriverFactory - entered username: 
[INFO ] 2020-05-18 10:33:16.493 [main] DriverFactory - entered password: 
[INFO ] 2020-05-18 10:33:16.808 [main] DriverFactory - clicked on signin button
[INFO ] 2020-05-18 10:33:16.917 [main] DriverFactory - Error message displayed
[INFO ] 2020-05-18 10:33:17.128 [main] DriverFactory - entered username: 
[INFO ] 2020-05-18 10:33:17.185 [main] DriverFactory - entered password: 
[INFO ] 2020-05-18 10:33:17.482 [main] DriverFactory - clicked on signin button
[INFO ] 2020-05-18 10:33:17.580 [main] DriverFactory - Error message displayed
[INFO ] 2020-05-18 10:33:17.747 [main] DriverFactory - entered username: 
[INFO ] 2020-05-18 10:33:17.800 [main] DriverFactory - entered password: 
[INFO ] 2020-05-18 10:33:18.087 [main] DriverFactory - clicked on signin button
[INFO ] 2020-05-18 10:33:18.184 [main] DriverFactory - Error message displayed
[INFO ] 2020-05-18 10:33:20.486 [main] DriverFactory - Closing browser
[INFO ] 2020-05-18 10:35:48.623 [main] DriverFactory - Driver is initialized
[INFO ] 2020-05-18 10:35:48.628 [main] DriverFactory - Launching Firefox browser
[INFO ] 2020-05-18 10:35:51.322 [main] DriverFactory - https://www.olay.co.uk/en-gb
[INFO ] 2020-05-18 10:35:56.942 [main] DriverFactory - clicked on signin link
[INFO ] 2020-05-18 10:35:57.657 [main] DriverFactory - entered username: 
[INFO ] 2020-05-18 10:35:57.734 [main] DriverFactory - entered password: 
[INFO ] 2020-05-18 10:35:58.086 [main] DriverFactory - clicked on signin button
[INFO ] 2020-05-18 10:35:58.196 [main] DriverFactory - Error message displayed
[INFO ] 2020-05-18 10:35:58.412 [main] DriverFactory - entered username: 
[INFO ] 2020-05-18 10:35:58.483 [main] DriverFactory - entered password: 
[INFO ] 2020-05-18 10:35:58.809 [main] DriverFactory - clicked on signin button
[INFO ] 2020-05-18 10:35:58.912 [main] DriverFactory - Error message displayed
[INFO ] 2020-05-18 10:35:59.139 [main] DriverFactory - entered username: 
[INFO ] 2020-05-18 10:35:59.188 [main] DriverFactory - entered password: 
[INFO ] 2020-05-18 10:35:59.499 [main] DriverFactory - clicked on signin button
[INFO ] 2020-05-18 10:35:59.617 [main] DriverFactory - Error message displayed
[INFO ] 2020-05-18 10:35:59.825 [main] DriverFactory - entered username: 
[INFO ] 2020-05-18 10:35:59.885 [main] DriverFactory - entered password: 
[INFO ] 2020-05-18 10:36:00.200 [main] DriverFactory - clicked on signin button
[INFO ] 2020-05-18 10:36:00.279 [main] DriverFactory - Error message displayed
[INFO ] 2020-05-18 10:43:16.854 [main] DriverFactory - Driver is initialized
[INFO ] 2020-05-18 10:43:16.860 [main] DriverFactory - Launching Chrome browser
[INFO ] 2020-05-18 10:43:19.065 [main] DriverFactory - https://www.olay.co.uk/en-gb
[INFO ] 2020-05-18 10:43:22.198 [main] DriverFactory - clicked on signin link
[INFO ] 2020-05-18 10:43:23.288 [main] DriverFactory - entered username: 
[INFO ] 2020-05-18 10:43:23.449 [main] DriverFactory - entered password: 
[INFO ] 2020-05-18 10:43:23.595 [main] DriverFactory - clicked on signin button
[INFO ] 2020-05-18 10:43:23.671 [main] DriverFactory - Error message displayed
[INFO ] 2020-05-18 10:43:23.987 [main] DriverFactory - entered username: 
[INFO ] 2020-05-18 10:43:24.095 [main] DriverFactory - entered password: 
[INFO ] 2020-05-18 10:43:24.206 [main] DriverFactory - clicked on signin button
[INFO ] 2020-05-18 10:43:24.255 [main] DriverFactory - Error message displayed
[INFO ] 2020-05-18 10:43:24.483 [main] DriverFactory - entered username: 
[INFO ] 2020-05-18 10:43:24.554 [main] DriverFactory - entered password: 
[INFO ] 2020-05-18 10:43:24.639 [main] DriverFactory - clicked on signin button
[INFO ] 2020-05-18 10:43:24.706 [main] DriverFactory - Error message displayed
[INFO ] 2020-05-18 10:43:24.970 [main] DriverFactory - entered username: 
[INFO ] 2020-05-18 10:43:25.045 [main] DriverFactory - entered password: 
[INFO ] 2020-05-18 10:43:25.142 [main] DriverFactory - clicked on signin button
[INFO ] 2020-05-18 10:43:25.202 [main] DriverFactory - Error message displayed
[INFO ] 2020-05-18 10:43:25.341 [main] DriverFactory - https://www.olay.es/es-es
[INFO ] 2020-05-18 10:43:28.283 [main] DriverFactory - clicked on signin link
[INFO ] 2020-05-18 10:43:29.774 [main] DriverFactory - entered username: 
[INFO ] 2020-05-18 10:43:29.911 [main] DriverFactory - entered password: 
[INFO ] 2020-05-18 10:43:30.110 [main] DriverFactory - clicked on signin button
[INFO ] 2020-05-18 10:43:30.200 [main] DriverFactory - Error message displayed
[INFO ] 2020-05-18 10:43:30.502 [main] DriverFactory - entered username: 
[INFO ] 2020-05-18 10:43:30.591 [main] DriverFactory - entered password: 
[INFO ] 2020-05-18 10:43:30.721 [main] DriverFactory - clicked on signin button
[INFO ] 2020-05-18 10:43:30.779 [main] DriverFactory - Error message displayed
[INFO ] 2020-05-18 10:43:31.006 [main] DriverFactory - entered username: 
[INFO ] 2020-05-18 10:43:31.104 [main] DriverFactory - entered password: 
[INFO ] 2020-05-18 10:43:31.204 [main] DriverFactory - clicked on signin button
[INFO ] 2020-05-18 10:43:31.266 [main] DriverFactory - Error message displayed
[INFO ] 2020-05-18 10:43:31.545 [main] DriverFactory - entered username: 
[INFO ] 2020-05-18 10:43:31.625 [main] DriverFactory - entered password: 
[INFO ] 2020-05-18 10:43:31.757 [main] DriverFactory - clicked on signin button
[INFO ] 2020-05-18 10:43:31.820 [main] DriverFactory - Error message displayed
[INFO ] 2020-05-18 10:43:32.651 [main] DriverFactory - Closing browser
[INFO ] 2020-05-18 11:23:02.830 [main] DriverFactory - Driver is initialized
[INFO ] 2020-05-18 11:23:02.834 [main] DriverFactory - Launching Chrome browser
[INFO ] 2020-05-18 11:23:05.016 [main] DriverFactory - https://www.olay.co.uk/en-gb
[INFO ] 2020-05-18 11:23:08.453 [main] DriverFactory - clicked on signin link
[INFO ] 2020-05-18 11:23:09.635 [main] DriverFactory - entered username: 
[INFO ] 2020-05-18 11:23:09.774 [main] DriverFactory - entered password: 
[INFO ] 2020-05-18 11:23:09.945 [main] DriverFactory - clicked on signin button
[INFO ] 2020-05-18 11:23:10.054 [main] DriverFactory - Error message displayed
[INFO ] 2020-05-18 11:23:10.535 [main] DriverFactory - entered username: gopi1212@gmail.com
[INFO ] 2020-05-18 11:23:10.686 [main] DriverFactory - entered password: 123456g
[INFO ] 2020-05-18 11:23:10.826 [main] DriverFactory - clicked on signin button
[INFO ] 2020-05-18 11:23:13.658 [main] DriverFactory - Error message displayed
[INFO ] 2020-05-18 11:23:14.237 [main] DriverFactory - entered username: 1214gopi@gmail.com
[INFO ] 2020-05-18 11:23:14.358 [main] DriverFactory - entered password: 
[INFO ] 2020-05-18 11:23:14.516 [main] DriverFactory - clicked on signin button
[INFO ] 2020-05-18 11:23:14.602 [main] DriverFactory - Error message displayed
[INFO ] 2020-05-18 11:23:15.075 [main] DriverFactory - entered username: gopi1213@gmail.com
[INFO ] 2020-05-18 11:23:15.236 [main] DriverFactory - entered password: 1234567g
[INFO ] 2020-05-18 11:23:15.401 [main] DriverFactory - clicked on signin button
[INFO ] 2020-05-18 11:23:16.645 [main] DriverFactory - Error message displayed
[INFO ] 2020-05-18 11:23:16.964 [main] DriverFactory - https://www.olay.es/es-es
[INFO ] 2020-05-18 11:23:20.147 [main] DriverFactory - clicked on signin link
[INFO ] 2020-05-18 11:23:21.522 [main] DriverFactory - entered username: 
[INFO ] 2020-05-18 11:23:21.655 [main] DriverFactory - entered password: 
[INFO ] 2020-05-18 11:23:21.810 [main] DriverFactory - clicked on signin button
[INFO ] 2020-05-18 11:23:21.885 [main] DriverFactory - Error message displayed
[INFO ] 2020-05-18 11:23:22.313 [main] DriverFactory - entered username: gopi1212@gmail.com
[INFO ] 2020-05-18 11:23:22.462 [main] DriverFactory - entered password: 123456g
[INFO ] 2020-05-18 11:23:22.595 [main] DriverFactory - clicked on signin button
[INFO ] 2020-05-18 11:23:24.092 [main] DriverFactory - Error message displayed
[INFO ] 2020-05-18 11:23:24.716 [main] DriverFactory - entered username: 1214gopi@gmail.com
[INFO ] 2020-05-18 11:23:24.822 [main] DriverFactory - entered password: 
[INFO ] 2020-05-18 11:23:24.943 [main] DriverFactory - clicked on signin button
[INFO ] 2020-05-18 11:23:25.007 [main] DriverFactory - Error message displayed
[INFO ] 2020-05-18 11:23:25.407 [main] DriverFactory - entered username: gopi1213@gmail.com
[INFO ] 2020-05-18 11:23:25.552 [main] DriverFactory - entered password: 1234567g
[INFO ] 2020-05-18 11:23:25.702 [main] DriverFactory - clicked on signin button
[INFO ] 2020-05-18 11:23:26.838 [main] DriverFactory - Error message displayed
[INFO ] 2020-05-18 11:23:27.836 [main] DriverFactory - Closing browser
[INFO ] 2020-05-18 11:23:31.027 [main] DriverFactory - Driver is initialized
[INFO ] 2020-05-18 11:23:31.028 [main] DriverFactory - Launching Chrome browser
[INFO ] 2020-05-18 11:23:33.163 [main] DriverFactory - url launched: https://www.olay.co.uk/en-gb
[INFO ] 2020-05-18 11:23:36.009 [main] DriverFactory - clicked on signin link
[INFO ] 2020-05-18 11:23:37.242 [main] DriverFactory - entered username
[INFO ] 2020-05-18 11:23:37.425 [main] DriverFactory - entered password
[INFO ] 2020-05-18 11:23:37.574 [main] DriverFactory - clicked on signin button
[INFO ] 2020-05-18 11:23:40.809 [main] DriverFactory - Landed on profile page
[INFO ] 2020-05-18 11:23:40.996 [main] DriverFactory - User lands on the correct account
[INFO ] 2020-05-18 11:23:41.682 [main] DriverFactory - Closing browser
[INFO ] 2020-05-18 11:23:44.822 [main] DriverFactory - Driver is initialized
[INFO ] 2020-05-18 11:23:44.822 [main] DriverFactory - Launching Chrome browser
[INFO ] 2020-05-18 11:23:46.955 [main] DriverFactory - url launched: https://www.olay.es/es-es
[INFO ] 2020-05-18 11:23:48.907 [main] DriverFactory - clicked on signin link
[INFO ] 2020-05-18 11:23:50.170 [main] DriverFactory - entered username
[INFO ] 2020-05-18 11:23:50.338 [main] DriverFactory - entered password
[INFO ] 2020-05-18 11:23:50.527 [main] DriverFactory - clicked on signin button
[INFO ] 2020-05-18 11:23:55.292 [main] DriverFactory - Landed on profile page
[INFO ] 2020-05-18 11:23:55.453 [main] DriverFactory - User lands on the correct account
[INFO ] 2020-05-18 11:23:56.125 [main] DriverFactory - Closing browser
[INFO ] 2020-05-18 11:23:59.292 [main] DriverFactory - Driver is initialized
[INFO ] 2020-05-18 11:23:59.293 [main] DriverFactory - Launching Chrome browser
[INFO ] 2020-05-18 11:24:01.446 [main] DriverFactory - url launched: https://www.olay.co.uk/en-gb
[INFO ] 2020-05-18 11:24:03.690 [main] DriverFactory - clicked on registration link
[INFO ] 2020-05-18 11:24:05.377 [main] DriverFactory - email entered
[INFO ] 2020-05-18 11:24:05.750 [main] DriverFactory - password entered
[INFO ] 2020-05-18 11:24:05.928 [main] DriverFactory - Verifying whether user is able to register without entering the DOB to validate mandatory field check
[INFO ] 2020-05-18 11:24:06.433 [main] DriverFactory - User is not able to register without entering mandatory field
[INFO ] 2020-05-18 11:24:06.433 [main] DriverFactory - DOB entered
[INFO ] 2020-05-18 11:24:06.582 [main] DriverFactory - clicked on Register profile and navigating to second page for UK
[INFO ] 2020-05-18 11:24:10.413 [main] DriverFactory - entered firstname and lastname
[INFO ] 2020-05-18 11:24:10.852 [main] DriverFactory - entered address, city and pincode
[INFO ] 2020-05-18 11:24:11.041 [main] DriverFactory - clicked submit button of registration page
[INFO ] 2020-05-18 11:24:13.850 [main] DriverFactory - Sucessfully registered message is displayed in the page
[INFO ] 2020-05-18 11:24:24.535 [main] DriverFactory - Closing browser
[INFO ] 2020-05-18 11:24:27.682 [main] DriverFactory - Driver is initialized
[INFO ] 2020-05-18 11:24:27.683 [main] DriverFactory - Launching Chrome browser
[INFO ] 2020-05-18 11:24:29.812 [main] DriverFactory - Fetching the details from excel file
[INFO ] 2020-05-18 11:24:29.816 [main] DriverFactory - url launched: https://www.olaz.de/de-de
[INFO ] 2020-05-18 11:24:31.937 [main] DriverFactory - clicked on registration link
[INFO ] 2020-05-18 11:24:42.188 [main] DriverFactory - selected gender
[INFO ] 2020-05-18 11:24:42.452 [main] DriverFactory - email entered
[INFO ] 2020-05-18 11:24:42.797 [main] DriverFactory - password entered
[INFO ] 2020-05-18 11:24:42.958 [main] DriverFactory - Verifying whether user is able to register without entering the DOB to validate mandatory field check
[INFO ] 2020-05-18 11:24:43.415 [main] DriverFactory - User is not able to register without entering mandatory field
[INFO ] 2020-05-18 11:24:43.415 [main] DriverFactory - DOB entered
[INFO ] 2020-05-18 11:24:44.213 [main] DriverFactory - entered firstname and lastname
[INFO ] 2020-05-18 11:24:44.716 [main] DriverFactory - entered address, city and pincode
[INFO ] 2020-05-18 11:24:44.884 [main] DriverFactory - clicked submit button of registration page
[INFO ] 2020-05-18 11:25:46.632 [main] DriverFactory - Closing browser
[INFO ] 2020-05-18 11:25:49.770 [main] DriverFactory - Driver is initialized
[INFO ] 2020-05-18 11:25:49.770 [main] DriverFactory - Launching Chrome browser
[INFO ] 2020-05-18 11:25:51.902 [main] DriverFactory - Fetching the details from json file
[INFO ] 2020-05-18 11:25:51.906 [main] DriverFactory - url launched: https://www.olay.es/es-es
[INFO ] 2020-05-18 11:25:54.220 [main] DriverFactory - clicked on registration link
[INFO ] 2020-05-18 11:25:55.519 [main] DriverFactory - selected gender
[INFO ] 2020-05-18 11:25:55.873 [main] DriverFactory - email entered
[INFO ] 2020-05-18 11:25:56.220 [main] DriverFactory - password entered
[INFO ] 2020-05-18 11:25:56.364 [main] DriverFactory - Verifying whether user is able to register without entering the DOB to validate mandatory field check
[INFO ] 2020-05-18 11:25:56.852 [main] DriverFactory - User is not able to register without entering mandatory field
[INFO ] 2020-05-18 11:25:56.853 [main] DriverFactory - DOB entered
[INFO ] 2020-05-18 11:25:57.234 [main] DriverFactory - entered firstname and lastname
[INFO ] 2020-05-18 11:25:57.389 [main] DriverFactory - clicked submit button of registration page
[INFO ] 2020-05-18 11:25:59.554 [main] DriverFactory - Sucessfully registered message is displayed in the page
[INFO ] 2020-05-18 11:26:10.234 [main] DriverFactory - Closing browser
[INFO ] 2020-05-18 11:26:13.368 [main] DriverFactory - Driver is initialized
[INFO ] 2020-05-18 11:26:13.369 [main] DriverFactory - Launching Chrome browser
[INFO ] 2020-05-18 11:26:15.510 [main] DriverFactory - url launched: https://www.olay.co.uk/en-gb
[INFO ] 2020-05-18 11:26:17.797 [main] DriverFactory - clicked on registration link
[INFO ] 2020-05-18 11:26:19.272 [main] DriverFactory - email entered
[INFO ] 2020-05-18 11:26:19.728 [main] DriverFactory - password entered
[INFO ] 2020-05-18 11:26:19.886 [main] DriverFactory - Verifying whether user is able to register without entering the DOB to validate mandatory field check
[INFO ] 2020-05-18 11:26:20.433 [main] DriverFactory - User is not able to register without entering mandatory field
[INFO ] 2020-05-18 11:26:20.433 [main] DriverFactory - DOB entered
[INFO ] 2020-05-18 11:26:22.435 [main] DriverFactory - User already registered message is displayed in the page
[INFO ] 2020-05-18 11:26:22.665 [main] DriverFactory - clicked submit button of registration page
[INFO ] 2020-05-18 11:26:22.726 [main] DriverFactory - User already registered message is displayed in the page
[INFO ] 2020-05-18 11:26:33.426 [main] DriverFactory - Closing browser
[INFO ] 2020-05-18 12:12:52.723 [main] DriverFactory - Driver is initialized
[INFO ] 2020-05-18 12:12:52.728 [main] DriverFactory - Launching Chrome browser
[INFO ] 2020-05-18 12:12:58.111 [main] DriverFactory - clicked on signin link
[INFO ] 2020-05-18 12:12:59.693 [main] DriverFactory - Need help in remembering password link clicked
[INFO ] 2020-05-18 12:13:00.799 [main] DriverFactory - entered username
[INFO ] 2020-05-18 12:13:00.952 [main] DriverFactory - Clicked on next button
[INFO ] 2020-05-18 12:13:02.480 [main] DriverFactory - Error message -> Email not registered
[INFO ] 2020-05-18 12:14:04.375 [main] DriverFactory - Closing browser
[INFO ] 2020-05-18 12:14:07.533 [main] DriverFactory - Driver is initialized
[INFO ] 2020-05-18 12:14:07.533 [main] DriverFactory - Launching Chrome browser
[INFO ] 2020-05-18 12:14:12.286 [main] DriverFactory - clicked on signin link
[INFO ] 2020-05-18 12:14:13.737 [main] DriverFactory - entered username
[INFO ] 2020-05-18 12:14:13.840 [main] DriverFactory - entered password
[INFO ] 2020-05-18 12:14:13.959 [main] DriverFactory - clicked on signin button
[INFO ] 2020-05-18 12:14:14.024 [main] DriverFactory - Error message displayed
[INFO ] 2020-05-18 12:14:14.408 [main] DriverFactory - entered username
[INFO ] 2020-05-18 12:14:14.557 [main] DriverFactory - entered password
[INFO ] 2020-05-18 12:14:14.677 [main] DriverFactory - clicked on signin button
[INFO ] 2020-05-18 12:14:16.391 [main] DriverFactory - Error message displayed
[INFO ] 2020-05-18 12:14:16.964 [main] DriverFactory - entered username
[INFO ] 2020-05-18 12:14:17.083 [main] DriverFactory - entered password
[INFO ] 2020-05-18 12:14:17.247 [main] DriverFactory - clicked on signin button
[INFO ] 2020-05-18 12:14:17.334 [main] DriverFactory - Error message displayed
[INFO ] 2020-05-18 12:14:17.760 [main] DriverFactory - entered username
[INFO ] 2020-05-18 12:14:17.932 [main] DriverFactory - entered password
[INFO ] 2020-05-18 12:14:18.073 [main] DriverFactory - clicked on signin button
[INFO ] 2020-05-18 12:14:19.556 [main] DriverFactory - Error message displayed
[INFO ] 2020-05-18 12:14:22.534 [main] DriverFactory - clicked on signin link
[INFO ] 2020-05-18 12:14:23.707 [main] DriverFactory - entered username
[INFO ] 2020-05-18 12:14:23.804 [main] DriverFactory - entered password
[INFO ] 2020-05-18 12:14:23.929 [main] DriverFactory - clicked on signin button
[INFO ] 2020-05-18 12:14:24.001 [main] DriverFactory - Error message displayed
[INFO ] 2020-05-18 12:14:24.335 [main] DriverFactory - entered username
[INFO ] 2020-05-18 12:14:24.448 [main] DriverFactory - entered password
[INFO ] 2020-05-18 12:14:24.590 [main] DriverFactory - clicked on signin button
[INFO ] 2020-05-18 12:14:25.978 [main] DriverFactory - Error message displayed
[INFO ] 2020-05-18 12:14:26.488 [main] DriverFactory - entered username
[INFO ] 2020-05-18 12:14:26.598 [main] DriverFactory - entered password
[INFO ] 2020-05-18 12:14:26.758 [main] DriverFactory - clicked on signin button
[INFO ] 2020-05-18 12:14:26.828 [main] DriverFactory - Error message displayed
[INFO ] 2020-05-18 12:14:27.211 [main] DriverFactory - entered username
[INFO ] 2020-05-18 12:14:27.372 [main] DriverFactory - entered password
[INFO ] 2020-05-18 12:14:27.512 [main] DriverFactory - clicked on signin button
[INFO ] 2020-05-18 12:14:28.738 [main] DriverFactory - Error message displayed
[INFO ] 2020-05-18 12:14:29.725 [main] DriverFactory - Closing browser
[INFO ] 2020-05-18 12:14:32.936 [main] DriverFactory - Driver is initialized
[INFO ] 2020-05-18 12:14:32.936 [main] DriverFactory - Launching Chrome browser
[INFO ] 2020-05-18 12:14:35.092 [main] DriverFactory - url launched: https://www.olay.co.uk/en-gb
[INFO ] 2020-05-18 12:14:37.822 [main] DriverFactory - clicked on signin link
[INFO ] 2020-05-18 12:14:39.147 [main] DriverFactory - entered username
[INFO ] 2020-05-18 12:14:39.310 [main] DriverFactory - entered password
[INFO ] 2020-05-18 12:14:39.479 [main] DriverFactory - clicked on signin button
[INFO ] 2020-05-18 12:14:43.378 [main] DriverFactory - Landed on profile page
[INFO ] 2020-05-18 12:14:43.641 [main] DriverFactory - User lands on the correct account
[INFO ] 2020-05-18 12:14:44.316 [main] DriverFactory - Closing browser
[INFO ] 2020-05-18 12:14:47.497 [main] DriverFactory - Driver is initialized
[INFO ] 2020-05-18 12:14:47.497 [main] DriverFactory - Launching Chrome browser
[INFO ] 2020-05-18 12:14:49.638 [main] DriverFactory - url launched: https://www.olay.es/es-es
[INFO ] 2020-05-18 12:14:51.833 [main] DriverFactory - clicked on signin link
[INFO ] 2020-05-18 12:14:53.139 [main] DriverFactory - entered username
[INFO ] 2020-05-18 12:14:53.354 [main] DriverFactory - entered password
[INFO ] 2020-05-18 12:14:53.527 [main] DriverFactory - clicked on signin button
[INFO ] 2020-05-18 12:14:56.961 [main] DriverFactory - Landed on profile page
[INFO ] 2020-05-18 12:14:57.110 [main] DriverFactory - User lands on the correct account
[INFO ] 2020-05-18 12:14:57.787 [main] DriverFactory - Closing browser
[INFO ] 2020-05-18 12:15:00.993 [main] DriverFactory - Driver is initialized
[INFO ] 2020-05-18 12:15:00.993 [main] DriverFactory - Launching Chrome browser
[INFO ] 2020-05-18 12:15:03.164 [main] DriverFactory - url launched: https://www.olay.co.uk/en-gb
[INFO ] 2020-05-18 12:15:05.817 [main] DriverFactory - clicked on registration link
[INFO ] 2020-05-18 12:15:07.256 [main] DriverFactory - email entered
[INFO ] 2020-05-18 12:15:07.574 [main] DriverFactory - password entered
[INFO ] 2020-05-18 12:15:07.716 [main] DriverFactory - Verifying whether user is able to register without entering the DOB to validate mandatory field check
[INFO ] 2020-05-18 12:15:08.168 [main] DriverFactory - User is not able to register without entering mandatory field
[INFO ] 2020-05-18 12:15:08.169 [main] DriverFactory - DOB entered
[INFO ] 2020-05-18 12:15:08.303 [main] DriverFactory - clicked on Register profile and navigating to second page for UK
[INFO ] 2020-05-18 12:15:11.969 [main] DriverFactory - entered firstname and lastname
[INFO ] 2020-05-18 12:15:12.403 [main] DriverFactory - entered address, city and pincode
[INFO ] 2020-05-18 12:15:12.602 [main] DriverFactory - clicked submit button of registration page
[INFO ] 2020-05-18 12:15:14.799 [main] DriverFactory - Sucessfully registered message is displayed in the page
[INFO ] 2020-05-18 12:15:25.492 [main] DriverFactory - Closing browser
[INFO ] 2020-05-18 12:15:28.643 [main] DriverFactory - Driver is initialized
[INFO ] 2020-05-18 12:15:28.644 [main] DriverFactory - Launching Chrome browser
[INFO ] 2020-05-18 12:15:30.784 [main] DriverFactory - Fetching the details from excel file
[INFO ] 2020-05-18 12:15:30.793 [main] DriverFactory - url launched: https://www.olaz.de/de-de
[INFO ] 2020-05-18 12:15:32.889 [main] DriverFactory - clicked on registration link
[INFO ] 2020-05-18 12:15:34.182 [main] DriverFactory - selected gender
[INFO ] 2020-05-18 12:15:34.464 [main] DriverFactory - email entered
[INFO ] 2020-05-18 12:15:34.869 [main] DriverFactory - password entered
[INFO ] 2020-05-18 12:15:35.017 [main] DriverFactory - Verifying whether user is able to register without entering the DOB to validate mandatory field check
[INFO ] 2020-05-18 12:15:35.456 [main] DriverFactory - User is not able to register without entering mandatory field
[INFO ] 2020-05-18 12:15:35.456 [main] DriverFactory - DOB entered
[INFO ] 2020-05-18 12:15:36.082 [main] DriverFactory - entered firstname and lastname
[INFO ] 2020-05-18 12:15:36.508 [main] DriverFactory - entered address, city and pincode
[INFO ] 2020-05-18 12:15:36.659 [main] DriverFactory - clicked submit button of registration page
[INFO ] 2020-05-18 12:16:38.415 [main] DriverFactory - Closing browser
[INFO ] 2020-05-18 12:16:41.566 [main] DriverFactory - Driver is initialized
[INFO ] 2020-05-18 12:16:41.566 [main] DriverFactory - Launching Chrome browser
[INFO ] 2020-05-18 12:16:43.718 [main] DriverFactory - Fetching the details from json file
[INFO ] 2020-05-18 12:16:43.724 [main] DriverFactory - url launched: https://www.olay.es/es-es
[INFO ] 2020-05-18 12:16:46.457 [main] DriverFactory - clicked on registration link
[INFO ] 2020-05-18 12:16:47.630 [main] DriverFactory - selected gender
[INFO ] 2020-05-18 12:16:47.968 [main] DriverFactory - email entered
[INFO ] 2020-05-18 12:16:48.368 [main] DriverFactory - password entered
[INFO ] 2020-05-18 12:16:48.540 [main] DriverFactory - Verifying whether user is able to register without entering the DOB to validate mandatory field check
[INFO ] 2020-05-18 12:16:49.007 [main] DriverFactory - User is not able to register without entering mandatory field
[INFO ] 2020-05-18 12:16:49.007 [main] DriverFactory - DOB entered
[INFO ] 2020-05-18 12:16:49.379 [main] DriverFactory - entered firstname and lastname
[INFO ] 2020-05-18 12:16:49.525 [main] DriverFactory - clicked submit button of registration page
[INFO ] 2020-05-18 12:16:52.977 [main] DriverFactory - Sucessfully registered message is displayed in the page
[INFO ] 2020-05-18 12:17:03.665 [main] DriverFactory - Closing browser
[INFO ] 2020-05-18 12:17:06.809 [main] DriverFactory - Driver is initialized
[INFO ] 2020-05-18 12:17:06.809 [main] DriverFactory - Launching Chrome browser
[INFO ] 2020-05-18 12:17:08.965 [main] DriverFactory - url launched: https://www.olay.co.uk/en-gb
[INFO ] 2020-05-18 12:17:11.325 [main] DriverFactory - clicked on registration link
[INFO ] 2020-05-18 12:17:13.092 [main] DriverFactory - email entered
[INFO ] 2020-05-18 12:17:13.473 [main] DriverFactory - password entered
[INFO ] 2020-05-18 12:17:13.637 [main] DriverFactory - Verifying whether user is able to register without entering the DOB to validate mandatory field check
[INFO ] 2020-05-18 12:17:14.106 [main] DriverFactory - User is not able to register without entering mandatory field
[INFO ] 2020-05-18 12:17:14.107 [main] DriverFactory - DOB entered
[INFO ] 2020-05-18 12:17:16.803 [main] DriverFactory - User already registered message is displayed in the page
[INFO ] 2020-05-18 12:17:17.083 [main] DriverFactory - clicked submit button of registration page
[INFO ] 2020-05-18 12:17:17.137 [main] DriverFactory - User already registered message is displayed in the page
[INFO ] 2020-05-18 12:17:27.864 [main] DriverFactory - Closing browser
[INFO ] 2020-05-18 12:18:52.541 [main] DriverFactory - Driver is initialized
[INFO ] 2020-05-18 12:18:52.546 [main] DriverFactory - Launching Chrome browser
[INFO ] 2020-05-18 12:18:57.544 [main] DriverFactory - clicked on signin link
[INFO ] 2020-05-18 12:18:58.639 [main] DriverFactory - Need help in remembering password link clicked
[INFO ] 2020-05-18 12:18:59.876 [main] DriverFactory - entered username
[INFO ] 2020-05-18 12:19:00.132 [main] DriverFactory - Clicked on next button
[INFO ] 2020-05-18 12:19:01.425 [main] DriverFactory - Error message -> Email not registered
[INFO ] 2020-05-18 12:19:01.815 [main] DriverFactory - entered username
[INFO ] 2020-05-18 12:19:02.020 [main] DriverFactory - Clicked on next button
[INFO ] 2020-05-18 12:19:41.386 [main] DriverFactory - Driver is initialized
[INFO ] 2020-05-18 12:19:41.393 [main] DriverFactory - Launching Chrome browser
[INFO ] 2020-05-18 12:19:46.509 [main] DriverFactory - clicked on signin link
[INFO ] 2020-05-18 12:19:47.669 [main] DriverFactory - Need help in remembering password link clicked
[INFO ] 2020-05-18 12:19:48.896 [main] DriverFactory - entered username
[INFO ] 2020-05-18 12:19:49.071 [main] DriverFactory - Clicked on next button
[INFO ] 2020-05-18 12:19:50.642 [main] DriverFactory - Error message -> Email not registered
[INFO ] 2020-05-18 12:19:51.049 [main] DriverFactory - entered username
[INFO ] 2020-05-18 12:19:51.230 [main] DriverFactory - Clicked on next button
[INFO ] 2020-05-18 12:19:53.708 [main] DriverFactory - Confirmation message displayed -> Password sent to mail id
[INFO ] 2020-05-18 12:19:56.244 [main] DriverFactory - clicked on signin link
[INFO ] 2020-05-18 12:20:07.699 [main] DriverFactory - Need help in remembering password link clicked
[INFO ] 2020-05-18 12:20:08.745 [main] DriverFactory - entered username
[INFO ] 2020-05-18 12:20:08.887 [main] DriverFactory - Clicked on next button
[INFO ] 2020-05-18 12:20:10.312 [main] DriverFactory - Error message -> Email not registered
[INFO ] 2020-05-18 12:20:10.735 [main] DriverFactory - entered username
[INFO ] 2020-05-18 12:20:10.922 [main] DriverFactory - Clicked on next button
[INFO ] 2020-05-18 12:20:13.152 [main] DriverFactory - Confirmation message displayed -> Password sent to mail id
[INFO ] 2020-05-18 12:20:13.857 [main] DriverFactory - Closing browser
[INFO ] 2020-05-18 12:20:17.004 [main] DriverFactory - Driver is initialized
[INFO ] 2020-05-18 12:20:17.004 [main] DriverFactory - Launching Chrome browser
[INFO ] 2020-05-18 12:20:21.573 [main] DriverFactory - clicked on signin link
[INFO ] 2020-05-18 12:20:22.766 [main] DriverFactory - entered username
[INFO ] 2020-05-18 12:20:22.886 [main] DriverFactory - entered password
[INFO ] 2020-05-18 12:20:23.039 [main] DriverFactory - clicked on signin button
[INFO ] 2020-05-18 12:20:23.108 [main] DriverFactory - Error message displayed
[INFO ] 2020-05-18 12:20:23.567 [main] DriverFactory - entered username
[INFO ] 2020-05-18 12:20:23.722 [main] DriverFactory - entered password
[INFO ] 2020-05-18 12:20:23.851 [main] DriverFactory - clicked on signin button
[INFO ] 2020-05-18 12:20:25.446 [main] DriverFactory - Error message displayed
[INFO ] 2020-05-18 12:20:26.019 [main] DriverFactory - entered username
[INFO ] 2020-05-18 12:20:26.133 [main] DriverFactory - entered password
[INFO ] 2020-05-18 12:20:26.273 [main] DriverFactory - clicked on signin button
[INFO ] 2020-05-18 12:20:26.332 [main] DriverFactory - Error message displayed
[INFO ] 2020-05-18 12:20:26.746 [main] DriverFactory - entered username
[INFO ] 2020-05-18 12:20:26.935 [main] DriverFactory - entered password
[INFO ] 2020-05-18 12:20:27.069 [main] DriverFactory - clicked on signin button
[INFO ] 2020-05-18 12:20:28.298 [main] DriverFactory - Error message displayed
[INFO ] 2020-05-18 12:20:31.095 [main] DriverFactory - clicked on signin link
[INFO ] 2020-05-18 12:20:32.268 [main] DriverFactory - entered username
[INFO ] 2020-05-18 12:20:32.384 [main] DriverFactory - entered password
[INFO ] 2020-05-18 12:20:32.539 [main] DriverFactory - clicked on signin button
[INFO ] 2020-05-18 12:20:32.602 [main] DriverFactory - Error message displayed
[INFO ] 2020-05-18 12:20:33.030 [main] DriverFactory - entered username
[INFO ] 2020-05-18 12:20:33.182 [main] DriverFactory - entered password
[INFO ] 2020-05-18 12:20:33.329 [main] DriverFactory - clicked on signin button
[INFO ] 2020-05-18 12:20:36.680 [main] DriverFactory - Error message displayed
[INFO ] 2020-05-18 12:20:37.274 [main] DriverFactory - entered username
[INFO ] 2020-05-18 12:20:37.523 [main] DriverFactory - entered password
[INFO ] 2020-05-18 12:20:37.665 [main] DriverFactory - clicked on signin button
[INFO ] 2020-05-18 12:20:37.733 [main] DriverFactory - Error message displayed
[INFO ] 2020-05-18 12:20:38.129 [main] DriverFactory - entered username
[INFO ] 2020-05-18 12:20:38.272 [main] DriverFactory - entered password
[INFO ] 2020-05-18 12:20:38.433 [main] DriverFactory - clicked on signin button
[INFO ] 2020-05-18 12:20:40.169 [main] DriverFactory - Error message displayed
[INFO ] 2020-05-18 12:20:41.128 [main] DriverFactory - Closing browser
[INFO ] 2020-05-18 12:20:44.284 [main] DriverFactory - Driver is initialized
[INFO ] 2020-05-18 12:20:44.284 [main] DriverFactory - Launching Chrome browser
[INFO ] 2020-05-18 12:20:46.423 [main] DriverFactory - url launched: https://www.olay.co.uk/en-gb
[INFO ] 2020-05-18 12:20:48.830 [main] DriverFactory - clicked on signin link
[INFO ] 2020-05-18 12:20:50.187 [main] DriverFactory - entered username
[INFO ] 2020-05-18 12:20:50.392 [main] DriverFactory - entered password
[INFO ] 2020-05-18 12:20:50.562 [main] DriverFactory - clicked on signin button
[INFO ] 2020-05-18 12:20:54.013 [main] DriverFactory - Landed on profile page
[INFO ] 2020-05-18 12:20:54.195 [main] DriverFactory - User lands on the correct account
[INFO ] 2020-05-18 12:20:54.902 [main] DriverFactory - Closing browser
[INFO ] 2020-05-18 12:20:58.038 [main] DriverFactory - Driver is initialized
[INFO ] 2020-05-18 12:20:58.038 [main] DriverFactory - Launching Chrome browser
[INFO ] 2020-05-18 12:21:00.192 [main] DriverFactory - url launched: https://www.olay.es/es-es
[INFO ] 2020-05-18 12:21:02.649 [main] DriverFactory - clicked on signin link
[INFO ] 2020-05-18 12:21:03.864 [main] DriverFactory - entered username
[INFO ] 2020-05-18 12:21:04.078 [main] DriverFactory - entered password
[INFO ] 2020-05-18 12:21:04.232 [main] DriverFactory - clicked on signin button
[INFO ] 2020-05-18 12:21:07.727 [main] DriverFactory - Landed on profile page
[INFO ] 2020-05-18 12:21:07.925 [main] DriverFactory - User lands on the correct account
[INFO ] 2020-05-18 12:21:08.616 [main] DriverFactory - Closing browser
[INFO ] 2020-05-18 12:21:11.873 [main] DriverFactory - Driver is initialized
[INFO ] 2020-05-18 12:21:11.874 [main] DriverFactory - Launching Chrome browser
[INFO ] 2020-05-18 12:21:14.027 [main] DriverFactory - url launched: https://www.olay.co.uk/en-gb
[INFO ] 2020-05-18 12:21:16.428 [main] DriverFactory - clicked on registration link
[INFO ] 2020-05-18 12:21:17.970 [main] DriverFactory - email entered
[INFO ] 2020-05-18 12:21:18.338 [main] DriverFactory - password entered
[INFO ] 2020-05-18 12:21:18.498 [main] DriverFactory - Verifying whether user is able to register without entering the DOB to validate mandatory field check
[INFO ] 2020-05-18 12:21:19.013 [main] DriverFactory - User is not able to register without entering mandatory field
[INFO ] 2020-05-18 12:21:19.013 [main] DriverFactory - DOB entered
[INFO ] 2020-05-18 12:21:19.153 [main] DriverFactory - clicked on Register profile and navigating to second page for UK
[INFO ] 2020-05-18 12:21:22.927 [main] DriverFactory - entered firstname and lastname
[INFO ] 2020-05-18 12:21:23.367 [main] DriverFactory - entered address, city and pincode
[INFO ] 2020-05-18 12:21:23.574 [main] DriverFactory - clicked submit button of registration page
[INFO ] 2020-05-18 12:21:26.879 [main] DriverFactory - Sucessfully registered message is displayed in the page
[INFO ] 2020-05-18 12:21:37.584 [main] DriverFactory - Closing browser
[INFO ] 2020-05-18 12:21:40.739 [main] DriverFactory - Driver is initialized
[INFO ] 2020-05-18 12:21:40.739 [main] DriverFactory - Launching Chrome browser
[INFO ] 2020-05-18 12:21:42.867 [main] DriverFactory - Fetching the details from excel file
[INFO ] 2020-05-18 12:21:42.871 [main] DriverFactory - url launched: https://www.olaz.de/de-de
[INFO ] 2020-05-18 12:21:45.238 [main] DriverFactory - clicked on registration link
[INFO ] 2020-05-18 12:21:46.991 [main] DriverFactory - selected gender
[INFO ] 2020-05-18 12:21:47.333 [main] DriverFactory - email entered
[INFO ] 2020-05-18 12:21:47.814 [main] DriverFactory - password entered
[INFO ] 2020-05-18 12:21:48.000 [main] DriverFactory - Verifying whether user is able to register without entering the DOB to validate mandatory field check
[INFO ] 2020-05-18 12:21:48.507 [main] DriverFactory - User is not able to register without entering mandatory field
[INFO ] 2020-05-18 12:21:48.507 [main] DriverFactory - DOB entered
[INFO ] 2020-05-18 12:21:49.290 [main] DriverFactory - entered firstname and lastname
[INFO ] 2020-05-18 12:21:49.832 [main] DriverFactory - entered address, city and pincode
[INFO ] 2020-05-18 12:21:49.995 [main] DriverFactory - clicked submit button of registration page
[INFO ] 2020-05-18 12:22:51.852 [main] DriverFactory - Closing browser
[INFO ] 2020-05-18 12:22:54.998 [main] DriverFactory - Driver is initialized
[INFO ] 2020-05-18 12:22:54.998 [main] DriverFactory - Launching Chrome browser
[INFO ] 2020-05-18 12:22:57.130 [main] DriverFactory - Fetching the details from json file
[INFO ] 2020-05-18 12:22:57.134 [main] DriverFactory - url launched: https://www.olay.es/es-es
[INFO ] 2020-05-18 12:22:59.710 [main] DriverFactory - clicked on registration link
[INFO ] 2020-05-18 12:23:00.888 [main] DriverFactory - selected gender
[INFO ] 2020-05-18 12:23:01.269 [main] DriverFactory - email entered
[INFO ] 2020-05-18 12:23:01.661 [main] DriverFactory - password entered
[INFO ] 2020-05-18 12:23:01.797 [main] DriverFactory - Verifying whether user is able to register without entering the DOB to validate mandatory field check
[INFO ] 2020-05-18 12:23:02.274 [main] DriverFactory - User is not able to register without entering mandatory field
[INFO ] 2020-05-18 12:23:02.275 [main] DriverFactory - DOB entered
[INFO ] 2020-05-18 12:23:02.682 [main] DriverFactory - entered firstname and lastname
[INFO ] 2020-05-18 12:23:02.829 [main] DriverFactory - clicked submit button of registration page
[INFO ] 2020-05-18 12:23:05.113 [main] DriverFactory - Sucessfully registered message is displayed in the page
[INFO ] 2020-05-18 12:23:15.822 [main] DriverFactory - Closing browser
[INFO ] 2020-05-18 12:23:19.006 [main] DriverFactory - Driver is initialized
[INFO ] 2020-05-18 12:23:19.006 [main] DriverFactory - Launching Chrome browser
[INFO ] 2020-05-18 12:23:21.141 [main] DriverFactory - url launched: https://www.olay.co.uk/en-gb
[INFO ] 2020-05-18 12:23:23.458 [main] DriverFactory - clicked on registration link
[INFO ] 2020-05-18 12:23:24.849 [main] DriverFactory - email entered
[INFO ] 2020-05-18 12:23:25.200 [main] DriverFactory - password entered
[INFO ] 2020-05-18 12:23:25.369 [main] DriverFactory - Verifying whether user is able to register without entering the DOB to validate mandatory field check
[INFO ] 2020-05-18 12:23:25.878 [main] DriverFactory - User is not able to register without entering mandatory field
[INFO ] 2020-05-18 12:23:25.878 [main] DriverFactory - DOB entered
[INFO ] 2020-05-18 12:23:27.927 [main] DriverFactory - User already registered message is displayed in the page
[INFO ] 2020-05-18 12:23:28.208 [main] DriverFactory - clicked submit button of registration page
[INFO ] 2020-05-18 12:23:28.284 [main] DriverFactory - User already registered message is displayed in the page
[INFO ] 2020-05-18 12:23:38.997 [main] DriverFactory - Closing browser
